[1.737s] DEBUG:colcon:Command line arguments: ['/usr/bin/colcon', 'build', '--packages-select', 'costmap_converter', 'costmap_converter_msgs', 'teb_msgs', 'teb_local_planner']
[1.738s] DEBUG:colcon:Parsed command line arguments: Namespace(log_base=None, log_level=None, verb_name='build', build_base='build', install_base='install', merge_install=False, symlink_install=False, test_result_base=None, continue_on_error=False, executor='parallel', parallel_workers=4, event_handlers=None, ignore_user_meta=False, metas=['./colcon.meta'], base_paths=['.'], packages_ignore=None, packages_ignore_regex=None, paths=None, packages_up_to=None, packages_up_to_regex=None, packages_above=None, packages_above_and_dependencies=None, packages_above_depth=None, packages_select_by_dep=None, packages_skip_by_dep=None, packages_skip_up_to=None, packages_select_build_failed=False, packages_skip_build_finished=False, packages_select_test_failures=False, packages_skip_test_passed=False, packages_select=['costmap_converter', 'costmap_converter_msgs', 'teb_msgs', 'teb_local_planner'], packages_skip=None, packages_select_regex=None, packages_skip_regex=None, packages_start=None, packages_end=None, allow_overriding=[], cmake_args=None, cmake_target=None, cmake_target_skip_unavailable=False, cmake_clean_cache=False, cmake_clean_first=False, cmake_force_configure=False, ament_cmake_args=None, catkin_cmake_args=None, catkin_skip_building_tests=False, verb_parser=<colcon_defaults.argument_parser.defaults.DefaultArgumentsDecorator object at 0xffff971951b0>, verb_extension=<colcon_core.verb.build.BuildVerb object at 0xffff97970b80>, main=<bound method BuildVerb.main of <colcon_core.verb.build.BuildVerb object at 0xffff97970b80>>)
[1.883s] Level 1:colcon.colcon_core.package_discovery:discover_packages(colcon_meta) check parameters
[1.883s] Level 1:colcon.colcon_core.package_discovery:discover_packages(recursive) check parameters
[1.884s] Level 1:colcon.colcon_core.package_discovery:discover_packages(ignore) check parameters
[1.884s] Level 1:colcon.colcon_core.package_discovery:discover_packages(path) check parameters
[1.884s] Level 1:colcon.colcon_core.package_discovery:discover_packages(colcon_meta) discover
[1.884s] Level 1:colcon.colcon_core.package_discovery:discover_packages(recursive) discover
[1.885s] INFO:colcon.colcon_core.package_discovery:Crawling recursively for packages in '/home/pi/amr_ws/src'
[1.885s] Level 1:colcon.colcon_core.package_identification:_identify(.) by extensions ['ignore', 'ignore_ament_install']
[1.886s] Level 1:colcon.colcon_core.package_identification:_identify(.) by extension 'ignore'
[1.886s] Level 1:colcon.colcon_core.package_identification:_identify(.) by extension 'ignore_ament_install'
[1.887s] Level 1:colcon.colcon_core.package_identification:_identify(.) by extensions ['colcon_pkg']
[1.887s] Level 1:colcon.colcon_core.package_identification:_identify(.) by extension 'colcon_pkg'
[1.888s] Level 1:colcon.colcon_core.package_identification:_identify(.) by extensions ['colcon_meta']
[1.888s] Level 1:colcon.colcon_core.package_identification:_identify(.) by extension 'colcon_meta'
[1.888s] Level 1:colcon.colcon_core.package_identification:_identify(.) by extensions ['ros']
[1.889s] Level 1:colcon.colcon_core.package_identification:_identify(.) by extension 'ros'
[1.987s] Level 1:colcon.colcon_core.package_identification:_identify(.) by extensions ['cmake', 'python']
[1.987s] Level 1:colcon.colcon_core.package_identification:_identify(.) by extension 'cmake'
[1.988s] Level 1:colcon.colcon_core.package_identification:_identify(.) by extension 'python'
[1.988s] Level 1:colcon.colcon_core.package_identification:_identify(.) by extensions ['python_setup_py']
[1.988s] Level 1:colcon.colcon_core.package_identification:_identify(.) by extension 'python_setup_py'
[1.989s] Level 1:colcon.colcon_core.package_identification:_identify(amr_control) by extensions ['ignore', 'ignore_ament_install']
[1.990s] Level 1:colcon.colcon_core.package_identification:_identify(amr_control) by extension 'ignore'
[1.990s] Level 1:colcon.colcon_core.package_identification:_identify(amr_control) by extension 'ignore_ament_install'
[1.991s] Level 1:colcon.colcon_core.package_identification:_identify(amr_control) by extensions ['colcon_pkg']
[1.991s] Level 1:colcon.colcon_core.package_identification:_identify(amr_control) by extension 'colcon_pkg'
[1.991s] Level 1:colcon.colcon_core.package_identification:_identify(amr_control) by extensions ['colcon_meta']
[1.992s] Level 1:colcon.colcon_core.package_identification:_identify(amr_control) by extension 'colcon_meta'
[1.992s] Level 1:colcon.colcon_core.package_identification:_identify(amr_control) by extensions ['ros']
[1.992s] Level 1:colcon.colcon_core.package_identification:_identify(amr_control) by extension 'ros'
[2.004s] DEBUG:colcon.colcon_core.package_identification:Package 'amr_control' with type 'ros.ament_python' and name 'amr_control'
[2.005s] Level 1:colcon.colcon_core.package_identification:_identify(amr_interface) by extensions ['ignore', 'ignore_ament_install']
[2.005s] Level 1:colcon.colcon_core.package_identification:_identify(amr_interface) by extension 'ignore'
[2.006s] Level 1:colcon.colcon_core.package_identification:_identify(amr_interface) by extension 'ignore_ament_install'
[2.006s] Level 1:colcon.colcon_core.package_identification:_identify(amr_interface) by extensions ['colcon_pkg']
[2.006s] Level 1:colcon.colcon_core.package_identification:_identify(amr_interface) by extension 'colcon_pkg'
[2.007s] Level 1:colcon.colcon_core.package_identification:_identify(amr_interface) by extensions ['colcon_meta']
[2.007s] Level 1:colcon.colcon_core.package_identification:_identify(amr_interface) by extension 'colcon_meta'
[2.007s] Level 1:colcon.colcon_core.package_identification:_identify(amr_interface) by extensions ['ros']
[2.007s] Level 1:colcon.colcon_core.package_identification:_identify(amr_interface) by extension 'ros'
[2.010s] DEBUG:colcon.colcon_core.package_identification:Package 'amr_interface' with type 'ros.ament_cmake' and name 'amr_interface'
[2.011s] Level 1:colcon.colcon_core.package_identification:_identify(build) by extensions ['ignore', 'ignore_ament_install']
[2.011s] Level 1:colcon.colcon_core.package_identification:_identify(build) by extension 'ignore'
[2.012s] Level 1:colcon.colcon_core.package_identification:_identify(build) ignored
[2.013s] Level 1:colcon.colcon_core.package_identification:_identify(costmap_converter) by extensions ['ignore', 'ignore_ament_install']
[2.013s] Level 1:colcon.colcon_core.package_identification:_identify(costmap_converter) by extension 'ignore'
[2.014s] Level 1:colcon.colcon_core.package_identification:_identify(costmap_converter) by extension 'ignore_ament_install'
[2.014s] Level 1:colcon.colcon_core.package_identification:_identify(costmap_converter) by extensions ['colcon_pkg']
[2.014s] Level 1:colcon.colcon_core.package_identification:_identify(costmap_converter) by extension 'colcon_pkg'
[2.015s] Level 1:colcon.colcon_core.package_identification:_identify(costmap_converter) by extensions ['colcon_meta']
[2.015s] Level 1:colcon.colcon_core.package_identification:_identify(costmap_converter) by extension 'colcon_meta'
[2.015s] Level 1:colcon.colcon_core.package_identification:_identify(costmap_converter) by extensions ['ros']
[2.015s] Level 1:colcon.colcon_core.package_identification:_identify(costmap_converter) by extension 'ros'
[2.016s] Level 1:colcon.colcon_core.package_identification:_identify(costmap_converter) by extensions ['cmake', 'python']
[2.016s] Level 1:colcon.colcon_core.package_identification:_identify(costmap_converter) by extension 'cmake'
[2.017s] Level 1:colcon.colcon_core.package_identification:_identify(costmap_converter) by extension 'python'
[2.017s] Level 1:colcon.colcon_core.package_identification:_identify(costmap_converter) by extensions ['python_setup_py']
[2.017s] Level 1:colcon.colcon_core.package_identification:_identify(costmap_converter) by extension 'python_setup_py'
[2.018s] Level 1:colcon.colcon_core.package_identification:_identify(costmap_converter/costmap_converter) by extensions ['ignore', 'ignore_ament_install']
[2.018s] Level 1:colcon.colcon_core.package_identification:_identify(costmap_converter/costmap_converter) by extension 'ignore'
[2.019s] Level 1:colcon.colcon_core.package_identification:_identify(costmap_converter/costmap_converter) by extension 'ignore_ament_install'
[2.019s] Level 1:colcon.colcon_core.package_identification:_identify(costmap_converter/costmap_converter) by extensions ['colcon_pkg']
[2.020s] Level 1:colcon.colcon_core.package_identification:_identify(costmap_converter/costmap_converter) by extension 'colcon_pkg'
[2.020s] Level 1:colcon.colcon_core.package_identification:_identify(costmap_converter/costmap_converter) by extensions ['colcon_meta']
[2.020s] Level 1:colcon.colcon_core.package_identification:_identify(costmap_converter/costmap_converter) by extension 'colcon_meta'
[2.021s] Level 1:colcon.colcon_core.package_identification:_identify(costmap_converter/costmap_converter) by extensions ['ros']
[2.021s] Level 1:colcon.colcon_core.package_identification:_identify(costmap_converter/costmap_converter) by extension 'ros'
[2.027s] DEBUG:colcon.colcon_core.package_identification:Package 'costmap_converter/costmap_converter' with type 'ros.ament_cmake' and name 'costmap_converter'
[2.027s] Level 1:colcon.colcon_core.package_identification:_identify(costmap_converter/costmap_converter_msgs) by extensions ['ignore', 'ignore_ament_install']
[2.028s] Level 1:colcon.colcon_core.package_identification:_identify(costmap_converter/costmap_converter_msgs) by extension 'ignore'
[2.028s] Level 1:colcon.colcon_core.package_identification:_identify(costmap_converter/costmap_converter_msgs) by extension 'ignore_ament_install'
[2.029s] Level 1:colcon.colcon_core.package_identification:_identify(costmap_converter/costmap_converter_msgs) by extensions ['colcon_pkg']
[2.029s] Level 1:colcon.colcon_core.package_identification:_identify(costmap_converter/costmap_converter_msgs) by extension 'colcon_pkg'
[2.029s] Level 1:colcon.colcon_core.package_identification:_identify(costmap_converter/costmap_converter_msgs) by extensions ['colcon_meta']
[2.029s] Level 1:colcon.colcon_core.package_identification:_identify(costmap_converter/costmap_converter_msgs) by extension 'colcon_meta'
[2.030s] Level 1:colcon.colcon_core.package_identification:_identify(costmap_converter/costmap_converter_msgs) by extensions ['ros']
[2.030s] Level 1:colcon.colcon_core.package_identification:_identify(costmap_converter/costmap_converter_msgs) by extension 'ros'
[2.033s] DEBUG:colcon.colcon_core.package_identification:Package 'costmap_converter/costmap_converter_msgs' with type 'ros.ament_cmake' and name 'costmap_converter_msgs'
[2.033s] Level 1:colcon.colcon_core.package_identification:_identify(install) by extensions ['ignore', 'ignore_ament_install']
[2.034s] Level 1:colcon.colcon_core.package_identification:_identify(install) by extension 'ignore'
[2.034s] Level 1:colcon.colcon_core.package_identification:_identify(install) ignored
[2.035s] Level 1:colcon.colcon_core.package_identification:_identify(ldlidar) by extensions ['ignore', 'ignore_ament_install']
[2.035s] Level 1:colcon.colcon_core.package_identification:_identify(ldlidar) by extension 'ignore'
[2.036s] Level 1:colcon.colcon_core.package_identification:_identify(ldlidar) by extension 'ignore_ament_install'
[2.036s] Level 1:colcon.colcon_core.package_identification:_identify(ldlidar) by extensions ['colcon_pkg']
[2.036s] Level 1:colcon.colcon_core.package_identification:_identify(ldlidar) by extension 'colcon_pkg'
[2.037s] Level 1:colcon.colcon_core.package_identification:_identify(ldlidar) by extensions ['colcon_meta']
[2.037s] Level 1:colcon.colcon_core.package_identification:_identify(ldlidar) by extension 'colcon_meta'
[2.037s] Level 1:colcon.colcon_core.package_identification:_identify(ldlidar) by extensions ['ros']
[2.038s] Level 1:colcon.colcon_core.package_identification:_identify(ldlidar) by extension 'ros'
[2.040s] DEBUG:colcon.colcon_core.package_identification:Package 'ldlidar' with type 'ros.ament_cmake' and name 'ldlidar'
[2.041s] Level 1:colcon.colcon_core.package_identification:_identify(log) by extensions ['ignore', 'ignore_ament_install']
[2.042s] Level 1:colcon.colcon_core.package_identification:_identify(log) by extension 'ignore'
[2.042s] Level 1:colcon.colcon_core.package_identification:_identify(log) ignored
[2.043s] Level 1:colcon.colcon_core.package_identification:_identify(micro_ros_setup) by extensions ['ignore', 'ignore_ament_install']
[2.044s] Level 1:colcon.colcon_core.package_identification:_identify(micro_ros_setup) by extension 'ignore'
[2.044s] Level 1:colcon.colcon_core.package_identification:_identify(micro_ros_setup) by extension 'ignore_ament_install'
[2.045s] Level 1:colcon.colcon_core.package_identification:_identify(micro_ros_setup) by extensions ['colcon_pkg']
[2.045s] Level 1:colcon.colcon_core.package_identification:_identify(micro_ros_setup) by extension 'colcon_pkg'
[2.046s] Level 1:colcon.colcon_core.package_identification:_identify(micro_ros_setup) by extensions ['colcon_meta']
[2.046s] Level 1:colcon.colcon_core.package_identification:_identify(micro_ros_setup) by extension 'colcon_meta'
[2.046s] Level 1:colcon.colcon_core.package_identification:_identify(micro_ros_setup) by extensions ['ros']
[2.046s] Level 1:colcon.colcon_core.package_identification:_identify(micro_ros_setup) by extension 'ros'
[2.050s] DEBUG:colcon.colcon_core.package_identification:Package 'micro_ros_setup' with type 'ros.ament_cmake' and name 'micro_ros_setup'
[2.051s] Level 1:colcon.colcon_core.package_identification:_identify(ros-foxglove-bridge) by extensions ['ignore', 'ignore_ament_install']
[2.052s] Level 1:colcon.colcon_core.package_identification:_identify(ros-foxglove-bridge) by extension 'ignore'
[2.052s] Level 1:colcon.colcon_core.package_identification:_identify(ros-foxglove-bridge) by extension 'ignore_ament_install'
[2.053s] Level 1:colcon.colcon_core.package_identification:_identify(ros-foxglove-bridge) by extensions ['colcon_pkg']
[2.053s] Level 1:colcon.colcon_core.package_identification:_identify(ros-foxglove-bridge) by extension 'colcon_pkg'
[2.054s] Level 1:colcon.colcon_core.package_identification:_identify(ros-foxglove-bridge) by extensions ['colcon_meta']
[2.054s] Level 1:colcon.colcon_core.package_identification:_identify(ros-foxglove-bridge) by extension 'colcon_meta'
[2.054s] Level 1:colcon.colcon_core.package_identification:_identify(ros-foxglove-bridge) by extensions ['ros']
[2.054s] Level 1:colcon.colcon_core.package_identification:_identify(ros-foxglove-bridge) by extension 'ros'
[2.109s] DEBUG:colcon.colcon_core.package_identification:Package 'ros-foxglove-bridge' with type 'ros.ament_cmake' and name 'foxglove_bridge'
[2.110s] Level 1:colcon.colcon_core.package_identification:_identify(rplidar_ros2) by extensions ['ignore', 'ignore_ament_install']
[2.111s] Level 1:colcon.colcon_core.package_identification:_identify(rplidar_ros2) by extension 'ignore'
[2.111s] Level 1:colcon.colcon_core.package_identification:_identify(rplidar_ros2) by extension 'ignore_ament_install'
[2.111s] Level 1:colcon.colcon_core.package_identification:_identify(rplidar_ros2) by extensions ['colcon_pkg']
[2.112s] Level 1:colcon.colcon_core.package_identification:_identify(rplidar_ros2) by extension 'colcon_pkg'
[2.112s] Level 1:colcon.colcon_core.package_identification:_identify(rplidar_ros2) by extensions ['colcon_meta']
[2.112s] Level 1:colcon.colcon_core.package_identification:_identify(rplidar_ros2) by extension 'colcon_meta'
[2.113s] Level 1:colcon.colcon_core.package_identification:_identify(rplidar_ros2) by extensions ['ros']
[2.113s] Level 1:colcon.colcon_core.package_identification:_identify(rplidar_ros2) by extension 'ros'
[2.116s] DEBUG:colcon.colcon_core.package_identification:Package 'rplidar_ros2' with type 'ros.ament_cmake' and name 'rplidar_ros2'
[2.117s] Level 1:colcon.colcon_core.package_identification:_identify(sllidar_ros2) by extensions ['ignore', 'ignore_ament_install']
[2.117s] Level 1:colcon.colcon_core.package_identification:_identify(sllidar_ros2) by extension 'ignore'
[2.118s] Level 1:colcon.colcon_core.package_identification:_identify(sllidar_ros2) by extension 'ignore_ament_install'
[2.118s] Level 1:colcon.colcon_core.package_identification:_identify(sllidar_ros2) by extensions ['colcon_pkg']
[2.118s] Level 1:colcon.colcon_core.package_identification:_identify(sllidar_ros2) by extension 'colcon_pkg'
[2.119s] Level 1:colcon.colcon_core.package_identification:_identify(sllidar_ros2) by extensions ['colcon_meta']
[2.119s] Level 1:colcon.colcon_core.package_identification:_identify(sllidar_ros2) by extension 'colcon_meta'
[2.119s] Level 1:colcon.colcon_core.package_identification:_identify(sllidar_ros2) by extensions ['ros']
[2.119s] Level 1:colcon.colcon_core.package_identification:_identify(sllidar_ros2) by extension 'ros'
[2.122s] DEBUG:colcon.colcon_core.package_identification:Package 'sllidar_ros2' with type 'ros.ament_cmake' and name 'sllidar_ros2'
[2.123s] Level 1:colcon.colcon_core.package_identification:_identify(teb_local_planner) by extensions ['ignore', 'ignore_ament_install']
[2.123s] Level 1:colcon.colcon_core.package_identification:_identify(teb_local_planner) by extension 'ignore'
[2.124s] Level 1:colcon.colcon_core.package_identification:_identify(teb_local_planner) by extension 'ignore_ament_install'
[2.124s] Level 1:colcon.colcon_core.package_identification:_identify(teb_local_planner) by extensions ['colcon_pkg']
[2.124s] Level 1:colcon.colcon_core.package_identification:_identify(teb_local_planner) by extension 'colcon_pkg'
[2.125s] Level 1:colcon.colcon_core.package_identification:_identify(teb_local_planner) by extensions ['colcon_meta']
[2.125s] Level 1:colcon.colcon_core.package_identification:_identify(teb_local_planner) by extension 'colcon_meta'
[2.125s] Level 1:colcon.colcon_core.package_identification:_identify(teb_local_planner) by extensions ['ros']
[2.125s] Level 1:colcon.colcon_core.package_identification:_identify(teb_local_planner) by extension 'ros'
[2.126s] Level 1:colcon.colcon_core.package_identification:_identify(teb_local_planner) by extensions ['cmake', 'python']
[2.126s] Level 1:colcon.colcon_core.package_identification:_identify(teb_local_planner) by extension 'cmake'
[2.127s] Level 1:colcon.colcon_core.package_identification:_identify(teb_local_planner) by extension 'python'
[2.127s] Level 1:colcon.colcon_core.package_identification:_identify(teb_local_planner) by extensions ['python_setup_py']
[2.127s] Level 1:colcon.colcon_core.package_identification:_identify(teb_local_planner) by extension 'python_setup_py'
[2.128s] Level 1:colcon.colcon_core.package_identification:_identify(teb_local_planner/teb_local_planner) by extensions ['ignore', 'ignore_ament_install']
[2.128s] Level 1:colcon.colcon_core.package_identification:_identify(teb_local_planner/teb_local_planner) by extension 'ignore'
[2.129s] Level 1:colcon.colcon_core.package_identification:_identify(teb_local_planner/teb_local_planner) by extension 'ignore_ament_install'
[2.129s] Level 1:colcon.colcon_core.package_identification:_identify(teb_local_planner/teb_local_planner) by extensions ['colcon_pkg']
[2.130s] Level 1:colcon.colcon_core.package_identification:_identify(teb_local_planner/teb_local_planner) by extension 'colcon_pkg'
[2.130s] Level 1:colcon.colcon_core.package_identification:_identify(teb_local_planner/teb_local_planner) by extensions ['colcon_meta']
[2.130s] Level 1:colcon.colcon_core.package_identification:_identify(teb_local_planner/teb_local_planner) by extension 'colcon_meta'
[2.131s] Level 1:colcon.colcon_core.package_identification:_identify(teb_local_planner/teb_local_planner) by extensions ['ros']
[2.131s] Level 1:colcon.colcon_core.package_identification:_identify(teb_local_planner/teb_local_planner) by extension 'ros'
[2.140s] DEBUG:colcon.colcon_core.package_identification:Package 'teb_local_planner/teb_local_planner' with type 'ros.ament_cmake' and name 'teb_local_planner'
[2.141s] Level 1:colcon.colcon_core.package_identification:_identify(teb_local_planner/teb_msgs) by extensions ['ignore', 'ignore_ament_install']
[2.142s] Level 1:colcon.colcon_core.package_identification:_identify(teb_local_planner/teb_msgs) by extension 'ignore'
[2.142s] Level 1:colcon.colcon_core.package_identification:_identify(teb_local_planner/teb_msgs) by extension 'ignore_ament_install'
[2.143s] Level 1:colcon.colcon_core.package_identification:_identify(teb_local_planner/teb_msgs) by extensions ['colcon_pkg']
[2.143s] Level 1:colcon.colcon_core.package_identification:_identify(teb_local_planner/teb_msgs) by extension 'colcon_pkg'
[2.143s] Level 1:colcon.colcon_core.package_identification:_identify(teb_local_planner/teb_msgs) by extensions ['colcon_meta']
[2.143s] Level 1:colcon.colcon_core.package_identification:_identify(teb_local_planner/teb_msgs) by extension 'colcon_meta'
[2.144s] Level 1:colcon.colcon_core.package_identification:_identify(teb_local_planner/teb_msgs) by extensions ['ros']
[2.144s] Level 1:colcon.colcon_core.package_identification:_identify(teb_local_planner/teb_msgs) by extension 'ros'
[2.147s] DEBUG:colcon.colcon_core.package_identification:Package 'teb_local_planner/teb_msgs' with type 'ros.ament_cmake' and name 'teb_msgs'
[2.147s] Level 1:colcon.colcon_core.package_identification:_identify(uros) by extensions ['ignore', 'ignore_ament_install']
[2.148s] Level 1:colcon.colcon_core.package_identification:_identify(uros) by extension 'ignore'
[2.148s] Level 1:colcon.colcon_core.package_identification:_identify(uros) by extension 'ignore_ament_install'
[2.148s] Level 1:colcon.colcon_core.package_identification:_identify(uros) by extensions ['colcon_pkg']
[2.149s] Level 1:colcon.colcon_core.package_identification:_identify(uros) by extension 'colcon_pkg'
[2.149s] Level 1:colcon.colcon_core.package_identification:_identify(uros) by extensions ['colcon_meta']
[2.149s] Level 1:colcon.colcon_core.package_identification:_identify(uros) by extension 'colcon_meta'
[2.149s] Level 1:colcon.colcon_core.package_identification:_identify(uros) by extensions ['ros']
[2.150s] Level 1:colcon.colcon_core.package_identification:_identify(uros) by extension 'ros'
[2.150s] Level 1:colcon.colcon_core.package_identification:_identify(uros) by extensions ['cmake', 'python']
[2.150s] Level 1:colcon.colcon_core.package_identification:_identify(uros) by extension 'cmake'
[2.150s] Level 1:colcon.colcon_core.package_identification:_identify(uros) by extension 'python'
[2.151s] Level 1:colcon.colcon_core.package_identification:_identify(uros) by extensions ['python_setup_py']
[2.151s] Level 1:colcon.colcon_core.package_identification:_identify(uros) by extension 'python_setup_py'
[2.152s] Level 1:colcon.colcon_core.package_identification:_identify(uros/micro-ROS-Agent) by extensions ['ignore', 'ignore_ament_install']
[2.152s] Level 1:colcon.colcon_core.package_identification:_identify(uros/micro-ROS-Agent) by extension 'ignore'
[2.152s] Level 1:colcon.colcon_core.package_identification:_identify(uros/micro-ROS-Agent) by extension 'ignore_ament_install'
[2.153s] Level 1:colcon.colcon_core.package_identification:_identify(uros/micro-ROS-Agent) by extensions ['colcon_pkg']
[2.153s] Level 1:colcon.colcon_core.package_identification:_identify(uros/micro-ROS-Agent) by extension 'colcon_pkg'
[2.154s] Level 1:colcon.colcon_core.package_identification:_identify(uros/micro-ROS-Agent) by extensions ['colcon_meta']
[2.154s] Level 1:colcon.colcon_core.package_identification:_identify(uros/micro-ROS-Agent) by extension 'colcon_meta'
[2.154s] Level 1:colcon.colcon_core.package_identification:_identify(uros/micro-ROS-Agent) by extensions ['ros']
[2.154s] Level 1:colcon.colcon_core.package_identification:_identify(uros/micro-ROS-Agent) by extension 'ros'
[2.155s] Level 1:colcon.colcon_core.package_identification:_identify(uros/micro-ROS-Agent) by extensions ['cmake', 'python']
[2.155s] Level 1:colcon.colcon_core.package_identification:_identify(uros/micro-ROS-Agent) by extension 'cmake'
[2.156s] Level 1:colcon.colcon_core.package_identification:_identify(uros/micro-ROS-Agent) by extension 'python'
[2.156s] Level 1:colcon.colcon_core.package_identification:_identify(uros/micro-ROS-Agent) by extensions ['python_setup_py']
[2.156s] Level 1:colcon.colcon_core.package_identification:_identify(uros/micro-ROS-Agent) by extension 'python_setup_py'
[2.157s] Level 1:colcon.colcon_core.package_identification:_identify(uros/micro-ROS-Agent/micro_ros_agent) by extensions ['ignore', 'ignore_ament_install']
[2.158s] Level 1:colcon.colcon_core.package_identification:_identify(uros/micro-ROS-Agent/micro_ros_agent) by extension 'ignore'
[2.159s] Level 1:colcon.colcon_core.package_identification:_identify(uros/micro-ROS-Agent/micro_ros_agent) by extension 'ignore_ament_install'
[2.159s] Level 1:colcon.colcon_core.package_identification:_identify(uros/micro-ROS-Agent/micro_ros_agent) by extensions ['colcon_pkg']
[2.159s] Level 1:colcon.colcon_core.package_identification:_identify(uros/micro-ROS-Agent/micro_ros_agent) by extension 'colcon_pkg'
[2.160s] Level 1:colcon.colcon_core.package_identification:_identify(uros/micro-ROS-Agent/micro_ros_agent) by extensions ['colcon_meta']
[2.160s] Level 1:colcon.colcon_core.package_identification:_identify(uros/micro-ROS-Agent/micro_ros_agent) by extension 'colcon_meta'
[2.160s] Level 1:colcon.colcon_core.package_identification:_identify(uros/micro-ROS-Agent/micro_ros_agent) by extensions ['ros']
[2.161s] Level 1:colcon.colcon_core.package_identification:_identify(uros/micro-ROS-Agent/micro_ros_agent) by extension 'ros'
[2.165s] DEBUG:colcon.colcon_core.package_identification:Package 'uros/micro-ROS-Agent/micro_ros_agent' with type 'ros.ament_cmake' and name 'micro_ros_agent'
[2.166s] Level 1:colcon.colcon_core.package_identification:_identify(uros/micro-ROS-Agent/snap) by extensions ['ignore', 'ignore_ament_install']
[2.166s] Level 1:colcon.colcon_core.package_identification:_identify(uros/micro-ROS-Agent/snap) by extension 'ignore'
[2.166s] Level 1:colcon.colcon_core.package_identification:_identify(uros/micro-ROS-Agent/snap) by extension 'ignore_ament_install'
[2.167s] Level 1:colcon.colcon_core.package_identification:_identify(uros/micro-ROS-Agent/snap) by extensions ['colcon_pkg']
[2.167s] Level 1:colcon.colcon_core.package_identification:_identify(uros/micro-ROS-Agent/snap) by extension 'colcon_pkg'
[2.168s] Level 1:colcon.colcon_core.package_identification:_identify(uros/micro-ROS-Agent/snap) by extensions ['colcon_meta']
[2.168s] Level 1:colcon.colcon_core.package_identification:_identify(uros/micro-ROS-Agent/snap) by extension 'colcon_meta'
[2.168s] Level 1:colcon.colcon_core.package_identification:_identify(uros/micro-ROS-Agent/snap) by extensions ['ros']
[2.168s] Level 1:colcon.colcon_core.package_identification:_identify(uros/micro-ROS-Agent/snap) by extension 'ros'
[2.169s] Level 1:colcon.colcon_core.package_identification:_identify(uros/micro-ROS-Agent/snap) by extensions ['cmake', 'python']
[2.169s] Level 1:colcon.colcon_core.package_identification:_identify(uros/micro-ROS-Agent/snap) by extension 'cmake'
[2.170s] Level 1:colcon.colcon_core.package_identification:_identify(uros/micro-ROS-Agent/snap) by extension 'python'
[2.170s] Level 1:colcon.colcon_core.package_identification:_identify(uros/micro-ROS-Agent/snap) by extensions ['python_setup_py']
[2.170s] Level 1:colcon.colcon_core.package_identification:_identify(uros/micro-ROS-Agent/snap) by extension 'python_setup_py'
[2.171s] Level 1:colcon.colcon_core.package_identification:_identify(uros/micro-ROS-Agent/snap/hooks) by extensions ['ignore', 'ignore_ament_install']
[2.171s] Level 1:colcon.colcon_core.package_identification:_identify(uros/micro-ROS-Agent/snap/hooks) by extension 'ignore'
[2.172s] Level 1:colcon.colcon_core.package_identification:_identify(uros/micro-ROS-Agent/snap/hooks) by extension 'ignore_ament_install'
[2.172s] Level 1:colcon.colcon_core.package_identification:_identify(uros/micro-ROS-Agent/snap/hooks) by extensions ['colcon_pkg']
[2.172s] Level 1:colcon.colcon_core.package_identification:_identify(uros/micro-ROS-Agent/snap/hooks) by extension 'colcon_pkg'
[2.172s] Level 1:colcon.colcon_core.package_identification:_identify(uros/micro-ROS-Agent/snap/hooks) by extensions ['colcon_meta']
[2.173s] Level 1:colcon.colcon_core.package_identification:_identify(uros/micro-ROS-Agent/snap/hooks) by extension 'colcon_meta'
[2.173s] Level 1:colcon.colcon_core.package_identification:_identify(uros/micro-ROS-Agent/snap/hooks) by extensions ['ros']
[2.173s] Level 1:colcon.colcon_core.package_identification:_identify(uros/micro-ROS-Agent/snap/hooks) by extension 'ros'
[2.174s] Level 1:colcon.colcon_core.package_identification:_identify(uros/micro-ROS-Agent/snap/hooks) by extensions ['cmake', 'python']
[2.174s] Level 1:colcon.colcon_core.package_identification:_identify(uros/micro-ROS-Agent/snap/hooks) by extension 'cmake'
[2.174s] Level 1:colcon.colcon_core.package_identification:_identify(uros/micro-ROS-Agent/snap/hooks) by extension 'python'
[2.174s] Level 1:colcon.colcon_core.package_identification:_identify(uros/micro-ROS-Agent/snap/hooks) by extensions ['python_setup_py']
[2.175s] Level 1:colcon.colcon_core.package_identification:_identify(uros/micro-ROS-Agent/snap/hooks) by extension 'python_setup_py'
[2.175s] Level 1:colcon.colcon_core.package_identification:_identify(uros/micro-ROS-Agent/snap/local) by extensions ['ignore', 'ignore_ament_install']
[2.176s] Level 1:colcon.colcon_core.package_identification:_identify(uros/micro-ROS-Agent/snap/local) by extension 'ignore'
[2.176s] Level 1:colcon.colcon_core.package_identification:_identify(uros/micro-ROS-Agent/snap/local) by extension 'ignore_ament_install'
[2.177s] Level 1:colcon.colcon_core.package_identification:_identify(uros/micro-ROS-Agent/snap/local) by extensions ['colcon_pkg']
[2.177s] Level 1:colcon.colcon_core.package_identification:_identify(uros/micro-ROS-Agent/snap/local) by extension 'colcon_pkg'
[2.177s] Level 1:colcon.colcon_core.package_identification:_identify(uros/micro-ROS-Agent/snap/local) by extensions ['colcon_meta']
[2.177s] Level 1:colcon.colcon_core.package_identification:_identify(uros/micro-ROS-Agent/snap/local) by extension 'colcon_meta'
[2.178s] Level 1:colcon.colcon_core.package_identification:_identify(uros/micro-ROS-Agent/snap/local) by extensions ['ros']
[2.178s] Level 1:colcon.colcon_core.package_identification:_identify(uros/micro-ROS-Agent/snap/local) by extension 'ros'
[2.178s] Level 1:colcon.colcon_core.package_identification:_identify(uros/micro-ROS-Agent/snap/local) by extensions ['cmake', 'python']
[2.179s] Level 1:colcon.colcon_core.package_identification:_identify(uros/micro-ROS-Agent/snap/local) by extension 'cmake'
[2.179s] Level 1:colcon.colcon_core.package_identification:_identify(uros/micro-ROS-Agent/snap/local) by extension 'python'
[2.179s] Level 1:colcon.colcon_core.package_identification:_identify(uros/micro-ROS-Agent/snap/local) by extensions ['python_setup_py']
[2.179s] Level 1:colcon.colcon_core.package_identification:_identify(uros/micro-ROS-Agent/snap/local) by extension 'python_setup_py'
[2.180s] Level 1:colcon.colcon_core.package_identification:_identify(uros/micro_ros_msgs) by extensions ['ignore', 'ignore_ament_install']
[2.181s] Level 1:colcon.colcon_core.package_identification:_identify(uros/micro_ros_msgs) by extension 'ignore'
[2.181s] Level 1:colcon.colcon_core.package_identification:_identify(uros/micro_ros_msgs) by extension 'ignore_ament_install'
[2.181s] Level 1:colcon.colcon_core.package_identification:_identify(uros/micro_ros_msgs) by extensions ['colcon_pkg']
[2.181s] Level 1:colcon.colcon_core.package_identification:_identify(uros/micro_ros_msgs) by extension 'colcon_pkg'
[2.182s] Level 1:colcon.colcon_core.package_identification:_identify(uros/micro_ros_msgs) by extensions ['colcon_meta']
[2.182s] Level 1:colcon.colcon_core.package_identification:_identify(uros/micro_ros_msgs) by extension 'colcon_meta'
[2.182s] Level 1:colcon.colcon_core.package_identification:_identify(uros/micro_ros_msgs) by extensions ['ros']
[2.182s] Level 1:colcon.colcon_core.package_identification:_identify(uros/micro_ros_msgs) by extension 'ros'
[2.185s] DEBUG:colcon.colcon_core.package_identification:Package 'uros/micro_ros_msgs' with type 'ros.ament_cmake' and name 'micro_ros_msgs'
[2.186s] Level 1:colcon.colcon_core.package_identification:_identify(witmotion_IMU_ros) by extensions ['ignore', 'ignore_ament_install']
[2.187s] Level 1:colcon.colcon_core.package_identification:_identify(witmotion_IMU_ros) by extension 'ignore'
[2.187s] Level 1:colcon.colcon_core.package_identification:_identify(witmotion_IMU_ros) by extension 'ignore_ament_install'
[2.188s] Level 1:colcon.colcon_core.package_identification:_identify(witmotion_IMU_ros) by extensions ['colcon_pkg']
[2.188s] Level 1:colcon.colcon_core.package_identification:_identify(witmotion_IMU_ros) by extension 'colcon_pkg'
[2.189s] Level 1:colcon.colcon_core.package_identification:_identify(witmotion_IMU_ros) by extensions ['colcon_meta']
[2.189s] Level 1:colcon.colcon_core.package_identification:_identify(witmotion_IMU_ros) by extension 'colcon_meta'
[2.190s] Level 1:colcon.colcon_core.package_identification:_identify(witmotion_IMU_ros) by extensions ['ros']
[2.190s] Level 1:colcon.colcon_core.package_identification:_identify(witmotion_IMU_ros) by extension 'ros'
[2.193s] DEBUG:colcon.colcon_core.package_identification:Package 'witmotion_IMU_ros' with type 'ros.ament_cmake' and name 'witmotion_ros'
[2.193s] Level 1:colcon.colcon_core.package_discovery:discover_packages(recursive) using defaults
[2.193s] Level 1:colcon.colcon_core.package_discovery:discover_packages(ignore) discover
[2.194s] Level 1:colcon.colcon_core.package_discovery:discover_packages(ignore) using defaults
[2.194s] Level 1:colcon.colcon_core.package_discovery:discover_packages(path) discover
[2.194s] Level 1:colcon.colcon_core.package_discovery:discover_packages(path) using defaults
[2.318s] INFO:colcon.colcon_core.package_selection:Skipping not selected package 'amr_interface' in 'amr_interface'
[2.319s] INFO:colcon.colcon_core.package_selection:Skipping not selected package 'foxglove_bridge' in 'ros-foxglove-bridge'
[2.319s] INFO:colcon.colcon_core.package_selection:Skipping not selected package 'ldlidar' in 'ldlidar'
[2.319s] INFO:colcon.colcon_core.package_selection:Skipping not selected package 'micro_ros_msgs' in 'uros/micro_ros_msgs'
[2.319s] INFO:colcon.colcon_core.package_selection:Skipping not selected package 'micro_ros_setup' in 'micro_ros_setup'
[2.320s] INFO:colcon.colcon_core.package_selection:Skipping not selected package 'rplidar_ros2' in 'rplidar_ros2'
[2.320s] INFO:colcon.colcon_core.package_selection:Skipping not selected package 'sllidar_ros2' in 'sllidar_ros2'
[2.320s] INFO:colcon.colcon_core.package_selection:Skipping not selected package 'witmotion_ros' in 'witmotion_IMU_ros'
[2.320s] INFO:colcon.colcon_core.package_selection:Skipping not selected package 'amr_control' in 'amr_control'
[2.320s] INFO:colcon.colcon_core.package_selection:Skipping not selected package 'micro_ros_agent' in 'uros/micro-ROS-Agent/micro_ros_agent'
[2.325s] Level 1:colcon.colcon_core.package_discovery:discover_packages(prefix_path) check parameters
[2.325s] Level 1:colcon.colcon_core.package_discovery:discover_packages(prefix_path) discover
[2.345s] DEBUG:colcon.colcon_installed_package_information.package_discovery:Found 10 installed packages in /home/pi/amr_ws/install
[2.358s] DEBUG:colcon.colcon_installed_package_information.package_discovery:Found 330 installed packages in /opt/ros/humble
[2.366s] Level 1:colcon.colcon_core.package_discovery:discover_packages(prefix_path) using defaults
[2.765s] Level 5:colcon.colcon_core.verb:set package 'costmap_converter_msgs' build argument 'cmake_args' from command line to 'None'
[2.765s] Level 5:colcon.colcon_core.verb:set package 'costmap_converter_msgs' build argument 'cmake_target' from command line to 'None'
[2.765s] Level 5:colcon.colcon_core.verb:set package 'costmap_converter_msgs' build argument 'cmake_target_skip_unavailable' from command line to 'False'
[2.766s] Level 5:colcon.colcon_core.verb:set package 'costmap_converter_msgs' build argument 'cmake_clean_cache' from command line to 'False'
[2.766s] Level 5:colcon.colcon_core.verb:set package 'costmap_converter_msgs' build argument 'cmake_clean_first' from command line to 'False'
[2.766s] Level 5:colcon.colcon_core.verb:set package 'costmap_converter_msgs' build argument 'cmake_force_configure' from command line to 'False'
[2.766s] Level 5:colcon.colcon_core.verb:set package 'costmap_converter_msgs' build argument 'ament_cmake_args' from command line to 'None'
[2.766s] Level 5:colcon.colcon_core.verb:set package 'costmap_converter_msgs' build argument 'catkin_cmake_args' from command line to 'None'
[2.766s] Level 5:colcon.colcon_core.verb:set package 'costmap_converter_msgs' build argument 'catkin_skip_building_tests' from command line to 'False'
[2.766s] DEBUG:colcon.colcon_core.verb:Building package 'costmap_converter_msgs' with the following arguments: {'ament_cmake_args': None, 'build_base': '/home/pi/amr_ws/src/build/costmap_converter_msgs', 'catkin_cmake_args': None, 'catkin_skip_building_tests': False, 'cmake_args': None, 'cmake_clean_cache': False, 'cmake_clean_first': False, 'cmake_force_configure': False, 'cmake_target': None, 'cmake_target_skip_unavailable': False, 'install_base': '/home/pi/amr_ws/src/install/costmap_converter_msgs', 'merge_install': False, 'path': '/home/pi/amr_ws/src/costmap_converter/costmap_converter_msgs', 'symlink_install': False, 'test_result_base': None}
[2.771s] Level 5:colcon.colcon_core.verb:set package 'costmap_converter' build argument 'cmake_args' from command line to 'None'
[2.771s] Level 5:colcon.colcon_core.verb:set package 'costmap_converter' build argument 'cmake_target' from command line to 'None'
[2.771s] Level 5:colcon.colcon_core.verb:set package 'costmap_converter' build argument 'cmake_target_skip_unavailable' from command line to 'False'
[2.772s] Level 5:colcon.colcon_core.verb:set package 'costmap_converter' build argument 'cmake_clean_cache' from command line to 'False'
[2.772s] Level 5:colcon.colcon_core.verb:set package 'costmap_converter' build argument 'cmake_clean_first' from command line to 'False'
[2.772s] Level 5:colcon.colcon_core.verb:set package 'costmap_converter' build argument 'cmake_force_configure' from command line to 'False'
[2.772s] Level 5:colcon.colcon_core.verb:set package 'costmap_converter' build argument 'ament_cmake_args' from command line to 'None'
[2.772s] Level 5:colcon.colcon_core.verb:set package 'costmap_converter' build argument 'catkin_cmake_args' from command line to 'None'
[2.772s] Level 5:colcon.colcon_core.verb:set package 'costmap_converter' build argument 'catkin_skip_building_tests' from command line to 'False'
[2.772s] DEBUG:colcon.colcon_core.verb:Building package 'costmap_converter' with the following arguments: {'ament_cmake_args': None, 'build_base': '/home/pi/amr_ws/src/build/costmap_converter', 'catkin_cmake_args': None, 'catkin_skip_building_tests': False, 'cmake_args': None, 'cmake_clean_cache': False, 'cmake_clean_first': False, 'cmake_force_configure': False, 'cmake_target': None, 'cmake_target_skip_unavailable': False, 'install_base': '/home/pi/amr_ws/src/install/costmap_converter', 'merge_install': False, 'path': '/home/pi/amr_ws/src/costmap_converter/costmap_converter', 'symlink_install': False, 'test_result_base': None}
[2.777s] Level 5:colcon.colcon_core.verb:set package 'teb_msgs' build argument 'cmake_args' from command line to 'None'
[2.777s] Level 5:colcon.colcon_core.verb:set package 'teb_msgs' build argument 'cmake_target' from command line to 'None'
[2.777s] Level 5:colcon.colcon_core.verb:set package 'teb_msgs' build argument 'cmake_target_skip_unavailable' from command line to 'False'
[2.777s] Level 5:colcon.colcon_core.verb:set package 'teb_msgs' build argument 'cmake_clean_cache' from command line to 'False'
[2.777s] Level 5:colcon.colcon_core.verb:set package 'teb_msgs' build argument 'cmake_clean_first' from command line to 'False'
[2.778s] Level 5:colcon.colcon_core.verb:set package 'teb_msgs' build argument 'cmake_force_configure' from command line to 'False'
[2.778s] Level 5:colcon.colcon_core.verb:set package 'teb_msgs' build argument 'ament_cmake_args' from command line to 'None'
[2.778s] Level 5:colcon.colcon_core.verb:set package 'teb_msgs' build argument 'catkin_cmake_args' from command line to 'None'
[2.778s] Level 5:colcon.colcon_core.verb:set package 'teb_msgs' build argument 'catkin_skip_building_tests' from command line to 'False'
[2.778s] DEBUG:colcon.colcon_core.verb:Building package 'teb_msgs' with the following arguments: {'ament_cmake_args': None, 'build_base': '/home/pi/amr_ws/src/build/teb_msgs', 'catkin_cmake_args': None, 'catkin_skip_building_tests': False, 'cmake_args': None, 'cmake_clean_cache': False, 'cmake_clean_first': False, 'cmake_force_configure': False, 'cmake_target': None, 'cmake_target_skip_unavailable': False, 'install_base': '/home/pi/amr_ws/src/install/teb_msgs', 'merge_install': False, 'path': '/home/pi/amr_ws/src/teb_local_planner/teb_msgs', 'symlink_install': False, 'test_result_base': None}
[2.783s] Level 5:colcon.colcon_core.verb:set package 'teb_local_planner' build argument 'cmake_args' from command line to 'None'
[2.783s] Level 5:colcon.colcon_core.verb:set package 'teb_local_planner' build argument 'cmake_target' from command line to 'None'
[2.783s] Level 5:colcon.colcon_core.verb:set package 'teb_local_planner' build argument 'cmake_target_skip_unavailable' from command line to 'False'
[2.783s] Level 5:colcon.colcon_core.verb:set package 'teb_local_planner' build argument 'cmake_clean_cache' from command line to 'False'
[2.783s] Level 5:colcon.colcon_core.verb:set package 'teb_local_planner' build argument 'cmake_clean_first' from command line to 'False'
[2.783s] Level 5:colcon.colcon_core.verb:set package 'teb_local_planner' build argument 'cmake_force_configure' from command line to 'False'
[2.783s] Level 5:colcon.colcon_core.verb:set package 'teb_local_planner' build argument 'ament_cmake_args' from command line to 'None'
[2.783s] Level 5:colcon.colcon_core.verb:set package 'teb_local_planner' build argument 'catkin_cmake_args' from command line to 'None'
[2.784s] Level 5:colcon.colcon_core.verb:set package 'teb_local_planner' build argument 'catkin_skip_building_tests' from command line to 'False'
[2.784s] DEBUG:colcon.colcon_core.verb:Building package 'teb_local_planner' with the following arguments: {'ament_cmake_args': None, 'build_base': '/home/pi/amr_ws/src/build/teb_local_planner', 'catkin_cmake_args': None, 'catkin_skip_building_tests': False, 'cmake_args': None, 'cmake_clean_cache': False, 'cmake_clean_first': False, 'cmake_force_configure': False, 'cmake_target': None, 'cmake_target_skip_unavailable': False, 'install_base': '/home/pi/amr_ws/src/install/teb_local_planner', 'merge_install': False, 'path': '/home/pi/amr_ws/src/teb_local_planner/teb_local_planner', 'symlink_install': False, 'test_result_base': None}
[2.787s] INFO:colcon.colcon_core.executor:Executing jobs using 'parallel' executor
[2.804s] DEBUG:colcon.colcon_parallel_executor.executor.parallel:run_until_complete
[2.806s] INFO:colcon.colcon_ros.task.ament_cmake.build:Building ROS package in '/home/pi/amr_ws/src/costmap_converter/costmap_converter_msgs' with build type 'ament_cmake'
[2.806s] INFO:colcon.colcon_cmake.task.cmake.build:Building CMake package in '/home/pi/amr_ws/src/costmap_converter/costmap_converter_msgs'
[2.832s] INFO:colcon.colcon_core.plugin_system:Skipping extension 'colcon_core.shell.bat': Not used on non-Windows systems
[2.833s] INFO:colcon.colcon_core.shell:Skip shell extension 'powershell' for command environment: Not usable outside of PowerShell
[2.834s] DEBUG:colcon.colcon_core.shell:Skip shell extension 'dsv' for command environment
[2.892s] DEBUG:colcon.colcon_core.event_handler.log_command:Invoking command in '/home/pi/amr_ws/src/build/costmap_converter_msgs': CMAKE_PREFIX_PATH=${CMAKE_PREFIX_PATH}:/home/pi/amr_ws/install/amr_control:/opt/ros/humble /usr/bin/cmake --build /home/pi/amr_ws/src/build/costmap_converter_msgs -- -j4 -l4
[5.628s] DEBUG:colcon.colcon_core.event_handler.log_command:Invoked command in '/home/pi/amr_ws/src/build/costmap_converter_msgs' returned '0': CMAKE_PREFIX_PATH=${CMAKE_PREFIX_PATH}:/home/pi/amr_ws/install/amr_control:/opt/ros/humble /usr/bin/cmake --build /home/pi/amr_ws/src/build/costmap_converter_msgs -- -j4 -l4
[6.258s] DEBUG:colcon.colcon_core.event_handler.log_command:Invoking command in '/home/pi/amr_ws/src/build/costmap_converter_msgs': CMAKE_PREFIX_PATH=${CMAKE_PREFIX_PATH}:/home/pi/amr_ws/install/amr_control:/opt/ros/humble /usr/bin/cmake --install /home/pi/amr_ws/src/build/costmap_converter_msgs
[6.603s] Level 1:colcon.colcon_core.environment:create_environment_scripts_only(costmap_converter_msgs)
[6.611s] DEBUG:colcon.colcon_core.event_handler.log_command:Invoked command in '/home/pi/amr_ws/src/build/costmap_converter_msgs' returned '0': CMAKE_PREFIX_PATH=${CMAKE_PREFIX_PATH}:/home/pi/amr_ws/install/amr_control:/opt/ros/humble /usr/bin/cmake --install /home/pi/amr_ws/src/build/costmap_converter_msgs
[6.634s] Level 1:colcon.colcon_core.environment:checking '/home/pi/amr_ws/src/install/costmap_converter_msgs' for CMake module files
[6.639s] Level 1:colcon.colcon_core.environment:checking '/home/pi/amr_ws/src/install/costmap_converter_msgs' for CMake config files
[6.642s] Level 1:colcon.colcon_core.shell:create_environment_hook('costmap_converter_msgs', 'cmake_prefix_path')
[6.647s] INFO:colcon.colcon_core.shell:Creating environment hook '/home/pi/amr_ws/src/install/costmap_converter_msgs/share/costmap_converter_msgs/hook/cmake_prefix_path.ps1'
[6.650s] INFO:colcon.colcon_core.shell:Creating environment descriptor '/home/pi/amr_ws/src/install/costmap_converter_msgs/share/costmap_converter_msgs/hook/cmake_prefix_path.dsv'
[6.652s] INFO:colcon.colcon_core.shell:Creating environment hook '/home/pi/amr_ws/src/install/costmap_converter_msgs/share/costmap_converter_msgs/hook/cmake_prefix_path.sh'
[6.657s] Level 1:colcon.colcon_core.environment:checking '/home/pi/amr_ws/src/install/costmap_converter_msgs/lib'
[6.658s] Level 1:colcon.colcon_core.shell:create_environment_hook('costmap_converter_msgs', 'ld_library_path_lib')
[6.664s] INFO:colcon.colcon_core.shell:Creating environment hook '/home/pi/amr_ws/src/install/costmap_converter_msgs/share/costmap_converter_msgs/hook/ld_library_path_lib.ps1'
[6.666s] INFO:colcon.colcon_core.shell:Creating environment descriptor '/home/pi/amr_ws/src/install/costmap_converter_msgs/share/costmap_converter_msgs/hook/ld_library_path_lib.dsv'
[6.667s] INFO:colcon.colcon_core.shell:Creating environment hook '/home/pi/amr_ws/src/install/costmap_converter_msgs/share/costmap_converter_msgs/hook/ld_library_path_lib.sh'
[6.669s] Level 1:colcon.colcon_core.environment:checking '/home/pi/amr_ws/src/install/costmap_converter_msgs/bin'
[6.670s] Level 1:colcon.colcon_core.environment:checking '/home/pi/amr_ws/src/install/costmap_converter_msgs/lib/pkgconfig/costmap_converter_msgs.pc'
[6.671s] Level 1:colcon.colcon_core.environment:checking '/home/pi/amr_ws/src/install/costmap_converter_msgs/lib/python3.10/site-packages'
[6.671s] Level 1:colcon.colcon_core.environment:checking '/home/pi/amr_ws/src/install/costmap_converter_msgs/bin'
[6.677s] INFO:colcon.colcon_core.shell:Creating package script '/home/pi/amr_ws/src/install/costmap_converter_msgs/share/costmap_converter_msgs/package.ps1'
[6.681s] INFO:colcon.colcon_core.shell:Creating package descriptor '/home/pi/amr_ws/src/install/costmap_converter_msgs/share/costmap_converter_msgs/package.dsv'
[6.684s] INFO:colcon.colcon_core.shell:Creating package script '/home/pi/amr_ws/src/install/costmap_converter_msgs/share/costmap_converter_msgs/package.sh'
[6.688s] INFO:colcon.colcon_core.shell:Creating package script '/home/pi/amr_ws/src/install/costmap_converter_msgs/share/costmap_converter_msgs/package.bash'
[6.693s] INFO:colcon.colcon_core.shell:Creating package script '/home/pi/amr_ws/src/install/costmap_converter_msgs/share/costmap_converter_msgs/package.zsh'
[6.696s] Level 1:colcon.colcon_core.environment:create_file_with_runtime_dependencies(/home/pi/amr_ws/src/install/costmap_converter_msgs/share/colcon-core/packages/costmap_converter_msgs)
[7.269s] Level 1:colcon.colcon_core.environment:create_environment_scripts_only(costmap_converter_msgs)
[7.278s] Level 1:colcon.colcon_core.environment:checking '/home/pi/amr_ws/src/install/costmap_converter_msgs' for CMake module files
[7.283s] Level 1:colcon.colcon_core.environment:checking '/home/pi/amr_ws/src/install/costmap_converter_msgs' for CMake config files
[7.285s] Level 1:colcon.colcon_core.shell:create_environment_hook('costmap_converter_msgs', 'cmake_prefix_path')
[7.292s] INFO:colcon.colcon_core.shell:Creating environment hook '/home/pi/amr_ws/src/install/costmap_converter_msgs/share/costmap_converter_msgs/hook/cmake_prefix_path.ps1'
[7.294s] INFO:colcon.colcon_core.shell:Creating environment descriptor '/home/pi/amr_ws/src/install/costmap_converter_msgs/share/costmap_converter_msgs/hook/cmake_prefix_path.dsv'
[7.296s] INFO:colcon.colcon_core.shell:Creating environment hook '/home/pi/amr_ws/src/install/costmap_converter_msgs/share/costmap_converter_msgs/hook/cmake_prefix_path.sh'
[7.299s] Level 1:colcon.colcon_core.environment:checking '/home/pi/amr_ws/src/install/costmap_converter_msgs/lib'
[7.300s] Level 1:colcon.colcon_core.shell:create_environment_hook('costmap_converter_msgs', 'ld_library_path_lib')
[7.305s] INFO:colcon.colcon_core.shell:Creating environment hook '/home/pi/amr_ws/src/install/costmap_converter_msgs/share/costmap_converter_msgs/hook/ld_library_path_lib.ps1'
[7.307s] INFO:colcon.colcon_core.shell:Creating environment descriptor '/home/pi/amr_ws/src/install/costmap_converter_msgs/share/costmap_converter_msgs/hook/ld_library_path_lib.dsv'
[7.309s] INFO:colcon.colcon_core.shell:Creating environment hook '/home/pi/amr_ws/src/install/costmap_converter_msgs/share/costmap_converter_msgs/hook/ld_library_path_lib.sh'
[7.311s] Level 1:colcon.colcon_core.environment:checking '/home/pi/amr_ws/src/install/costmap_converter_msgs/bin'
[7.312s] Level 1:colcon.colcon_core.environment:checking '/home/pi/amr_ws/src/install/costmap_converter_msgs/lib/pkgconfig/costmap_converter_msgs.pc'
[7.313s] Level 1:colcon.colcon_core.environment:checking '/home/pi/amr_ws/src/install/costmap_converter_msgs/lib/python3.10/site-packages'
[7.314s] Level 1:colcon.colcon_core.environment:checking '/home/pi/amr_ws/src/install/costmap_converter_msgs/bin'
[7.322s] INFO:colcon.colcon_core.shell:Creating package script '/home/pi/amr_ws/src/install/costmap_converter_msgs/share/costmap_converter_msgs/package.ps1'
[7.325s] INFO:colcon.colcon_core.shell:Creating package descriptor '/home/pi/amr_ws/src/install/costmap_converter_msgs/share/costmap_converter_msgs/package.dsv'
[7.328s] INFO:colcon.colcon_core.shell:Creating package script '/home/pi/amr_ws/src/install/costmap_converter_msgs/share/costmap_converter_msgs/package.sh'
[7.331s] INFO:colcon.colcon_core.shell:Creating package script '/home/pi/amr_ws/src/install/costmap_converter_msgs/share/costmap_converter_msgs/package.bash'
[7.334s] INFO:colcon.colcon_core.shell:Creating package script '/home/pi/amr_ws/src/install/costmap_converter_msgs/share/costmap_converter_msgs/package.zsh'
[7.336s] Level 1:colcon.colcon_core.environment:create_file_with_runtime_dependencies(/home/pi/amr_ws/src/install/costmap_converter_msgs/share/colcon-core/packages/costmap_converter_msgs)
[7.338s] INFO:colcon.colcon_ros.task.ament_cmake.build:Building ROS package in '/home/pi/amr_ws/src/costmap_converter/costmap_converter' with build type 'ament_cmake'
[7.339s] INFO:colcon.colcon_cmake.task.cmake.build:Building CMake package in '/home/pi/amr_ws/src/costmap_converter/costmap_converter'
[7.346s] INFO:colcon.colcon_core.shell:Skip shell extension 'powershell' for command environment: Not usable outside of PowerShell
[7.346s] DEBUG:colcon.colcon_core.shell:Skip shell extension 'dsv' for command environment
[7.381s] INFO:colcon.colcon_ros.task.ament_cmake.build:Building ROS package in '/home/pi/amr_ws/src/teb_local_planner/teb_msgs' with build type 'ament_cmake'
[7.381s] INFO:colcon.colcon_cmake.task.cmake.build:Building CMake package in '/home/pi/amr_ws/src/teb_local_planner/teb_msgs'
[7.389s] INFO:colcon.colcon_core.shell:Skip shell extension 'powershell' for command environment: Not usable outside of PowerShell
[7.389s] DEBUG:colcon.colcon_core.shell:Skip shell extension 'dsv' for command environment
[7.435s] DEBUG:colcon.colcon_core.event_handler.log_command:Invoking command in '/home/pi/amr_ws/src/build/costmap_converter': AMENT_PREFIX_PATH=/home/pi/amr_ws/src/install/costmap_converter_msgs:${AMENT_PREFIX_PATH} CMAKE_PREFIX_PATH=/home/pi/amr_ws/src/install/costmap_converter_msgs:/home/pi/amr_ws/install/witmotion_ros:/home/pi/amr_ws/install/sllidar_ros2:/home/pi/amr_ws/install/rplidar_ros2:/home/pi/amr_ws/install/micro_ros_setup:/home/pi/amr_ws/install/micro_ros_agent:/home/pi/amr_ws/install/micro_ros_msgs:/home/pi/amr_ws/install/ldlidar:/home/pi/amr_ws/install/foxglove_bridge:/home/pi/amr_ws/install/amr_interface:/home/pi/amr_ws/install/amr_control:/opt/ros/humble LD_LIBRARY_PATH=/home/pi/amr_ws/src/install/costmap_converter_msgs/lib:${LD_LIBRARY_PATH} PYTHONPATH=/home/pi/amr_ws/src/install/costmap_converter_msgs/local/lib/python3.10/dist-packages:${PYTHONPATH} /usr/bin/cmake /home/pi/amr_ws/src/costmap_converter/costmap_converter -DCMAKE_INSTALL_PREFIX=/home/pi/amr_ws/src/install/costmap_converter
[7.462s] DEBUG:colcon.colcon_core.event_handler.log_command:Invoking command in '/home/pi/amr_ws/src/build/teb_msgs': AMENT_PREFIX_PATH=/home/pi/amr_ws/src/install/costmap_converter_msgs:${AMENT_PREFIX_PATH} CMAKE_PREFIX_PATH=/home/pi/amr_ws/src/install/costmap_converter_msgs:/home/pi/amr_ws/install/witmotion_ros:/home/pi/amr_ws/install/sllidar_ros2:/home/pi/amr_ws/install/rplidar_ros2:/home/pi/amr_ws/install/micro_ros_setup:/home/pi/amr_ws/install/micro_ros_agent:/home/pi/amr_ws/install/micro_ros_msgs:/home/pi/amr_ws/install/ldlidar:/home/pi/amr_ws/install/foxglove_bridge:/home/pi/amr_ws/install/amr_interface:/home/pi/amr_ws/install/amr_control:/opt/ros/humble LD_LIBRARY_PATH=/home/pi/amr_ws/src/install/costmap_converter_msgs/lib:${LD_LIBRARY_PATH} PYTHONPATH=/home/pi/amr_ws/src/install/costmap_converter_msgs/local/lib/python3.10/dist-packages:${PYTHONPATH} /usr/bin/cmake --build /home/pi/amr_ws/src/build/teb_msgs -- -j4 -l4
[10.917s] DEBUG:colcon.colcon_core.event_handler.log_command:Invoked command in '/home/pi/amr_ws/src/build/teb_msgs' returned '0': AMENT_PREFIX_PATH=/home/pi/amr_ws/src/install/costmap_converter_msgs:${AMENT_PREFIX_PATH} CMAKE_PREFIX_PATH=/home/pi/amr_ws/src/install/costmap_converter_msgs:/home/pi/amr_ws/install/witmotion_ros:/home/pi/amr_ws/install/sllidar_ros2:/home/pi/amr_ws/install/rplidar_ros2:/home/pi/amr_ws/install/micro_ros_setup:/home/pi/amr_ws/install/micro_ros_agent:/home/pi/amr_ws/install/micro_ros_msgs:/home/pi/amr_ws/install/ldlidar:/home/pi/amr_ws/install/foxglove_bridge:/home/pi/amr_ws/install/amr_interface:/home/pi/amr_ws/install/amr_control:/opt/ros/humble LD_LIBRARY_PATH=/home/pi/amr_ws/src/install/costmap_converter_msgs/lib:${LD_LIBRARY_PATH} PYTHONPATH=/home/pi/amr_ws/src/install/costmap_converter_msgs/local/lib/python3.10/dist-packages:${PYTHONPATH} /usr/bin/cmake --build /home/pi/amr_ws/src/build/teb_msgs -- -j4 -l4
[11.980s] DEBUG:colcon.colcon_core.event_handler.log_command:Invoking command in '/home/pi/amr_ws/src/build/teb_msgs': AMENT_PREFIX_PATH=/home/pi/amr_ws/src/install/costmap_converter_msgs:${AMENT_PREFIX_PATH} CMAKE_PREFIX_PATH=/home/pi/amr_ws/src/install/costmap_converter_msgs:/home/pi/amr_ws/install/witmotion_ros:/home/pi/amr_ws/install/sllidar_ros2:/home/pi/amr_ws/install/rplidar_ros2:/home/pi/amr_ws/install/micro_ros_setup:/home/pi/amr_ws/install/micro_ros_agent:/home/pi/amr_ws/install/micro_ros_msgs:/home/pi/amr_ws/install/ldlidar:/home/pi/amr_ws/install/foxglove_bridge:/home/pi/amr_ws/install/amr_interface:/home/pi/amr_ws/install/amr_control:/opt/ros/humble LD_LIBRARY_PATH=/home/pi/amr_ws/src/install/costmap_converter_msgs/lib:${LD_LIBRARY_PATH} PYTHONPATH=/home/pi/amr_ws/src/install/costmap_converter_msgs/local/lib/python3.10/dist-packages:${PYTHONPATH} /usr/bin/cmake --install /home/pi/amr_ws/src/build/teb_msgs
[12.378s] Level 1:colcon.colcon_core.environment:create_environment_scripts_only(teb_msgs)
[12.388s] Level 1:colcon.colcon_core.environment:checking '/home/pi/amr_ws/src/install/teb_msgs' for CMake module files
[12.392s] Level 1:colcon.colcon_core.environment:checking '/home/pi/amr_ws/src/install/teb_msgs' for CMake config files
[12.394s] Level 1:colcon.colcon_core.shell:create_environment_hook('teb_msgs', 'cmake_prefix_path')
[12.400s] INFO:colcon.colcon_core.shell:Creating environment hook '/home/pi/amr_ws/src/install/teb_msgs/share/teb_msgs/hook/cmake_prefix_path.ps1'
[12.405s] INFO:colcon.colcon_core.shell:Creating environment descriptor '/home/pi/amr_ws/src/install/teb_msgs/share/teb_msgs/hook/cmake_prefix_path.dsv'
[12.411s] INFO:colcon.colcon_core.shell:Creating environment hook '/home/pi/amr_ws/src/install/teb_msgs/share/teb_msgs/hook/cmake_prefix_path.sh'
[12.417s] DEBUG:colcon.colcon_core.event_handler.log_command:Invoked command in '/home/pi/amr_ws/src/build/teb_msgs' returned '0': AMENT_PREFIX_PATH=/home/pi/amr_ws/src/install/costmap_converter_msgs:${AMENT_PREFIX_PATH} CMAKE_PREFIX_PATH=/home/pi/amr_ws/src/install/costmap_converter_msgs:/home/pi/amr_ws/install/witmotion_ros:/home/pi/amr_ws/install/sllidar_ros2:/home/pi/amr_ws/install/rplidar_ros2:/home/pi/amr_ws/install/micro_ros_setup:/home/pi/amr_ws/install/micro_ros_agent:/home/pi/amr_ws/install/micro_ros_msgs:/home/pi/amr_ws/install/ldlidar:/home/pi/amr_ws/install/foxglove_bridge:/home/pi/amr_ws/install/amr_interface:/home/pi/amr_ws/install/amr_control:/opt/ros/humble LD_LIBRARY_PATH=/home/pi/amr_ws/src/install/costmap_converter_msgs/lib:${LD_LIBRARY_PATH} PYTHONPATH=/home/pi/amr_ws/src/install/costmap_converter_msgs/local/lib/python3.10/dist-packages:${PYTHONPATH} /usr/bin/cmake --install /home/pi/amr_ws/src/build/teb_msgs
[12.419s] Level 1:colcon.colcon_core.environment:checking '/home/pi/amr_ws/src/install/teb_msgs/lib'
[12.421s] Level 1:colcon.colcon_core.shell:create_environment_hook('teb_msgs', 'ld_library_path_lib')
[12.435s] INFO:colcon.colcon_core.shell:Creating environment hook '/home/pi/amr_ws/src/install/teb_msgs/share/teb_msgs/hook/ld_library_path_lib.ps1'
[12.438s] INFO:colcon.colcon_core.shell:Creating environment descriptor '/home/pi/amr_ws/src/install/teb_msgs/share/teb_msgs/hook/ld_library_path_lib.dsv'
[12.440s] INFO:colcon.colcon_core.shell:Creating environment hook '/home/pi/amr_ws/src/install/teb_msgs/share/teb_msgs/hook/ld_library_path_lib.sh'
[12.442s] Level 1:colcon.colcon_core.environment:checking '/home/pi/amr_ws/src/install/teb_msgs/bin'
[12.443s] Level 1:colcon.colcon_core.environment:checking '/home/pi/amr_ws/src/install/teb_msgs/lib/pkgconfig/teb_msgs.pc'
[12.444s] Level 1:colcon.colcon_core.environment:checking '/home/pi/amr_ws/src/install/teb_msgs/lib/python3.10/site-packages'
[12.445s] Level 1:colcon.colcon_core.environment:checking '/home/pi/amr_ws/src/install/teb_msgs/bin'
[12.451s] INFO:colcon.colcon_core.shell:Creating package script '/home/pi/amr_ws/src/install/teb_msgs/share/teb_msgs/package.ps1'
[12.454s] INFO:colcon.colcon_core.shell:Creating package descriptor '/home/pi/amr_ws/src/install/teb_msgs/share/teb_msgs/package.dsv'
[12.457s] INFO:colcon.colcon_core.shell:Creating package script '/home/pi/amr_ws/src/install/teb_msgs/share/teb_msgs/package.sh'
[12.459s] INFO:colcon.colcon_core.shell:Creating package script '/home/pi/amr_ws/src/install/teb_msgs/share/teb_msgs/package.bash'
[12.461s] INFO:colcon.colcon_core.shell:Creating package script '/home/pi/amr_ws/src/install/teb_msgs/share/teb_msgs/package.zsh'
[12.464s] Level 1:colcon.colcon_core.environment:create_file_with_runtime_dependencies(/home/pi/amr_ws/src/install/teb_msgs/share/colcon-core/packages/teb_msgs)
[13.293s] Level 1:colcon.colcon_core.environment:create_environment_scripts_only(teb_msgs)
[13.302s] Level 1:colcon.colcon_core.environment:checking '/home/pi/amr_ws/src/install/teb_msgs' for CMake module files
[13.307s] Level 1:colcon.colcon_core.environment:checking '/home/pi/amr_ws/src/install/teb_msgs' for CMake config files
[13.309s] Level 1:colcon.colcon_core.shell:create_environment_hook('teb_msgs', 'cmake_prefix_path')
[13.317s] INFO:colcon.colcon_core.shell:Creating environment hook '/home/pi/amr_ws/src/install/teb_msgs/share/teb_msgs/hook/cmake_prefix_path.ps1'
[13.319s] INFO:colcon.colcon_core.shell:Creating environment descriptor '/home/pi/amr_ws/src/install/teb_msgs/share/teb_msgs/hook/cmake_prefix_path.dsv'
[13.322s] INFO:colcon.colcon_core.shell:Creating environment hook '/home/pi/amr_ws/src/install/teb_msgs/share/teb_msgs/hook/cmake_prefix_path.sh'
[13.325s] Level 1:colcon.colcon_core.environment:checking '/home/pi/amr_ws/src/install/teb_msgs/lib'
[13.326s] Level 1:colcon.colcon_core.shell:create_environment_hook('teb_msgs', 'ld_library_path_lib')
[13.333s] INFO:colcon.colcon_core.shell:Creating environment hook '/home/pi/amr_ws/src/install/teb_msgs/share/teb_msgs/hook/ld_library_path_lib.ps1'
[13.335s] INFO:colcon.colcon_core.shell:Creating environment descriptor '/home/pi/amr_ws/src/install/teb_msgs/share/teb_msgs/hook/ld_library_path_lib.dsv'
[13.337s] INFO:colcon.colcon_core.shell:Creating environment hook '/home/pi/amr_ws/src/install/teb_msgs/share/teb_msgs/hook/ld_library_path_lib.sh'
[13.339s] Level 1:colcon.colcon_core.environment:checking '/home/pi/amr_ws/src/install/teb_msgs/bin'
[13.340s] Level 1:colcon.colcon_core.environment:checking '/home/pi/amr_ws/src/install/teb_msgs/lib/pkgconfig/teb_msgs.pc'
[13.341s] Level 1:colcon.colcon_core.environment:checking '/home/pi/amr_ws/src/install/teb_msgs/lib/python3.10/site-packages'
[13.342s] Level 1:colcon.colcon_core.environment:checking '/home/pi/amr_ws/src/install/teb_msgs/bin'
[13.349s] INFO:colcon.colcon_core.shell:Creating package script '/home/pi/amr_ws/src/install/teb_msgs/share/teb_msgs/package.ps1'
[13.352s] INFO:colcon.colcon_core.shell:Creating package descriptor '/home/pi/amr_ws/src/install/teb_msgs/share/teb_msgs/package.dsv'
[13.355s] INFO:colcon.colcon_core.shell:Creating package script '/home/pi/amr_ws/src/install/teb_msgs/share/teb_msgs/package.sh'
[13.358s] INFO:colcon.colcon_core.shell:Creating package script '/home/pi/amr_ws/src/install/teb_msgs/share/teb_msgs/package.bash'
[13.360s] INFO:colcon.colcon_core.shell:Creating package script '/home/pi/amr_ws/src/install/teb_msgs/share/teb_msgs/package.zsh'
[13.363s] Level 1:colcon.colcon_core.environment:create_file_with_runtime_dependencies(/home/pi/amr_ws/src/install/teb_msgs/share/colcon-core/packages/teb_msgs)
[35.224s] DEBUG:colcon.colcon_core.event_handler.log_command:Invoked command in '/home/pi/amr_ws/src/build/costmap_converter' returned '0': AMENT_PREFIX_PATH=/home/pi/amr_ws/src/install/costmap_converter_msgs:${AMENT_PREFIX_PATH} CMAKE_PREFIX_PATH=/home/pi/amr_ws/src/install/costmap_converter_msgs:/home/pi/amr_ws/install/witmotion_ros:/home/pi/amr_ws/install/sllidar_ros2:/home/pi/amr_ws/install/rplidar_ros2:/home/pi/amr_ws/install/micro_ros_setup:/home/pi/amr_ws/install/micro_ros_agent:/home/pi/amr_ws/install/micro_ros_msgs:/home/pi/amr_ws/install/ldlidar:/home/pi/amr_ws/install/foxglove_bridge:/home/pi/amr_ws/install/amr_interface:/home/pi/amr_ws/install/amr_control:/opt/ros/humble LD_LIBRARY_PATH=/home/pi/amr_ws/src/install/costmap_converter_msgs/lib:${LD_LIBRARY_PATH} PYTHONPATH=/home/pi/amr_ws/src/install/costmap_converter_msgs/local/lib/python3.10/dist-packages:${PYTHONPATH} /usr/bin/cmake /home/pi/amr_ws/src/costmap_converter/costmap_converter -DCMAKE_INSTALL_PREFIX=/home/pi/amr_ws/src/install/costmap_converter
[35.227s] DEBUG:colcon.colcon_core.event_handler.log_command:Invoking command in '/home/pi/amr_ws/src/build/costmap_converter': AMENT_PREFIX_PATH=/home/pi/amr_ws/src/install/costmap_converter_msgs:${AMENT_PREFIX_PATH} CMAKE_PREFIX_PATH=/home/pi/amr_ws/src/install/costmap_converter_msgs:/home/pi/amr_ws/install/witmotion_ros:/home/pi/amr_ws/install/sllidar_ros2:/home/pi/amr_ws/install/rplidar_ros2:/home/pi/amr_ws/install/micro_ros_setup:/home/pi/amr_ws/install/micro_ros_agent:/home/pi/amr_ws/install/micro_ros_msgs:/home/pi/amr_ws/install/ldlidar:/home/pi/amr_ws/install/foxglove_bridge:/home/pi/amr_ws/install/amr_interface:/home/pi/amr_ws/install/amr_control:/opt/ros/humble LD_LIBRARY_PATH=/home/pi/amr_ws/src/install/costmap_converter_msgs/lib:${LD_LIBRARY_PATH} PYTHONPATH=/home/pi/amr_ws/src/install/costmap_converter_msgs/local/lib/python3.10/dist-packages:${PYTHONPATH} /usr/bin/cmake --build /home/pi/amr_ws/src/build/costmap_converter -- -j4 -l4
[393.792s] DEBUG:colcon.colcon_core.event_handler.log_command:Invoked command in '/home/pi/amr_ws/src/build/costmap_converter' returned '0': AMENT_PREFIX_PATH=/home/pi/amr_ws/src/install/costmap_converter_msgs:${AMENT_PREFIX_PATH} CMAKE_PREFIX_PATH=/home/pi/amr_ws/src/install/costmap_converter_msgs:/home/pi/amr_ws/install/witmotion_ros:/home/pi/amr_ws/install/sllidar_ros2:/home/pi/amr_ws/install/rplidar_ros2:/home/pi/amr_ws/install/micro_ros_setup:/home/pi/amr_ws/install/micro_ros_agent:/home/pi/amr_ws/install/micro_ros_msgs:/home/pi/amr_ws/install/ldlidar:/home/pi/amr_ws/install/foxglove_bridge:/home/pi/amr_ws/install/amr_interface:/home/pi/amr_ws/install/amr_control:/opt/ros/humble LD_LIBRARY_PATH=/home/pi/amr_ws/src/install/costmap_converter_msgs/lib:${LD_LIBRARY_PATH} PYTHONPATH=/home/pi/amr_ws/src/install/costmap_converter_msgs/local/lib/python3.10/dist-packages:${PYTHONPATH} /usr/bin/cmake --build /home/pi/amr_ws/src/build/costmap_converter -- -j4 -l4
[394.187s] DEBUG:colcon.colcon_core.event_handler.log_command:Invoking command in '/home/pi/amr_ws/src/build/costmap_converter': AMENT_PREFIX_PATH=/home/pi/amr_ws/src/install/costmap_converter_msgs:${AMENT_PREFIX_PATH} CMAKE_PREFIX_PATH=/home/pi/amr_ws/src/install/costmap_converter_msgs:/home/pi/amr_ws/install/witmotion_ros:/home/pi/amr_ws/install/sllidar_ros2:/home/pi/amr_ws/install/rplidar_ros2:/home/pi/amr_ws/install/micro_ros_setup:/home/pi/amr_ws/install/micro_ros_agent:/home/pi/amr_ws/install/micro_ros_msgs:/home/pi/amr_ws/install/ldlidar:/home/pi/amr_ws/install/foxglove_bridge:/home/pi/amr_ws/install/amr_interface:/home/pi/amr_ws/install/amr_control:/opt/ros/humble LD_LIBRARY_PATH=/home/pi/amr_ws/src/install/costmap_converter_msgs/lib:${LD_LIBRARY_PATH} PYTHONPATH=/home/pi/amr_ws/src/install/costmap_converter_msgs/local/lib/python3.10/dist-packages:${PYTHONPATH} /usr/bin/cmake --install /home/pi/amr_ws/src/build/costmap_converter
[394.308s] Level 1:colcon.colcon_core.environment:create_environment_scripts_only(costmap_converter)
[394.319s] Level 1:colcon.colcon_core.environment:checking '/home/pi/amr_ws/src/install/costmap_converter' for CMake module files
[394.319s] DEBUG:colcon.colcon_core.event_handler.log_command:Invoked command in '/home/pi/amr_ws/src/build/costmap_converter' returned '0': AMENT_PREFIX_PATH=/home/pi/amr_ws/src/install/costmap_converter_msgs:${AMENT_PREFIX_PATH} CMAKE_PREFIX_PATH=/home/pi/amr_ws/src/install/costmap_converter_msgs:/home/pi/amr_ws/install/witmotion_ros:/home/pi/amr_ws/install/sllidar_ros2:/home/pi/amr_ws/install/rplidar_ros2:/home/pi/amr_ws/install/micro_ros_setup:/home/pi/amr_ws/install/micro_ros_agent:/home/pi/amr_ws/install/micro_ros_msgs:/home/pi/amr_ws/install/ldlidar:/home/pi/amr_ws/install/foxglove_bridge:/home/pi/amr_ws/install/amr_interface:/home/pi/amr_ws/install/amr_control:/opt/ros/humble LD_LIBRARY_PATH=/home/pi/amr_ws/src/install/costmap_converter_msgs/lib:${LD_LIBRARY_PATH} PYTHONPATH=/home/pi/amr_ws/src/install/costmap_converter_msgs/local/lib/python3.10/dist-packages:${PYTHONPATH} /usr/bin/cmake --install /home/pi/amr_ws/src/build/costmap_converter
[394.323s] Level 1:colcon.colcon_core.environment:checking '/home/pi/amr_ws/src/install/costmap_converter' for CMake config files
[394.324s] Level 1:colcon.colcon_core.shell:create_environment_hook('costmap_converter', 'cmake_prefix_path')
[394.331s] INFO:colcon.colcon_core.shell:Creating environment hook '/home/pi/amr_ws/src/install/costmap_converter/share/costmap_converter/hook/cmake_prefix_path.ps1'
[394.333s] INFO:colcon.colcon_core.shell:Creating environment descriptor '/home/pi/amr_ws/src/install/costmap_converter/share/costmap_converter/hook/cmake_prefix_path.dsv'
[394.335s] INFO:colcon.colcon_core.shell:Creating environment hook '/home/pi/amr_ws/src/install/costmap_converter/share/costmap_converter/hook/cmake_prefix_path.sh'
[394.339s] Level 1:colcon.colcon_core.environment:checking '/home/pi/amr_ws/src/install/costmap_converter/lib'
[394.340s] Level 1:colcon.colcon_core.shell:create_environment_hook('costmap_converter', 'ld_library_path_lib')
[394.347s] INFO:colcon.colcon_core.shell:Creating environment hook '/home/pi/amr_ws/src/install/costmap_converter/share/costmap_converter/hook/ld_library_path_lib.ps1'
[394.349s] INFO:colcon.colcon_core.shell:Creating environment descriptor '/home/pi/amr_ws/src/install/costmap_converter/share/costmap_converter/hook/ld_library_path_lib.dsv'
[394.350s] INFO:colcon.colcon_core.shell:Creating environment hook '/home/pi/amr_ws/src/install/costmap_converter/share/costmap_converter/hook/ld_library_path_lib.sh'
[394.352s] Level 1:colcon.colcon_core.environment:checking '/home/pi/amr_ws/src/install/costmap_converter/bin'
[394.353s] Level 1:colcon.colcon_core.shell:create_environment_hook('costmap_converter', 'path')
[394.359s] INFO:colcon.colcon_core.shell:Creating environment hook '/home/pi/amr_ws/src/install/costmap_converter/share/costmap_converter/hook/path.ps1'
[394.361s] INFO:colcon.colcon_core.shell:Creating environment descriptor '/home/pi/amr_ws/src/install/costmap_converter/share/costmap_converter/hook/path.dsv'
[394.363s] INFO:colcon.colcon_core.shell:Creating environment hook '/home/pi/amr_ws/src/install/costmap_converter/share/costmap_converter/hook/path.sh'
[394.365s] Level 1:colcon.colcon_core.environment:checking '/home/pi/amr_ws/src/install/costmap_converter/lib/pkgconfig/costmap_converter.pc'
[394.366s] Level 1:colcon.colcon_core.environment:checking '/home/pi/amr_ws/src/install/costmap_converter/lib/python3.10/site-packages'
[394.367s] Level 1:colcon.colcon_core.environment:checking '/home/pi/amr_ws/src/install/costmap_converter/bin'
[394.368s] Level 1:colcon.colcon_core.shell:create_environment_hook('costmap_converter', 'pythonscriptspath')
[394.374s] INFO:colcon.colcon_core.shell:Creating environment hook '/home/pi/amr_ws/src/install/costmap_converter/share/costmap_converter/hook/pythonscriptspath.ps1'
[394.376s] INFO:colcon.colcon_core.shell:Creating environment descriptor '/home/pi/amr_ws/src/install/costmap_converter/share/costmap_converter/hook/pythonscriptspath.dsv'
[394.377s] INFO:colcon.colcon_core.shell:Creating environment hook '/home/pi/amr_ws/src/install/costmap_converter/share/costmap_converter/hook/pythonscriptspath.sh'
[394.389s] INFO:colcon.colcon_core.shell:Creating package script '/home/pi/amr_ws/src/install/costmap_converter/share/costmap_converter/package.ps1'
[394.392s] INFO:colcon.colcon_core.shell:Creating package descriptor '/home/pi/amr_ws/src/install/costmap_converter/share/costmap_converter/package.dsv'
[394.395s] INFO:colcon.colcon_core.shell:Creating package script '/home/pi/amr_ws/src/install/costmap_converter/share/costmap_converter/package.sh'
[394.397s] INFO:colcon.colcon_core.shell:Creating package script '/home/pi/amr_ws/src/install/costmap_converter/share/costmap_converter/package.bash'
[394.399s] INFO:colcon.colcon_core.shell:Creating package script '/home/pi/amr_ws/src/install/costmap_converter/share/costmap_converter/package.zsh'
[394.401s] Level 1:colcon.colcon_core.environment:create_file_with_runtime_dependencies(/home/pi/amr_ws/src/install/costmap_converter/share/colcon-core/packages/costmap_converter)
[394.803s] Level 1:colcon.colcon_core.environment:create_environment_scripts_only(costmap_converter)
[394.813s] Level 1:colcon.colcon_core.environment:checking '/home/pi/amr_ws/src/install/costmap_converter' for CMake module files
[394.816s] Level 1:colcon.colcon_core.environment:checking '/home/pi/amr_ws/src/install/costmap_converter' for CMake config files
[394.818s] Level 1:colcon.colcon_core.shell:create_environment_hook('costmap_converter', 'cmake_prefix_path')
[394.824s] INFO:colcon.colcon_core.shell:Creating environment hook '/home/pi/amr_ws/src/install/costmap_converter/share/costmap_converter/hook/cmake_prefix_path.ps1'
[394.826s] INFO:colcon.colcon_core.shell:Creating environment descriptor '/home/pi/amr_ws/src/install/costmap_converter/share/costmap_converter/hook/cmake_prefix_path.dsv'
[394.828s] INFO:colcon.colcon_core.shell:Creating environment hook '/home/pi/amr_ws/src/install/costmap_converter/share/costmap_converter/hook/cmake_prefix_path.sh'
[394.831s] Level 1:colcon.colcon_core.environment:checking '/home/pi/amr_ws/src/install/costmap_converter/lib'
[394.832s] Level 1:colcon.colcon_core.shell:create_environment_hook('costmap_converter', 'ld_library_path_lib')
[394.838s] INFO:colcon.colcon_core.shell:Creating environment hook '/home/pi/amr_ws/src/install/costmap_converter/share/costmap_converter/hook/ld_library_path_lib.ps1'
[394.840s] INFO:colcon.colcon_core.shell:Creating environment descriptor '/home/pi/amr_ws/src/install/costmap_converter/share/costmap_converter/hook/ld_library_path_lib.dsv'
[394.842s] INFO:colcon.colcon_core.shell:Creating environment hook '/home/pi/amr_ws/src/install/costmap_converter/share/costmap_converter/hook/ld_library_path_lib.sh'
[394.844s] Level 1:colcon.colcon_core.environment:checking '/home/pi/amr_ws/src/install/costmap_converter/bin'
[394.845s] Level 1:colcon.colcon_core.shell:create_environment_hook('costmap_converter', 'path')
[394.850s] INFO:colcon.colcon_core.shell:Creating environment hook '/home/pi/amr_ws/src/install/costmap_converter/share/costmap_converter/hook/path.ps1'
[394.853s] INFO:colcon.colcon_core.shell:Creating environment descriptor '/home/pi/amr_ws/src/install/costmap_converter/share/costmap_converter/hook/path.dsv'
[394.855s] INFO:colcon.colcon_core.shell:Creating environment hook '/home/pi/amr_ws/src/install/costmap_converter/share/costmap_converter/hook/path.sh'
[394.857s] Level 1:colcon.colcon_core.environment:checking '/home/pi/amr_ws/src/install/costmap_converter/lib/pkgconfig/costmap_converter.pc'
[394.858s] Level 1:colcon.colcon_core.environment:checking '/home/pi/amr_ws/src/install/costmap_converter/lib/python3.10/site-packages'
[394.859s] Level 1:colcon.colcon_core.environment:checking '/home/pi/amr_ws/src/install/costmap_converter/bin'
[394.860s] Level 1:colcon.colcon_core.shell:create_environment_hook('costmap_converter', 'pythonscriptspath')
[394.866s] INFO:colcon.colcon_core.shell:Creating environment hook '/home/pi/amr_ws/src/install/costmap_converter/share/costmap_converter/hook/pythonscriptspath.ps1'
[394.868s] INFO:colcon.colcon_core.shell:Creating environment descriptor '/home/pi/amr_ws/src/install/costmap_converter/share/costmap_converter/hook/pythonscriptspath.dsv'
[394.870s] INFO:colcon.colcon_core.shell:Creating environment hook '/home/pi/amr_ws/src/install/costmap_converter/share/costmap_converter/hook/pythonscriptspath.sh'
[394.878s] INFO:colcon.colcon_core.shell:Creating package script '/home/pi/amr_ws/src/install/costmap_converter/share/costmap_converter/package.ps1'
[394.881s] INFO:colcon.colcon_core.shell:Creating package descriptor '/home/pi/amr_ws/src/install/costmap_converter/share/costmap_converter/package.dsv'
[394.885s] INFO:colcon.colcon_core.shell:Creating package script '/home/pi/amr_ws/src/install/costmap_converter/share/costmap_converter/package.sh'
[394.888s] INFO:colcon.colcon_core.shell:Creating package script '/home/pi/amr_ws/src/install/costmap_converter/share/costmap_converter/package.bash'
[394.890s] INFO:colcon.colcon_core.shell:Creating package script '/home/pi/amr_ws/src/install/costmap_converter/share/costmap_converter/package.zsh'
[394.893s] Level 1:colcon.colcon_core.environment:create_file_with_runtime_dependencies(/home/pi/amr_ws/src/install/costmap_converter/share/colcon-core/packages/costmap_converter)
[394.894s] INFO:colcon.colcon_ros.task.ament_cmake.build:Building ROS package in '/home/pi/amr_ws/src/teb_local_planner/teb_local_planner' with build type 'ament_cmake'
[394.895s] INFO:colcon.colcon_cmake.task.cmake.build:Building CMake package in '/home/pi/amr_ws/src/teb_local_planner/teb_local_planner'
[394.901s] INFO:colcon.colcon_core.shell:Skip shell extension 'powershell' for command environment: Not usable outside of PowerShell
[394.902s] DEBUG:colcon.colcon_core.shell:Skip shell extension 'dsv' for command environment
[395.030s] DEBUG:colcon.colcon_core.event_handler.log_command:Invoking command in '/home/pi/amr_ws/src/build/teb_local_planner': AMENT_PREFIX_PATH=/home/pi/amr_ws/src/install/teb_msgs:/home/pi/amr_ws/src/install/costmap_converter:/home/pi/amr_ws/src/install/costmap_converter_msgs:${AMENT_PREFIX_PATH} CMAKE_PREFIX_PATH=/home/pi/amr_ws/src/install/teb_msgs:/home/pi/amr_ws/src/install/costmap_converter:/home/pi/amr_ws/src/install/costmap_converter_msgs:/home/pi/amr_ws/install/witmotion_ros:/home/pi/amr_ws/install/sllidar_ros2:/home/pi/amr_ws/install/rplidar_ros2:/home/pi/amr_ws/install/micro_ros_setup:/home/pi/amr_ws/install/micro_ros_agent:/home/pi/amr_ws/install/micro_ros_msgs:/home/pi/amr_ws/install/ldlidar:/home/pi/amr_ws/install/foxglove_bridge:/home/pi/amr_ws/install/amr_interface:/home/pi/amr_ws/install/amr_control:/opt/ros/humble LD_LIBRARY_PATH=/home/pi/amr_ws/src/install/teb_msgs/lib:/home/pi/amr_ws/src/install/costmap_converter/lib:/home/pi/amr_ws/src/install/costmap_converter_msgs/lib:${LD_LIBRARY_PATH} PATH=/home/pi/amr_ws/src/install/costmap_converter/bin:${PATH} PYTHONPATH=/home/pi/amr_ws/src/install/teb_msgs/local/lib/python3.10/dist-packages:/home/pi/amr_ws/src/install/costmap_converter_msgs/local/lib/python3.10/dist-packages:${PYTHONPATH} /usr/bin/cmake /home/pi/amr_ws/src/teb_local_planner/teb_local_planner -DCMAKE_INSTALL_PREFIX=/home/pi/amr_ws/src/install/teb_local_planner
[568.994s] DEBUG:colcon.colcon_core.event_handler.log_command:Invoked command in '/home/pi/amr_ws/src/build/teb_local_planner' returned '0': AMENT_PREFIX_PATH=/home/pi/amr_ws/src/install/teb_msgs:/home/pi/amr_ws/src/install/costmap_converter:/home/pi/amr_ws/src/install/costmap_converter_msgs:${AMENT_PREFIX_PATH} CMAKE_PREFIX_PATH=/home/pi/amr_ws/src/install/teb_msgs:/home/pi/amr_ws/src/install/costmap_converter:/home/pi/amr_ws/src/install/costmap_converter_msgs:/home/pi/amr_ws/install/witmotion_ros:/home/pi/amr_ws/install/sllidar_ros2:/home/pi/amr_ws/install/rplidar_ros2:/home/pi/amr_ws/install/micro_ros_setup:/home/pi/amr_ws/install/micro_ros_agent:/home/pi/amr_ws/install/micro_ros_msgs:/home/pi/amr_ws/install/ldlidar:/home/pi/amr_ws/install/foxglove_bridge:/home/pi/amr_ws/install/amr_interface:/home/pi/amr_ws/install/amr_control:/opt/ros/humble LD_LIBRARY_PATH=/home/pi/amr_ws/src/install/teb_msgs/lib:/home/pi/amr_ws/src/install/costmap_converter/lib:/home/pi/amr_ws/src/install/costmap_converter_msgs/lib:${LD_LIBRARY_PATH} PATH=/home/pi/amr_ws/src/install/costmap_converter/bin:${PATH} PYTHONPATH=/home/pi/amr_ws/src/install/teb_msgs/local/lib/python3.10/dist-packages:/home/pi/amr_ws/src/install/costmap_converter_msgs/local/lib/python3.10/dist-packages:${PYTHONPATH} /usr/bin/cmake /home/pi/amr_ws/src/teb_local_planner/teb_local_planner -DCMAKE_INSTALL_PREFIX=/home/pi/amr_ws/src/install/teb_local_planner
[569.003s] DEBUG:colcon.colcon_core.event_handler.log_command:Invoking command in '/home/pi/amr_ws/src/build/teb_local_planner': AMENT_PREFIX_PATH=/home/pi/amr_ws/src/install/teb_msgs:/home/pi/amr_ws/src/install/costmap_converter:/home/pi/amr_ws/src/install/costmap_converter_msgs:${AMENT_PREFIX_PATH} CMAKE_PREFIX_PATH=/home/pi/amr_ws/src/install/teb_msgs:/home/pi/amr_ws/src/install/costmap_converter:/home/pi/amr_ws/src/install/costmap_converter_msgs:/home/pi/amr_ws/install/witmotion_ros:/home/pi/amr_ws/install/sllidar_ros2:/home/pi/amr_ws/install/rplidar_ros2:/home/pi/amr_ws/install/micro_ros_setup:/home/pi/amr_ws/install/micro_ros_agent:/home/pi/amr_ws/install/micro_ros_msgs:/home/pi/amr_ws/install/ldlidar:/home/pi/amr_ws/install/foxglove_bridge:/home/pi/amr_ws/install/amr_interface:/home/pi/amr_ws/install/amr_control:/opt/ros/humble LD_LIBRARY_PATH=/home/pi/amr_ws/src/install/teb_msgs/lib:/home/pi/amr_ws/src/install/costmap_converter/lib:/home/pi/amr_ws/src/install/costmap_converter_msgs/lib:${LD_LIBRARY_PATH} PATH=/home/pi/amr_ws/src/install/costmap_converter/bin:${PATH} PYTHONPATH=/home/pi/amr_ws/src/install/teb_msgs/local/lib/python3.10/dist-packages:/home/pi/amr_ws/src/install/costmap_converter_msgs/local/lib/python3.10/dist-packages:${PYTHONPATH} /usr/bin/cmake --build /home/pi/amr_ws/src/build/teb_local_planner -- -j4 -l4
[1143.105s] DEBUG:colcon.colcon_core.event_handler.log_command:Invoked command in '/home/pi/amr_ws/src/build/teb_local_planner' returned '0': AMENT_PREFIX_PATH=/home/pi/amr_ws/src/install/teb_msgs:/home/pi/amr_ws/src/install/costmap_converter:/home/pi/amr_ws/src/install/costmap_converter_msgs:${AMENT_PREFIX_PATH} CMAKE_PREFIX_PATH=/home/pi/amr_ws/src/install/teb_msgs:/home/pi/amr_ws/src/install/costmap_converter:/home/pi/amr_ws/src/install/costmap_converter_msgs:/home/pi/amr_ws/install/witmotion_ros:/home/pi/amr_ws/install/sllidar_ros2:/home/pi/amr_ws/install/rplidar_ros2:/home/pi/amr_ws/install/micro_ros_setup:/home/pi/amr_ws/install/micro_ros_agent:/home/pi/amr_ws/install/micro_ros_msgs:/home/pi/amr_ws/install/ldlidar:/home/pi/amr_ws/install/foxglove_bridge:/home/pi/amr_ws/install/amr_interface:/home/pi/amr_ws/install/amr_control:/opt/ros/humble LD_LIBRARY_PATH=/home/pi/amr_ws/src/install/teb_msgs/lib:/home/pi/amr_ws/src/install/costmap_converter/lib:/home/pi/amr_ws/src/install/costmap_converter_msgs/lib:${LD_LIBRARY_PATH} PATH=/home/pi/amr_ws/src/install/costmap_converter/bin:${PATH} PYTHONPATH=/home/pi/amr_ws/src/install/teb_msgs/local/lib/python3.10/dist-packages:/home/pi/amr_ws/src/install/costmap_converter_msgs/local/lib/python3.10/dist-packages:${PYTHONPATH} /usr/bin/cmake --build /home/pi/amr_ws/src/build/teb_local_planner -- -j4 -l4
[1143.455s] DEBUG:colcon.colcon_core.event_handler.log_command:Invoking command in '/home/pi/amr_ws/src/build/teb_local_planner': AMENT_PREFIX_PATH=/home/pi/amr_ws/src/install/teb_msgs:/home/pi/amr_ws/src/install/costmap_converter:/home/pi/amr_ws/src/install/costmap_converter_msgs:${AMENT_PREFIX_PATH} CMAKE_PREFIX_PATH=/home/pi/amr_ws/src/install/teb_msgs:/home/pi/amr_ws/src/install/costmap_converter:/home/pi/amr_ws/src/install/costmap_converter_msgs:/home/pi/amr_ws/install/witmotion_ros:/home/pi/amr_ws/install/sllidar_ros2:/home/pi/amr_ws/install/rplidar_ros2:/home/pi/amr_ws/install/micro_ros_setup:/home/pi/amr_ws/install/micro_ros_agent:/home/pi/amr_ws/install/micro_ros_msgs:/home/pi/amr_ws/install/ldlidar:/home/pi/amr_ws/install/foxglove_bridge:/home/pi/amr_ws/install/amr_interface:/home/pi/amr_ws/install/amr_control:/opt/ros/humble LD_LIBRARY_PATH=/home/pi/amr_ws/src/install/teb_msgs/lib:/home/pi/amr_ws/src/install/costmap_converter/lib:/home/pi/amr_ws/src/install/costmap_converter_msgs/lib:${LD_LIBRARY_PATH} PATH=/home/pi/amr_ws/src/install/costmap_converter/bin:${PATH} PYTHONPATH=/home/pi/amr_ws/src/install/teb_msgs/local/lib/python3.10/dist-packages:/home/pi/amr_ws/src/install/costmap_converter_msgs/local/lib/python3.10/dist-packages:${PYTHONPATH} /usr/bin/cmake --install /home/pi/amr_ws/src/build/teb_local_planner
[1143.620s] Level 1:colcon.colcon_core.environment:create_environment_scripts_only(teb_local_planner)
[1143.631s] Level 1:colcon.colcon_core.environment:checking '/home/pi/amr_ws/src/install/teb_local_planner' for CMake module files
[1143.634s] DEBUG:colcon.colcon_core.event_handler.log_command:Invoked command in '/home/pi/amr_ws/src/build/teb_local_planner' returned '0': AMENT_PREFIX_PATH=/home/pi/amr_ws/src/install/teb_msgs:/home/pi/amr_ws/src/install/costmap_converter:/home/pi/amr_ws/src/install/costmap_converter_msgs:${AMENT_PREFIX_PATH} CMAKE_PREFIX_PATH=/home/pi/amr_ws/src/install/teb_msgs:/home/pi/amr_ws/src/install/costmap_converter:/home/pi/amr_ws/src/install/costmap_converter_msgs:/home/pi/amr_ws/install/witmotion_ros:/home/pi/amr_ws/install/sllidar_ros2:/home/pi/amr_ws/install/rplidar_ros2:/home/pi/amr_ws/install/micro_ros_setup:/home/pi/amr_ws/install/micro_ros_agent:/home/pi/amr_ws/install/micro_ros_msgs:/home/pi/amr_ws/install/ldlidar:/home/pi/amr_ws/install/foxglove_bridge:/home/pi/amr_ws/install/amr_interface:/home/pi/amr_ws/install/amr_control:/opt/ros/humble LD_LIBRARY_PATH=/home/pi/amr_ws/src/install/teb_msgs/lib:/home/pi/amr_ws/src/install/costmap_converter/lib:/home/pi/amr_ws/src/install/costmap_converter_msgs/lib:${LD_LIBRARY_PATH} PATH=/home/pi/amr_ws/src/install/costmap_converter/bin:${PATH} PYTHONPATH=/home/pi/amr_ws/src/install/teb_msgs/local/lib/python3.10/dist-packages:/home/pi/amr_ws/src/install/costmap_converter_msgs/local/lib/python3.10/dist-packages:${PYTHONPATH} /usr/bin/cmake --install /home/pi/amr_ws/src/build/teb_local_planner
[1143.637s] Level 1:colcon.colcon_core.environment:checking '/home/pi/amr_ws/src/install/teb_local_planner' for CMake config files
[1143.639s] Level 1:colcon.colcon_core.shell:create_environment_hook('teb_local_planner', 'cmake_prefix_path')
[1143.645s] INFO:colcon.colcon_core.shell:Creating environment hook '/home/pi/amr_ws/src/install/teb_local_planner/share/teb_local_planner/hook/cmake_prefix_path.ps1'
[1143.647s] INFO:colcon.colcon_core.shell:Creating environment descriptor '/home/pi/amr_ws/src/install/teb_local_planner/share/teb_local_planner/hook/cmake_prefix_path.dsv'
[1143.649s] INFO:colcon.colcon_core.shell:Creating environment hook '/home/pi/amr_ws/src/install/teb_local_planner/share/teb_local_planner/hook/cmake_prefix_path.sh'
[1143.652s] Level 1:colcon.colcon_core.environment:checking '/home/pi/amr_ws/src/install/teb_local_planner/lib'
[1143.653s] Level 1:colcon.colcon_core.shell:create_environment_hook('teb_local_planner', 'ld_library_path_lib')
[1143.659s] INFO:colcon.colcon_core.shell:Creating environment hook '/home/pi/amr_ws/src/install/teb_local_planner/share/teb_local_planner/hook/ld_library_path_lib.ps1'
[1143.661s] INFO:colcon.colcon_core.shell:Creating environment descriptor '/home/pi/amr_ws/src/install/teb_local_planner/share/teb_local_planner/hook/ld_library_path_lib.dsv'
[1143.663s] INFO:colcon.colcon_core.shell:Creating environment hook '/home/pi/amr_ws/src/install/teb_local_planner/share/teb_local_planner/hook/ld_library_path_lib.sh'
[1143.665s] Level 1:colcon.colcon_core.environment:checking '/home/pi/amr_ws/src/install/teb_local_planner/bin'
[1143.666s] Level 1:colcon.colcon_core.environment:checking '/home/pi/amr_ws/src/install/teb_local_planner/lib/pkgconfig/teb_local_planner.pc'
[1143.667s] Level 1:colcon.colcon_core.environment:checking '/home/pi/amr_ws/src/install/teb_local_planner/lib/python3.10/site-packages'
[1143.669s] Level 1:colcon.colcon_core.environment:checking '/home/pi/amr_ws/src/install/teb_local_planner/bin'
[1143.676s] INFO:colcon.colcon_core.shell:Creating package script '/home/pi/amr_ws/src/install/teb_local_planner/share/teb_local_planner/package.ps1'
[1143.679s] INFO:colcon.colcon_core.shell:Creating package descriptor '/home/pi/amr_ws/src/install/teb_local_planner/share/teb_local_planner/package.dsv'
[1143.681s] INFO:colcon.colcon_core.shell:Creating package script '/home/pi/amr_ws/src/install/teb_local_planner/share/teb_local_planner/package.sh'
[1143.683s] INFO:colcon.colcon_core.shell:Creating package script '/home/pi/amr_ws/src/install/teb_local_planner/share/teb_local_planner/package.bash'
[1143.685s] INFO:colcon.colcon_core.shell:Creating package script '/home/pi/amr_ws/src/install/teb_local_planner/share/teb_local_planner/package.zsh'
[1143.688s] Level 1:colcon.colcon_core.environment:create_file_with_runtime_dependencies(/home/pi/amr_ws/src/install/teb_local_planner/share/colcon-core/packages/teb_local_planner)
[1144.000s] Level 1:colcon.colcon_core.environment:create_environment_scripts_only(teb_local_planner)
[1144.010s] Level 1:colcon.colcon_core.environment:checking '/home/pi/amr_ws/src/install/teb_local_planner' for CMake module files
[1144.014s] Level 1:colcon.colcon_core.environment:checking '/home/pi/amr_ws/src/install/teb_local_planner' for CMake config files
[1144.016s] Level 1:colcon.colcon_core.shell:create_environment_hook('teb_local_planner', 'cmake_prefix_path')
[1144.022s] INFO:colcon.colcon_core.shell:Creating environment hook '/home/pi/amr_ws/src/install/teb_local_planner/share/teb_local_planner/hook/cmake_prefix_path.ps1'
[1144.024s] INFO:colcon.colcon_core.shell:Creating environment descriptor '/home/pi/amr_ws/src/install/teb_local_planner/share/teb_local_planner/hook/cmake_prefix_path.dsv'
[1144.026s] INFO:colcon.colcon_core.shell:Creating environment hook '/home/pi/amr_ws/src/install/teb_local_planner/share/teb_local_planner/hook/cmake_prefix_path.sh'
[1144.029s] Level 1:colcon.colcon_core.environment:checking '/home/pi/amr_ws/src/install/teb_local_planner/lib'
[1144.030s] Level 1:colcon.colcon_core.shell:create_environment_hook('teb_local_planner', 'ld_library_path_lib')
[1144.036s] INFO:colcon.colcon_core.shell:Creating environment hook '/home/pi/amr_ws/src/install/teb_local_planner/share/teb_local_planner/hook/ld_library_path_lib.ps1'
[1144.038s] INFO:colcon.colcon_core.shell:Creating environment descriptor '/home/pi/amr_ws/src/install/teb_local_planner/share/teb_local_planner/hook/ld_library_path_lib.dsv'
[1144.040s] INFO:colcon.colcon_core.shell:Creating environment hook '/home/pi/amr_ws/src/install/teb_local_planner/share/teb_local_planner/hook/ld_library_path_lib.sh'
[1144.042s] Level 1:colcon.colcon_core.environment:checking '/home/pi/amr_ws/src/install/teb_local_planner/bin'
[1144.042s] Level 1:colcon.colcon_core.environment:checking '/home/pi/amr_ws/src/install/teb_local_planner/lib/pkgconfig/teb_local_planner.pc'
[1144.043s] Level 1:colcon.colcon_core.environment:checking '/home/pi/amr_ws/src/install/teb_local_planner/lib/python3.10/site-packages'
[1144.044s] Level 1:colcon.colcon_core.environment:checking '/home/pi/amr_ws/src/install/teb_local_planner/bin'
[1144.050s] INFO:colcon.colcon_core.shell:Creating package script '/home/pi/amr_ws/src/install/teb_local_planner/share/teb_local_planner/package.ps1'
[1144.170s] INFO:colcon.colcon_core.shell:Creating package descriptor '/home/pi/amr_ws/src/install/teb_local_planner/share/teb_local_planner/package.dsv'
[1144.173s] INFO:colcon.colcon_core.shell:Creating package script '/home/pi/amr_ws/src/install/teb_local_planner/share/teb_local_planner/package.sh'
[1144.176s] INFO:colcon.colcon_core.shell:Creating package script '/home/pi/amr_ws/src/install/teb_local_planner/share/teb_local_planner/package.bash'
[1144.179s] INFO:colcon.colcon_core.shell:Creating package script '/home/pi/amr_ws/src/install/teb_local_planner/share/teb_local_planner/package.zsh'
[1144.182s] Level 1:colcon.colcon_core.environment:create_file_with_runtime_dependencies(/home/pi/amr_ws/src/install/teb_local_planner/share/colcon-core/packages/teb_local_planner)
[1144.183s] DEBUG:colcon.colcon_parallel_executor.executor.parallel:closing loop
[1144.185s] DEBUG:colcon.colcon_parallel_executor.executor.parallel:loop closed
[1144.186s] DEBUG:colcon.colcon_parallel_executor.executor.parallel:run_until_complete finished with '0'
[1144.186s] DEBUG:colcon.colcon_core.event_reactor:joining thread
[1144.221s] INFO:colcon.colcon_core.plugin_system:Skipping extension 'colcon_notification.desktop_notification.terminal_notifier': Not used on non-Darwin systems
[1144.222s] INFO:colcon.colcon_core.plugin_system:Skipping extension 'colcon_notification.desktop_notification.win32': Not used on non-Windows systems
[1144.222s] INFO:colcon.colcon_notification.desktop_notification:Sending desktop notification using 'notify2'
[1144.228s] DEBUG:colcon.colcon_notification.desktop_notification.notify2:Failed to initialize notify2: org.freedesktop.DBus.Error.ServiceUnknown: The name org.freedesktop.Notifications was not provided by any .service files
[1144.229s] DEBUG:colcon.colcon_core.event_reactor:joined thread
[1144.235s] INFO:colcon.colcon_core.shell:Creating prefix script '/home/pi/amr_ws/src/install/local_setup.ps1'
[1144.239s] INFO:colcon.colcon_core.shell:Creating prefix util module '/home/pi/amr_ws/src/install/_local_setup_util_ps1.py'
[1144.245s] INFO:colcon.colcon_core.shell:Creating prefix chain script '/home/pi/amr_ws/src/install/setup.ps1'
[1144.255s] INFO:colcon.colcon_core.shell:Creating prefix script '/home/pi/amr_ws/src/install/local_setup.sh'
[1144.258s] INFO:colcon.colcon_core.shell:Creating prefix util module '/home/pi/amr_ws/src/install/_local_setup_util_sh.py'
[1144.260s] INFO:colcon.colcon_core.shell:Creating prefix chain script '/home/pi/amr_ws/src/install/setup.sh'
[1144.270s] INFO:colcon.colcon_core.shell:Creating prefix script '/home/pi/amr_ws/src/install/local_setup.bash'
[1144.273s] INFO:colcon.colcon_core.shell:Creating prefix chain script '/home/pi/amr_ws/src/install/setup.bash'
[1144.282s] INFO:colcon.colcon_core.shell:Creating prefix script '/home/pi/amr_ws/src/install/local_setup.zsh'
[1144.284s] INFO:colcon.colcon_core.shell:Creating prefix chain script '/home/pi/amr_ws/src/install/setup.zsh'
