-- Found ament_cmake: 1.3.3 (/opt/ros/humble/share/ament_cmake/cmake)
-- Found builtin_interfaces: 1.2.1 (/opt/ros/humble/share/builtin_interfaces/cmake)
-- Found rosidl_generator_c: 3.1.4 (/opt/ros/humble/share/rosidl_generator_c/cmake)
-- Found rosidl_adapter: 3.1.4 (/opt/ros/humble/share/rosidl_adapter/cmake)
-- Found rosidl_generator_cpp: 3.1.4 (/opt/ros/humble/share/rosidl_generator_cpp/cmake)
-- Using all available rosidl_typesupport_c: rosidl_typesupport_fastrtps_c;rosidl_typesupport_introspection_c
-- Using all available rosidl_typesupport_cpp: rosidl_typesupport_fastrtps_cpp;rosidl_typesupport_introspection_cpp
-- Found costmap_converter_msgs: 0.1.2 (/home/pi/amr_ws/src/install/costmap_converter_msgs/share/costmap_converter_msgs/cmake)
-- Found rosidl_default_generators: 1.2.0 (/opt/ros/humble/share/rosidl_default_generators/cmake)
-- Found ament_cmake_ros: 0.10.0 (/opt/ros/humble/share/ament_cmake_ros/cmake)
-- Using all available rosidl_typesupport_c: rosidl_typesupport_fastrtps_c;rosidl_typesupport_introspection_c
-- Using all available rosidl_typesupport_cpp: rosidl_typesupport_fastrtps_cpp;rosidl_typesupport_introspection_cpp
-- Found PythonInterp: /usr/bin/python3 (found suitable version "3.10.6", minimum required is "3.6") 
-- Found python_cmake_module: 0.10.0 (/opt/ros/humble/share/python_cmake_module/cmake)
-- Found PythonLibs: /usr/lib/aarch64-linux-gnu/libpython3.10.so (found suitable version "3.10.6", minimum required is "3.5") 
-- Using PYTHON_EXECUTABLE: /usr/bin/python3
-- Using PYTHON_INCLUDE_DIRS: /usr/include/python3.10
-- Using PYTHON_LIBRARIES: /usr/lib/aarch64-linux-gnu/libpython3.10.so
-- Found PythonExtra: .so  
-- Configuring done
-- Generating done
-- Build files have been written to: /home/pi/amr_ws/src/build/teb_msgs
[  2%] [34m[1mGenerating C code for ROS interfaces[0m
[  4%] [34m[1mGenerating C++ code for ROS interfaces[0m
[  4%] Built target ament_cmake_python_copy_teb_msgs
running egg_info
creating teb_msgs.egg-info
writing teb_msgs.egg-info/PKG-INFO
writing dependency_links to teb_msgs.egg-info/dependency_links.txt
writing top-level names to teb_msgs.egg-info/top_level.txt
writing manifest file 'teb_msgs.egg-info/SOURCES.txt'
reading manifest file 'teb_msgs.egg-info/SOURCES.txt'
writing manifest file 'teb_msgs.egg-info/SOURCES.txt'
[  4%] Built target ament_cmake_python_build_teb_msgs_egg
[  6%] [32mBuilding C object CMakeFiles/teb_msgs__rosidl_generator_c.dir/rosidl_generator_c/teb_msgs/msg/detail/feedback_msg__functions.c.o[0m
[  8%] [32mBuilding C object CMakeFiles/teb_msgs__rosidl_generator_c.dir/rosidl_generator_c/teb_msgs/msg/detail/trajectory_msg__functions.c.o[0m
[ 10%] [32mBuilding C object CMakeFiles/teb_msgs__rosidl_generator_c.dir/rosidl_generator_c/teb_msgs/msg/detail/trajectory_point_msg__functions.c.o[0m
[ 12%] [32m[1mLinking C shared library libteb_msgs__rosidl_generator_c.so[0m
[ 12%] Built target teb_msgs__cpp
[ 14%] [34m[1mGenerating C++ type support for eProsima Fast-RTPS[0m
[ 17%] [34m[1mGenerating C++ type support dispatch for ROS interfaces[0m
[ 19%] [34m[1mGenerating C++ introspection for ROS interfaces[0m
[ 19%] Built target teb_msgs__rosidl_generator_c
[ 21%] [34m[1mGenerating C type support for eProsima Fast-RTPS[0m
[ 23%] [32mBuilding CXX object CMakeFiles/teb_msgs__rosidl_typesupport_fastrtps_cpp.dir/rosidl_typesupport_fastrtps_cpp/teb_msgs/msg/detail/dds_fastrtps/feedback_msg__type_support.cpp.o[0m
[ 25%] [32mBuilding CXX object CMakeFiles/teb_msgs__rosidl_typesupport_cpp.dir/rosidl_typesupport_cpp/teb_msgs/msg/feedback_msg__type_support.cpp.o[0m
[ 27%] [32mBuilding CXX object CMakeFiles/teb_msgs__rosidl_typesupport_fastrtps_c.dir/rosidl_typesupport_fastrtps_c/teb_msgs/msg/detail/feedback_msg__type_support_c.cpp.o[0m
[ 29%] [32mBuilding CXX object CMakeFiles/teb_msgs__rosidl_typesupport_introspection_cpp.dir/rosidl_typesupport_introspection_cpp/teb_msgs/msg/detail/feedback_msg__type_support.cpp.o[0m
[ 31%] [32mBuilding CXX object CMakeFiles/teb_msgs__rosidl_typesupport_cpp.dir/rosidl_typesupport_cpp/teb_msgs/msg/trajectory_msg__type_support.cpp.o[0m
[ 34%] [32mBuilding CXX object CMakeFiles/teb_msgs__rosidl_typesupport_fastrtps_c.dir/rosidl_typesupport_fastrtps_c/teb_msgs/msg/detail/trajectory_msg__type_support_c.cpp.o[0m
[ 36%] [32mBuilding CXX object CMakeFiles/teb_msgs__rosidl_typesupport_fastrtps_cpp.dir/rosidl_typesupport_fastrtps_cpp/teb_msgs/msg/detail/dds_fastrtps/trajectory_msg__type_support.cpp.o[0m
[ 38%] [32mBuilding CXX object CMakeFiles/teb_msgs__rosidl_typesupport_cpp.dir/rosidl_typesupport_cpp/teb_msgs/msg/trajectory_point_msg__type_support.cpp.o[0m
[ 40%] [32mBuilding CXX object CMakeFiles/teb_msgs__rosidl_typesupport_introspection_cpp.dir/rosidl_typesupport_introspection_cpp/teb_msgs/msg/detail/trajectory_msg__type_support.cpp.o[0m
[ 42%] [32m[1mLinking CXX shared library libteb_msgs__rosidl_typesupport_cpp.so[0m
[ 42%] Built target teb_msgs__rosidl_typesupport_cpp
[ 44%] [32mBuilding CXX object CMakeFiles/teb_msgs__rosidl_typesupport_fastrtps_c.dir/rosidl_typesupport_fastrtps_c/teb_msgs/msg/detail/trajectory_point_msg__type_support_c.cpp.o[0m
[ 46%] [32mBuilding CXX object CMakeFiles/teb_msgs__rosidl_typesupport_fastrtps_cpp.dir/rosidl_typesupport_fastrtps_cpp/teb_msgs/msg/detail/dds_fastrtps/trajectory_point_msg__type_support.cpp.o[0m
[ 48%] [32mBuilding CXX object CMakeFiles/teb_msgs__rosidl_typesupport_introspection_cpp.dir/rosidl_typesupport_introspection_cpp/teb_msgs/msg/detail/trajectory_point_msg__type_support.cpp.o[0m
[ 51%] [32m[1mLinking CXX shared library libteb_msgs__rosidl_typesupport_fastrtps_c.so[0m
[ 51%] Built target teb_msgs__rosidl_typesupport_fastrtps_c
[ 53%] [32m[1mLinking CXX shared library libteb_msgs__rosidl_typesupport_fastrtps_cpp.so[0m
[ 53%] Built target teb_msgs__rosidl_typesupport_fastrtps_cpp
[ 55%] [32m[1mLinking CXX shared library libteb_msgs__rosidl_typesupport_introspection_cpp.so[0m
[ 55%] Built target teb_msgs__rosidl_typesupport_introspection_cpp
[ 57%] [34m[1mGenerating C type support dispatch for ROS interfaces[0m
[ 59%] [32mBuilding CXX object CMakeFiles/teb_msgs__rosidl_typesupport_c.dir/rosidl_typesupport_c/teb_msgs/msg/feedback_msg__type_support.cpp.o[0m
[ 61%] [32mBuilding CXX object CMakeFiles/teb_msgs__rosidl_typesupport_c.dir/rosidl_typesupport_c/teb_msgs/msg/trajectory_point_msg__type_support.cpp.o[0m
[ 63%] [32mBuilding CXX object CMakeFiles/teb_msgs__rosidl_typesupport_c.dir/rosidl_typesupport_c/teb_msgs/msg/trajectory_msg__type_support.cpp.o[0m
[ 65%] [32m[1mLinking CXX shared library libteb_msgs__rosidl_typesupport_c.so[0m
[ 65%] Built target teb_msgs__rosidl_typesupport_c
[ 68%] [34m[1mGenerating C introspection for ROS interfaces[0m
[ 70%] [32mBuilding C object CMakeFiles/teb_msgs__rosidl_typesupport_introspection_c.dir/rosidl_typesupport_introspection_c/teb_msgs/msg/detail/feedback_msg__type_support.c.o[0m
[ 72%] [32mBuilding C object CMakeFiles/teb_msgs__rosidl_typesupport_introspection_c.dir/rosidl_typesupport_introspection_c/teb_msgs/msg/detail/trajectory_point_msg__type_support.c.o[0m
[ 74%] [32mBuilding C object CMakeFiles/teb_msgs__rosidl_typesupport_introspection_c.dir/rosidl_typesupport_introspection_c/teb_msgs/msg/detail/trajectory_msg__type_support.c.o[0m
[ 76%] [32m[1mLinking C shared library libteb_msgs__rosidl_typesupport_introspection_c.so[0m
[ 76%] Built target teb_msgs__rosidl_typesupport_introspection_c
[ 76%] Built target teb_msgs
[ 78%] [34m[1mGenerating Python code for ROS interfaces[0m
[ 78%] Built target teb_msgs__py
[ 80%] [32mBuilding C object CMakeFiles/teb_msgs__rosidl_generator_py.dir/rosidl_generator_py/teb_msgs/msg/_feedback_msg_s.c.o[0m
[ 82%] [32mBuilding C object CMakeFiles/teb_msgs__rosidl_generator_py.dir/rosidl_generator_py/teb_msgs/msg/_trajectory_point_msg_s.c.o[0m
[ 85%] [32mBuilding C object CMakeFiles/teb_msgs__rosidl_generator_py.dir/rosidl_generator_py/teb_msgs/msg/_trajectory_msg_s.c.o[0m
[ 87%] [32m[1mLinking C shared library rosidl_generator_py/teb_msgs/libteb_msgs__rosidl_generator_py.so[0m
[ 87%] Built target teb_msgs__rosidl_generator_py
[ 89%] [32mBuilding C object CMakeFiles/teb_msgs__rosidl_typesupport_fastrtps_c__pyext.dir/rosidl_generator_py/teb_msgs/_teb_msgs_s.ep.rosidl_typesupport_fastrtps_c.c.o[0m
[ 91%] [32mBuilding C object CMakeFiles/teb_msgs__rosidl_typesupport_introspection_c__pyext.dir/rosidl_generator_py/teb_msgs/_teb_msgs_s.ep.rosidl_typesupport_introspection_c.c.o[0m
[ 93%] [32m[1mLinking C shared library rosidl_generator_py/teb_msgs/teb_msgs_s__rosidl_typesupport_fastrtps_c.cpython-310-aarch64-linux-gnu.so[0m
[ 95%] [32m[1mLinking C shared library rosidl_generator_py/teb_msgs/teb_msgs_s__rosidl_typesupport_introspection_c.cpython-310-aarch64-linux-gnu.so[0m
[ 95%] Built target teb_msgs__rosidl_typesupport_fastrtps_c__pyext
[ 95%] Built target teb_msgs__rosidl_typesupport_introspection_c__pyext
[ 97%] [32mBuilding C object CMakeFiles/teb_msgs__rosidl_typesupport_c__pyext.dir/rosidl_generator_py/teb_msgs/_teb_msgs_s.ep.rosidl_typesupport_c.c.o[0m
[100%] [32m[1mLinking C shared library rosidl_generator_py/teb_msgs/teb_msgs_s__rosidl_typesupport_c.cpython-310-aarch64-linux-gnu.so[0m
[100%] Built target teb_msgs__rosidl_typesupport_c__pyext
-- Install configuration: ""
-- Installing: /home/pi/amr_ws/src/install/teb_msgs/share/ament_index/resource_index/rosidl_interfaces/teb_msgs
-- Installing: /home/pi/amr_ws/src/install/teb_msgs/include/teb_msgs/teb_msgs
-- Installing: /home/pi/amr_ws/src/install/teb_msgs/include/teb_msgs/teb_msgs/msg
-- Installing: /home/pi/amr_ws/src/install/teb_msgs/include/teb_msgs/teb_msgs/msg/trajectory_point_msg.h
-- Installing: /home/pi/amr_ws/src/install/teb_msgs/include/teb_msgs/teb_msgs/msg/trajectory_msg.h
-- Installing: /home/pi/amr_ws/src/install/teb_msgs/include/teb_msgs/teb_msgs/msg/rosidl_generator_c__visibility_control.h
-- Installing: /home/pi/amr_ws/src/install/teb_msgs/include/teb_msgs/teb_msgs/msg/feedback_msg.h
-- Installing: /home/pi/amr_ws/src/install/teb_msgs/include/teb_msgs/teb_msgs/msg/detail
-- Installing: /home/pi/amr_ws/src/install/teb_msgs/include/teb_msgs/teb_msgs/msg/detail/feedback_msg__type_support.h
-- Installing: /home/pi/amr_ws/src/install/teb_msgs/include/teb_msgs/teb_msgs/msg/detail/trajectory_msg__type_support.h
-- Installing: /home/pi/amr_ws/src/install/teb_msgs/include/teb_msgs/teb_msgs/msg/detail/feedback_msg__struct.h
-- Installing: /home/pi/amr_ws/src/install/teb_msgs/include/teb_msgs/teb_msgs/msg/detail/trajectory_msg__functions.h
-- Installing: /home/pi/amr_ws/src/install/teb_msgs/include/teb_msgs/teb_msgs/msg/detail/trajectory_point_msg__type_support.h
-- Installing: /home/pi/amr_ws/src/install/teb_msgs/include/teb_msgs/teb_msgs/msg/detail/feedback_msg__functions.c
-- Installing: /home/pi/amr_ws/src/install/teb_msgs/include/teb_msgs/teb_msgs/msg/detail/trajectory_msg__struct.h
-- Installing: /home/pi/amr_ws/src/install/teb_msgs/include/teb_msgs/teb_msgs/msg/detail/trajectory_point_msg__functions.h
-- Installing: /home/pi/amr_ws/src/install/teb_msgs/include/teb_msgs/teb_msgs/msg/detail/trajectory_msg__functions.c
-- Installing: /home/pi/amr_ws/src/install/teb_msgs/include/teb_msgs/teb_msgs/msg/detail/feedback_msg__functions.h
-- Installing: /home/pi/amr_ws/src/install/teb_msgs/include/teb_msgs/teb_msgs/msg/detail/trajectory_point_msg__struct.h
-- Installing: /home/pi/amr_ws/src/install/teb_msgs/include/teb_msgs/teb_msgs/msg/detail/trajectory_point_msg__functions.c
-- Installing: /home/pi/amr_ws/src/install/teb_msgs/share/teb_msgs/environment/library_path.sh
-- Installing: /home/pi/amr_ws/src/install/teb_msgs/share/teb_msgs/environment/library_path.dsv
-- Installing: /home/pi/amr_ws/src/install/teb_msgs/lib/libteb_msgs__rosidl_generator_c.so
-- Set runtime path of "/home/pi/amr_ws/src/install/teb_msgs/lib/libteb_msgs__rosidl_generator_c.so" to ""
-- Up-to-date: /home/pi/amr_ws/src/install/teb_msgs/include/teb_msgs/teb_msgs
-- Up-to-date: /home/pi/amr_ws/src/install/teb_msgs/include/teb_msgs/teb_msgs/msg
-- Installing: /home/pi/amr_ws/src/install/teb_msgs/include/teb_msgs/teb_msgs/msg/rosidl_typesupport_fastrtps_c__visibility_control.h
-- Up-to-date: /home/pi/amr_ws/src/install/teb_msgs/include/teb_msgs/teb_msgs/msg/detail
-- Installing: /home/pi/amr_ws/src/install/teb_msgs/include/teb_msgs/teb_msgs/msg/detail/feedback_msg__rosidl_typesupport_fastrtps_c.h
-- Installing: /home/pi/amr_ws/src/install/teb_msgs/include/teb_msgs/teb_msgs/msg/detail/trajectory_point_msg__rosidl_typesupport_fastrtps_c.h
-- Installing: /home/pi/amr_ws/src/install/teb_msgs/include/teb_msgs/teb_msgs/msg/detail/trajectory_msg__rosidl_typesupport_fastrtps_c.h
-- Installing: /home/pi/amr_ws/src/install/teb_msgs/lib/libteb_msgs__rosidl_typesupport_fastrtps_c.so
-- Set runtime path of "/home/pi/amr_ws/src/install/teb_msgs/lib/libteb_msgs__rosidl_typesupport_fastrtps_c.so" to ""
-- Up-to-date: /home/pi/amr_ws/src/install/teb_msgs/include/teb_msgs/teb_msgs
-- Up-to-date: /home/pi/amr_ws/src/install/teb_msgs/include/teb_msgs/teb_msgs/msg
-- Installing: /home/pi/amr_ws/src/install/teb_msgs/include/teb_msgs/teb_msgs/msg/feedback_msg.hpp
-- Installing: /home/pi/amr_ws/src/install/teb_msgs/include/teb_msgs/teb_msgs/msg/trajectory_point_msg.hpp
-- Up-to-date: /home/pi/amr_ws/src/install/teb_msgs/include/teb_msgs/teb_msgs/msg/detail
-- Installing: /home/pi/amr_ws/src/install/teb_msgs/include/teb_msgs/teb_msgs/msg/detail/feedback_msg__traits.hpp
-- Installing: /home/pi/amr_ws/src/install/teb_msgs/include/teb_msgs/teb_msgs/msg/detail/feedback_msg__builder.hpp
-- Installing: /home/pi/amr_ws/src/install/teb_msgs/include/teb_msgs/teb_msgs/msg/detail/trajectory_msg__traits.hpp
-- Installing: /home/pi/amr_ws/src/install/teb_msgs/include/teb_msgs/teb_msgs/msg/detail/feedback_msg__struct.hpp
-- Installing: /home/pi/amr_ws/src/install/teb_msgs/include/teb_msgs/teb_msgs/msg/detail/trajectory_msg__builder.hpp
-- Installing: /home/pi/amr_ws/src/install/teb_msgs/include/teb_msgs/teb_msgs/msg/detail/trajectory_point_msg__struct.hpp
-- Installing: /home/pi/amr_ws/src/install/teb_msgs/include/teb_msgs/teb_msgs/msg/detail/trajectory_point_msg__traits.hpp
-- Installing: /home/pi/amr_ws/src/install/teb_msgs/include/teb_msgs/teb_msgs/msg/detail/trajectory_msg__struct.hpp
-- Installing: /home/pi/amr_ws/src/install/teb_msgs/include/teb_msgs/teb_msgs/msg/detail/trajectory_point_msg__builder.hpp
-- Installing: /home/pi/amr_ws/src/install/teb_msgs/include/teb_msgs/teb_msgs/msg/trajectory_msg.hpp
-- Up-to-date: /home/pi/amr_ws/src/install/teb_msgs/include/teb_msgs/teb_msgs
-- Up-to-date: /home/pi/amr_ws/src/install/teb_msgs/include/teb_msgs/teb_msgs/msg
-- Installing: /home/pi/amr_ws/src/install/teb_msgs/include/teb_msgs/teb_msgs/msg/rosidl_typesupport_fastrtps_cpp__visibility_control.h
-- Up-to-date: /home/pi/amr_ws/src/install/teb_msgs/include/teb_msgs/teb_msgs/msg/detail
-- Installing: /home/pi/amr_ws/src/install/teb_msgs/include/teb_msgs/teb_msgs/msg/detail/trajectory_point_msg__rosidl_typesupport_fastrtps_cpp.hpp
-- Installing: /home/pi/amr_ws/src/install/teb_msgs/include/teb_msgs/teb_msgs/msg/detail/feedback_msg__rosidl_typesupport_fastrtps_cpp.hpp
-- Installing: /home/pi/amr_ws/src/install/teb_msgs/include/teb_msgs/teb_msgs/msg/detail/dds_fastrtps
-- Installing: /home/pi/amr_ws/src/install/teb_msgs/include/teb_msgs/teb_msgs/msg/detail/trajectory_msg__rosidl_typesupport_fastrtps_cpp.hpp
-- Installing: /home/pi/amr_ws/src/install/teb_msgs/lib/libteb_msgs__rosidl_typesupport_fastrtps_cpp.so
-- Set runtime path of "/home/pi/amr_ws/src/install/teb_msgs/lib/libteb_msgs__rosidl_typesupport_fastrtps_cpp.so" to ""
-- Up-to-date: /home/pi/amr_ws/src/install/teb_msgs/include/teb_msgs/teb_msgs
-- Up-to-date: /home/pi/amr_ws/src/install/teb_msgs/include/teb_msgs/teb_msgs/msg
-- Installing: /home/pi/amr_ws/src/install/teb_msgs/include/teb_msgs/teb_msgs/msg/rosidl_typesupport_introspection_c__visibility_control.h
-- Up-to-date: /home/pi/amr_ws/src/install/teb_msgs/include/teb_msgs/teb_msgs/msg/detail
-- Installing: /home/pi/amr_ws/src/install/teb_msgs/include/teb_msgs/teb_msgs/msg/detail/feedback_msg__rosidl_typesupport_introspection_c.h
-- Installing: /home/pi/amr_ws/src/install/teb_msgs/include/teb_msgs/teb_msgs/msg/detail/trajectory_msg__rosidl_typesupport_introspection_c.h
-- Installing: /home/pi/amr_ws/src/install/teb_msgs/include/teb_msgs/teb_msgs/msg/detail/feedback_msg__type_support.c
-- Installing: /home/pi/amr_ws/src/install/teb_msgs/include/teb_msgs/teb_msgs/msg/detail/trajectory_point_msg__rosidl_typesupport_introspection_c.h
-- Installing: /home/pi/amr_ws/src/install/teb_msgs/include/teb_msgs/teb_msgs/msg/detail/trajectory_point_msg__type_support.c
-- Installing: /home/pi/amr_ws/src/install/teb_msgs/include/teb_msgs/teb_msgs/msg/detail/trajectory_msg__type_support.c
-- Installing: /home/pi/amr_ws/src/install/teb_msgs/lib/libteb_msgs__rosidl_typesupport_introspection_c.so
-- Set runtime path of "/home/pi/amr_ws/src/install/teb_msgs/lib/libteb_msgs__rosidl_typesupport_introspection_c.so" to ""
-- Installing: /home/pi/amr_ws/src/install/teb_msgs/lib/libteb_msgs__rosidl_typesupport_c.so
-- Set runtime path of "/home/pi/amr_ws/src/install/teb_msgs/lib/libteb_msgs__rosidl_typesupport_c.so" to ""
-- Up-to-date: /home/pi/amr_ws/src/install/teb_msgs/include/teb_msgs/teb_msgs
-- Up-to-date: /home/pi/amr_ws/src/install/teb_msgs/include/teb_msgs/teb_msgs/msg
-- Up-to-date: /home/pi/amr_ws/src/install/teb_msgs/include/teb_msgs/teb_msgs/msg/detail
-- Installing: /home/pi/amr_ws/src/install/teb_msgs/include/teb_msgs/teb_msgs/msg/detail/trajectory_point_msg__rosidl_typesupport_introspection_cpp.hpp
-- Installing: /home/pi/amr_ws/src/install/teb_msgs/include/teb_msgs/teb_msgs/msg/detail/trajectory_point_msg__type_support.cpp
-- Installing: /home/pi/amr_ws/src/install/teb_msgs/include/teb_msgs/teb_msgs/msg/detail/feedback_msg__rosidl_typesupport_introspection_cpp.hpp
-- Installing: /home/pi/amr_ws/src/install/teb_msgs/include/teb_msgs/teb_msgs/msg/detail/feedback_msg__type_support.cpp
-- Installing: /home/pi/amr_ws/src/install/teb_msgs/include/teb_msgs/teb_msgs/msg/detail/trajectory_msg__type_support.cpp
-- Installing: /home/pi/amr_ws/src/install/teb_msgs/include/teb_msgs/teb_msgs/msg/detail/trajectory_msg__rosidl_typesupport_introspection_cpp.hpp
-- Installing: /home/pi/amr_ws/src/install/teb_msgs/lib/libteb_msgs__rosidl_typesupport_introspection_cpp.so
-- Set runtime path of "/home/pi/amr_ws/src/install/teb_msgs/lib/libteb_msgs__rosidl_typesupport_introspection_cpp.so" to ""
-- Installing: /home/pi/amr_ws/src/install/teb_msgs/lib/libteb_msgs__rosidl_typesupport_cpp.so
-- Set runtime path of "/home/pi/amr_ws/src/install/teb_msgs/lib/libteb_msgs__rosidl_typesupport_cpp.so" to ""
-- Installing: /home/pi/amr_ws/src/install/teb_msgs/share/teb_msgs/environment/pythonpath.sh
-- Installing: /home/pi/amr_ws/src/install/teb_msgs/share/teb_msgs/environment/pythonpath.dsv
-- Installing: /home/pi/amr_ws/src/install/teb_msgs/local/lib/python3.10/dist-packages/teb_msgs-0.0.1-py3.10.egg-info
-- Installing: /home/pi/amr_ws/src/install/teb_msgs/local/lib/python3.10/dist-packages/teb_msgs-0.0.1-py3.10.egg-info/PKG-INFO
-- Installing: /home/pi/amr_ws/src/install/teb_msgs/local/lib/python3.10/dist-packages/teb_msgs-0.0.1-py3.10.egg-info/top_level.txt
-- Installing: /home/pi/amr_ws/src/install/teb_msgs/local/lib/python3.10/dist-packages/teb_msgs-0.0.1-py3.10.egg-info/SOURCES.txt
-- Installing: /home/pi/amr_ws/src/install/teb_msgs/local/lib/python3.10/dist-packages/teb_msgs-0.0.1-py3.10.egg-info/dependency_links.txt
-- Installing: /home/pi/amr_ws/src/install/teb_msgs/local/lib/python3.10/dist-packages/teb_msgs
-- Installing: /home/pi/amr_ws/src/install/teb_msgs/local/lib/python3.10/dist-packages/teb_msgs/_teb_msgs_s.ep.rosidl_typesupport_fastrtps_c.c
-- Installing: /home/pi/amr_ws/src/install/teb_msgs/local/lib/python3.10/dist-packages/teb_msgs/msg
-- Installing: /home/pi/amr_ws/src/install/teb_msgs/local/lib/python3.10/dist-packages/teb_msgs/msg/_feedback_msg_s.c
-- Installing: /home/pi/amr_ws/src/install/teb_msgs/local/lib/python3.10/dist-packages/teb_msgs/msg/_feedback_msg.py
-- Installing: /home/pi/amr_ws/src/install/teb_msgs/local/lib/python3.10/dist-packages/teb_msgs/msg/__init__.py
-- Installing: /home/pi/amr_ws/src/install/teb_msgs/local/lib/python3.10/dist-packages/teb_msgs/msg/_trajectory_point_msg_s.c
-- Installing: /home/pi/amr_ws/src/install/teb_msgs/local/lib/python3.10/dist-packages/teb_msgs/msg/_trajectory_msg_s.c
-- Installing: /home/pi/amr_ws/src/install/teb_msgs/local/lib/python3.10/dist-packages/teb_msgs/msg/_trajectory_msg.py
-- Installing: /home/pi/amr_ws/src/install/teb_msgs/local/lib/python3.10/dist-packages/teb_msgs/msg/_trajectory_point_msg.py
-- Installing: /home/pi/amr_ws/src/install/teb_msgs/local/lib/python3.10/dist-packages/teb_msgs/teb_msgs_s__rosidl_typesupport_c.cpython-310-aarch64-linux-gnu.so
-- Installing: /home/pi/amr_ws/src/install/teb_msgs/local/lib/python3.10/dist-packages/teb_msgs/libteb_msgs__rosidl_generator_py.so
-- Installing: /home/pi/amr_ws/src/install/teb_msgs/local/lib/python3.10/dist-packages/teb_msgs/_teb_msgs_s.ep.rosidl_typesupport_introspection_c.c
-- Installing: /home/pi/amr_ws/src/install/teb_msgs/local/lib/python3.10/dist-packages/teb_msgs/teb_msgs_s__rosidl_typesupport_fastrtps_c.cpython-310-aarch64-linux-gnu.so
-- Installing: /home/pi/amr_ws/src/install/teb_msgs/local/lib/python3.10/dist-packages/teb_msgs/__init__.py
-- Installing: /home/pi/amr_ws/src/install/teb_msgs/local/lib/python3.10/dist-packages/teb_msgs/_teb_msgs_s.ep.rosidl_typesupport_c.c
-- Installing: /home/pi/amr_ws/src/install/teb_msgs/local/lib/python3.10/dist-packages/teb_msgs/teb_msgs_s__rosidl_typesupport_introspection_c.cpython-310-aarch64-linux-gnu.so
Listing '/home/pi/amr_ws/src/install/teb_msgs/local/lib/python3.10/dist-packages/teb_msgs'...
Compiling '/home/pi/amr_ws/src/install/teb_msgs/local/lib/python3.10/dist-packages/teb_msgs/__init__.py'...
Listing '/home/pi/amr_ws/src/install/teb_msgs/local/lib/python3.10/dist-packages/teb_msgs/msg'...
Compiling '/home/pi/amr_ws/src/install/teb_msgs/local/lib/python3.10/dist-packages/teb_msgs/msg/__init__.py'...
Compiling '/home/pi/amr_ws/src/install/teb_msgs/local/lib/python3.10/dist-packages/teb_msgs/msg/_feedback_msg.py'...
Compiling '/home/pi/amr_ws/src/install/teb_msgs/local/lib/python3.10/dist-packages/teb_msgs/msg/_trajectory_msg.py'...
Compiling '/home/pi/amr_ws/src/install/teb_msgs/local/lib/python3.10/dist-packages/teb_msgs/msg/_trajectory_point_msg.py'...
-- Installing: /home/pi/amr_ws/src/install/teb_msgs/local/lib/python3.10/dist-packages/teb_msgs/teb_msgs_s__rosidl_typesupport_fastrtps_c.cpython-310-aarch64-linux-gnu.so
-- Set runtime path of "/home/pi/amr_ws/src/install/teb_msgs/local/lib/python3.10/dist-packages/teb_msgs/teb_msgs_s__rosidl_typesupport_fastrtps_c.cpython-310-aarch64-linux-gnu.so" to ""
-- Installing: /home/pi/amr_ws/src/install/teb_msgs/local/lib/python3.10/dist-packages/teb_msgs/teb_msgs_s__rosidl_typesupport_introspection_c.cpython-310-aarch64-linux-gnu.so
-- Set runtime path of "/home/pi/amr_ws/src/install/teb_msgs/local/lib/python3.10/dist-packages/teb_msgs/teb_msgs_s__rosidl_typesupport_introspection_c.cpython-310-aarch64-linux-gnu.so" to ""
-- Installing: /home/pi/amr_ws/src/install/teb_msgs/local/lib/python3.10/dist-packages/teb_msgs/teb_msgs_s__rosidl_typesupport_c.cpython-310-aarch64-linux-gnu.so
-- Set runtime path of "/home/pi/amr_ws/src/install/teb_msgs/local/lib/python3.10/dist-packages/teb_msgs/teb_msgs_s__rosidl_typesupport_c.cpython-310-aarch64-linux-gnu.so" to ""
-- Installing: /home/pi/amr_ws/src/install/teb_msgs/lib/libteb_msgs__rosidl_generator_py.so
-- Set runtime path of "/home/pi/amr_ws/src/install/teb_msgs/lib/libteb_msgs__rosidl_generator_py.so" to ""
-- Installing: /home/pi/amr_ws/src/install/teb_msgs/share/teb_msgs/msg/FeedbackMsg.idl
-- Installing: /home/pi/amr_ws/src/install/teb_msgs/share/teb_msgs/msg/TrajectoryMsg.idl
-- Installing: /home/pi/amr_ws/src/install/teb_msgs/share/teb_msgs/msg/TrajectoryPointMsg.idl
-- Installing: /home/pi/amr_ws/src/install/teb_msgs/share/teb_msgs/msg/FeedbackMsg.msg
-- Installing: /home/pi/amr_ws/src/install/teb_msgs/share/teb_msgs/msg/TrajectoryMsg.msg
-- Installing: /home/pi/amr_ws/src/install/teb_msgs/share/teb_msgs/msg/TrajectoryPointMsg.msg
-- Installing: /home/pi/amr_ws/src/install/teb_msgs/share/ament_index/resource_index/package_run_dependencies/teb_msgs
-- Installing: /home/pi/amr_ws/src/install/teb_msgs/share/ament_index/resource_index/parent_prefix_path/teb_msgs
-- Installing: /home/pi/amr_ws/src/install/teb_msgs/share/teb_msgs/environment/ament_prefix_path.sh
-- Installing: /home/pi/amr_ws/src/install/teb_msgs/share/teb_msgs/environment/ament_prefix_path.dsv
-- Installing: /home/pi/amr_ws/src/install/teb_msgs/share/teb_msgs/environment/path.sh
-- Installing: /home/pi/amr_ws/src/install/teb_msgs/share/teb_msgs/environment/path.dsv
-- Installing: /home/pi/amr_ws/src/install/teb_msgs/share/teb_msgs/local_setup.bash
-- Installing: /home/pi/amr_ws/src/install/teb_msgs/share/teb_msgs/local_setup.sh
-- Installing: /home/pi/amr_ws/src/install/teb_msgs/share/teb_msgs/local_setup.zsh
-- Installing: /home/pi/amr_ws/src/install/teb_msgs/share/teb_msgs/local_setup.dsv
-- Installing: /home/pi/amr_ws/src/install/teb_msgs/share/teb_msgs/package.dsv
-- Installing: /home/pi/amr_ws/src/install/teb_msgs/share/ament_index/resource_index/packages/teb_msgs
-- Installing: /home/pi/amr_ws/src/install/teb_msgs/share/teb_msgs/cmake/export_teb_msgs__rosidl_generator_cExport.cmake
-- Installing: /home/pi/amr_ws/src/install/teb_msgs/share/teb_msgs/cmake/export_teb_msgs__rosidl_generator_cExport-noconfig.cmake
-- Installing: /home/pi/amr_ws/src/install/teb_msgs/share/teb_msgs/cmake/export_teb_msgs__rosidl_typesupport_fastrtps_cExport.cmake
-- Installing: /home/pi/amr_ws/src/install/teb_msgs/share/teb_msgs/cmake/export_teb_msgs__rosidl_typesupport_fastrtps_cExport-noconfig.cmake
-- Installing: /home/pi/amr_ws/src/install/teb_msgs/share/teb_msgs/cmake/export_teb_msgs__rosidl_generator_cppExport.cmake
-- Installing: /home/pi/amr_ws/src/install/teb_msgs/share/teb_msgs/cmake/export_teb_msgs__rosidl_typesupport_fastrtps_cppExport.cmake
-- Installing: /home/pi/amr_ws/src/install/teb_msgs/share/teb_msgs/cmake/export_teb_msgs__rosidl_typesupport_fastrtps_cppExport-noconfig.cmake
-- Installing: /home/pi/amr_ws/src/install/teb_msgs/share/teb_msgs/cmake/teb_msgs__rosidl_typesupport_introspection_cExport.cmake
-- Installing: /home/pi/amr_ws/src/install/teb_msgs/share/teb_msgs/cmake/teb_msgs__rosidl_typesupport_introspection_cExport-noconfig.cmake
-- Installing: /home/pi/amr_ws/src/install/teb_msgs/share/teb_msgs/cmake/teb_msgs__rosidl_typesupport_cExport.cmake
-- Installing: /home/pi/amr_ws/src/install/teb_msgs/share/teb_msgs/cmake/teb_msgs__rosidl_typesupport_cExport-noconfig.cmake
-- Installing: /home/pi/amr_ws/src/install/teb_msgs/share/teb_msgs/cmake/teb_msgs__rosidl_typesupport_introspection_cppExport.cmake
-- Installing: /home/pi/amr_ws/src/install/teb_msgs/share/teb_msgs/cmake/teb_msgs__rosidl_typesupport_introspection_cppExport-noconfig.cmake
-- Installing: /home/pi/amr_ws/src/install/teb_msgs/share/teb_msgs/cmake/teb_msgs__rosidl_typesupport_cppExport.cmake
-- Installing: /home/pi/amr_ws/src/install/teb_msgs/share/teb_msgs/cmake/teb_msgs__rosidl_typesupport_cppExport-noconfig.cmake
-- Installing: /home/pi/amr_ws/src/install/teb_msgs/share/teb_msgs/cmake/export_teb_msgs__rosidl_generator_pyExport.cmake
-- Installing: /home/pi/amr_ws/src/install/teb_msgs/share/teb_msgs/cmake/export_teb_msgs__rosidl_generator_pyExport-noconfig.cmake
-- Installing: /home/pi/amr_ws/src/install/teb_msgs/share/teb_msgs/cmake/rosidl_cmake-extras.cmake
-- Installing: /home/pi/amr_ws/src/install/teb_msgs/share/teb_msgs/cmake/ament_cmake_export_dependencies-extras.cmake
-- Installing: /home/pi/amr_ws/src/install/teb_msgs/share/teb_msgs/cmake/ament_cmake_export_include_directories-extras.cmake
-- Installing: /home/pi/amr_ws/src/install/teb_msgs/share/teb_msgs/cmake/ament_cmake_export_libraries-extras.cmake
-- Installing: /home/pi/amr_ws/src/install/teb_msgs/share/teb_msgs/cmake/ament_cmake_export_targets-extras.cmake
-- Installing: /home/pi/amr_ws/src/install/teb_msgs/share/teb_msgs/cmake/rosidl_cmake_export_typesupport_targets-extras.cmake
-- Installing: /home/pi/amr_ws/src/install/teb_msgs/share/teb_msgs/cmake/rosidl_cmake_export_typesupport_libraries-extras.cmake
-- Installing: /home/pi/amr_ws/src/install/teb_msgs/share/teb_msgs/cmake/teb_msgsConfig.cmake
-- Installing: /home/pi/amr_ws/src/install/teb_msgs/share/teb_msgs/cmake/teb_msgsConfig-version.cmake
-- Installing: /home/pi/amr_ws/src/install/teb_msgs/share/teb_msgs/package.xml
