[0.123s] Invoking command in '/home/pi/amr_ws/src/build/teb_local_planner': AMENT_PREFIX_PATH=/home/pi/amr_ws/src/install/teb_msgs:/home/pi/amr_ws/src/install/costmap_converter:/home/pi/amr_ws/src/install/costmap_converter_msgs:${AMENT_PREFIX_PATH} CMAKE_PREFIX_PATH=/home/pi/amr_ws/src/install/teb_msgs:/home/pi/amr_ws/src/install/costmap_converter:/home/pi/amr_ws/src/install/costmap_converter_msgs:/home/pi/amr_ws/install/witmotion_ros:/home/pi/amr_ws/install/sllidar_ros2:/home/pi/amr_ws/install/rplidar_ros2:/home/pi/amr_ws/install/micro_ros_setup:/home/pi/amr_ws/install/micro_ros_agent:/home/pi/amr_ws/install/micro_ros_msgs:/home/pi/amr_ws/install/ldlidar:/home/pi/amr_ws/install/foxglove_bridge:/home/pi/amr_ws/install/amr_interface:/home/pi/amr_ws/install/amr_control:/opt/ros/humble LD_LIBRARY_PATH=/home/pi/amr_ws/src/install/teb_msgs/lib:/home/pi/amr_ws/src/install/costmap_converter/lib:/home/pi/amr_ws/src/install/costmap_converter_msgs/lib:${LD_LIBRARY_PATH} PATH=/home/pi/amr_ws/src/install/costmap_converter/bin:${PATH} PYTHONPATH=/home/pi/amr_ws/src/install/teb_msgs/local/lib/python3.10/dist-packages:/home/pi/amr_ws/src/install/costmap_converter_msgs/local/lib/python3.10/dist-packages:${PYTHONPATH} /usr/bin/cmake /home/pi/amr_ws/src/teb_local_planner/teb_local_planner -DCMAKE_INSTALL_PREFIX=/home/pi/amr_ws/src/install/teb_local_planner
[0.489s] -- The C compiler identification is GNU 11.3.0
[0.788s] -- The CXX compiler identification is GNU 11.3.0
[0.827s] -- Detecting C compiler ABI info
[1.229s] -- Detecting C compiler ABI info - done
[1.258s] -- Check for working C compiler: /usr/bin/cc - skipped
[1.260s] -- Detecting C compile features
[1.262s] -- Detecting C compile features - done
[1.277s] -- Detecting CXX compiler ABI info
[1.724s] -- Detecting CXX compiler ABI info - done
[1.752s] -- Check for working CXX compiler: /usr/bin/c++ - skipped
[1.753s] -- Detecting CXX compile features
[1.756s] -- Detecting CXX compile features - done
[1.800s] -- Found ament_cmake: 1.3.3 (/opt/ros/humble/share/ament_cmake/cmake)
[2.946s] -- Found Python3: /usr/bin/python3.10 (found version "3.10.6") found components: Interpreter 
[3.936s] -- Found costmap_converter: 0.1.2 (/home/pi/amr_ws/src/install/costmap_converter/share/costmap_converter/cmake)
[4.711s] -- Found rosidl_generator_c: 3.1.4 (/opt/ros/humble/share/rosidl_generator_c/cmake)
[4.806s] -- Found rosidl_adapter: 3.1.4 (/opt/ros/humble/share/rosidl_adapter/cmake)
[4.918s] -- Found rosidl_generator_cpp: 3.1.4 (/opt/ros/humble/share/rosidl_generator_cpp/cmake)
[5.059s] -- Using all available rosidl_typesupport_c: rosidl_typesupport_fastrtps_c;rosidl_typesupport_introspection_c
[5.212s] -- Using all available rosidl_typesupport_cpp: rosidl_typesupport_fastrtps_cpp;rosidl_typesupport_introspection_cpp
[7.807s] -- Found rmw_implementation_cmake: 6.1.1 (/opt/ros/humble/share/rmw_implementation_cmake/cmake)
[7.855s] -- Found rmw_cyclonedds_cpp: 1.3.4 (/opt/ros/humble/share/rmw_cyclonedds_cpp/cmake)
[8.147s] -- Using RMW implementation 'rmw_cyclonedds_cpp' as default
[8.294s] -- Looking for pthread.h
[8.718s] -- Looking for pthread.h - found
[8.720s] -- Performing Test CMAKE_HAVE_LIBC_PTHREAD
[9.177s] -- Performing Test CMAKE_HAVE_LIBC_PTHREAD - Success
[9.184s] -- Found Threads: TRUE  
[13.751s] -- Found Eigen3: TRUE (found version "3.4.0") 
[13.752s] -- Ensuring Eigen3 include directory is part of orocos-kdl CMake target
[20.844s] -- Found dwb_critics: 1.1.3 (/opt/ros/humble/share/dwb_critics/cmake)
[51.964s] -- Found teb_msgs: 0.0.1 (/home/pi/amr_ws/src/install/teb_msgs/share/teb_msgs/cmake)
[52.438s] -- Found tf2_eigen: 0.25.1 (/opt/ros/humble/share/tf2_eigen/cmake)
[52.467s] -- System: Linux-5.15.0-1022-raspi
[52.468s] -- /opt/ros/humble/share/tinyxml2_vendor/cmake/Modules;/opt/ros/humble/share/eigen3_cmake_module/cmake/Modules;/opt/ros/humble/share/fastrtps_cmake_module/cmake/Modules;/opt/ros/humble/lib/aarch64-linux-gnu/cmake/iceoryx_hoofs;/opt/ros/humble/lib/aarch64-linux-gnu/cmake/iceoryx_hoofs;/opt/ros/humble/lib/aarch64-linux-gnu/cmake/iceoryx_posh;/home/pi/amr_ws/src/teb_local_planner/teb_local_planner/cmake_modules
[52.539s] -- Found SuiteSparse
[52.539s] -- Searching for g2o ...
[52.546s] -- Found g2o headers in: /opt/ros/humble/include/g2o
[52.569s] -- Found libg2o: /opt/ros/humble/lib/aarch64-linux-gnu/libg2o_csparse_extension.so;/opt/ros/humble/lib/aarch64-linux-gnu/libg2o_core.so;/opt/ros/humble/lib/aarch64-linux-gnu/libg2o_stuff.so;/opt/ros/humble/lib/aarch64-linux-gnu/libg2o_types_slam2d.so;/opt/ros/humble/lib/aarch64-linux-gnu/libg2o_types_slam3d.so;/opt/ros/humble/lib/aarch64-linux-gnu/libg2o_solver_cholmod.so;/opt/ros/humble/lib/aarch64-linux-gnu/libg2o_solver_pcg.so;/opt/ros/humble/lib/aarch64-linux-gnu/libg2o_solver_csparse.so;/opt/ros/humble/lib/aarch64-linux-gnu/libg2o_incremental.so
[52.713s] -- Found Boost: /usr/lib/aarch64-linux-gnu/cmake/Boost-1.74.0/BoostConfig.cmake (found version "1.74.0")  
[173.064s] -- Found ament_cmake_gtest: 1.3.3 (/opt/ros/humble/share/ament_cmake_gtest/cmake)
[173.479s] -- Configuring done
[174.002s] -- Generating done
[174.013s] -- Build files have been written to: /home/pi/amr_ws/src/build/teb_local_planner
[174.086s] Invoked command in '/home/pi/amr_ws/src/build/teb_local_planner' returned '0': AMENT_PREFIX_PATH=/home/pi/amr_ws/src/install/teb_msgs:/home/pi/amr_ws/src/install/costmap_converter:/home/pi/amr_ws/src/install/costmap_converter_msgs:${AMENT_PREFIX_PATH} CMAKE_PREFIX_PATH=/home/pi/amr_ws/src/install/teb_msgs:/home/pi/amr_ws/src/install/costmap_converter:/home/pi/amr_ws/src/install/costmap_converter_msgs:/home/pi/amr_ws/install/witmotion_ros:/home/pi/amr_ws/install/sllidar_ros2:/home/pi/amr_ws/install/rplidar_ros2:/home/pi/amr_ws/install/micro_ros_setup:/home/pi/amr_ws/install/micro_ros_agent:/home/pi/amr_ws/install/micro_ros_msgs:/home/pi/amr_ws/install/ldlidar:/home/pi/amr_ws/install/foxglove_bridge:/home/pi/amr_ws/install/amr_interface:/home/pi/amr_ws/install/amr_control:/opt/ros/humble LD_LIBRARY_PATH=/home/pi/amr_ws/src/install/teb_msgs/lib:/home/pi/amr_ws/src/install/costmap_converter/lib:/home/pi/amr_ws/src/install/costmap_converter_msgs/lib:${LD_LIBRARY_PATH} PATH=/home/pi/amr_ws/src/install/costmap_converter/bin:${PATH} PYTHONPATH=/home/pi/amr_ws/src/install/teb_msgs/local/lib/python3.10/dist-packages:/home/pi/amr_ws/src/install/costmap_converter_msgs/local/lib/python3.10/dist-packages:${PYTHONPATH} /usr/bin/cmake /home/pi/amr_ws/src/teb_local_planner/teb_local_planner -DCMAKE_INSTALL_PREFIX=/home/pi/amr_ws/src/install/teb_local_planner
[174.097s] Invoking command in '/home/pi/amr_ws/src/build/teb_local_planner': AMENT_PREFIX_PATH=/home/pi/amr_ws/src/install/teb_msgs:/home/pi/amr_ws/src/install/costmap_converter:/home/pi/amr_ws/src/install/costmap_converter_msgs:${AMENT_PREFIX_PATH} CMAKE_PREFIX_PATH=/home/pi/amr_ws/src/install/teb_msgs:/home/pi/amr_ws/src/install/costmap_converter:/home/pi/amr_ws/src/install/costmap_converter_msgs:/home/pi/amr_ws/install/witmotion_ros:/home/pi/amr_ws/install/sllidar_ros2:/home/pi/amr_ws/install/rplidar_ros2:/home/pi/amr_ws/install/micro_ros_setup:/home/pi/amr_ws/install/micro_ros_agent:/home/pi/amr_ws/install/micro_ros_msgs:/home/pi/amr_ws/install/ldlidar:/home/pi/amr_ws/install/foxglove_bridge:/home/pi/amr_ws/install/amr_interface:/home/pi/amr_ws/install/amr_control:/opt/ros/humble LD_LIBRARY_PATH=/home/pi/amr_ws/src/install/teb_msgs/lib:/home/pi/amr_ws/src/install/costmap_converter/lib:/home/pi/amr_ws/src/install/costmap_converter_msgs/lib:${LD_LIBRARY_PATH} PATH=/home/pi/amr_ws/src/install/costmap_converter/bin:${PATH} PYTHONPATH=/home/pi/amr_ws/src/install/teb_msgs/local/lib/python3.10/dist-packages:/home/pi/amr_ws/src/install/costmap_converter_msgs/local/lib/python3.10/dist-packages:${PYTHONPATH} /usr/bin/cmake --build /home/pi/amr_ws/src/build/teb_local_planner -- -j4 -l4
[174.443s] [ 10%] [32mBuilding CXX object CMakeFiles/teb_local_planner.dir/src/optimal_planner.cpp.o[0m
[174.445s] [ 20%] [32mBuilding CXX object CMakeFiles/teb_local_planner.dir/src/timed_elastic_band.cpp.o[0m
[174.474s] [ 30%] [32mBuilding CXX object CMakeFiles/teb_local_planner.dir/src/obstacles.cpp.o[0m
[174.540s] [ 40%] [32mBuilding CXX object CMakeFiles/teb_local_planner.dir/src/visualization.cpp.o[0m
[375.434s] [ 50%] [32mBuilding CXX object CMakeFiles/teb_local_planner.dir/src/homotopy_class_planner.cpp.o[0m
[382.511s] [ 60%] [32mBuilding CXX object CMakeFiles/teb_local_planner.dir/src/teb_local_planner_ros.cpp.o[0m
[383.577s] [ 70%] [32mBuilding CXX object CMakeFiles/teb_local_planner.dir/src/teb_config.cpp.o[0m
[384.703s] [ 80%] [32mBuilding CXX object CMakeFiles/teb_local_planner.dir/src/recovery_behaviors.cpp.o[0m
[484.135s] In file included from [01m[K/opt/ros/humble/include/pluginlib/pluginlib/class_loader_imp.hpp:57[m[K,
[484.135s]                  from [01m[K/opt/ros/humble/include/pluginlib/pluginlib/class_loader.hpp:334[m[K,
[484.136s]                  from [01m[K/home/pi/amr_ws/src/teb_local_planner/teb_local_planner/include/teb_local_planner/teb_local_planner_ros.h:42[m[K,
[484.137s]                  from [01m[K/home/pi/amr_ws/src/teb_local_planner/teb_local_planner/src/teb_local_planner_ros.cpp:39[m[K:
[484.137s] [01m[K/home/pi/amr_ws/src/install/costmap_converter/include/costmap_converter/costmap_converter_interface.h:[m[K In member function ‘[01m[Kvoid costmap_converter::BaseCostmapToPolygons::startWorker(rclcpp::GenericRate<std::chrono::_V2::system_clock>::SharedPtr, nav2_costmap_2d::Costmap2D*, bool)[m[K’:
[484.138s] [01m[K/home/pi/amr_ws/src/install/costmap_converter/include/costmap_converter/costmap_converter_interface.h:197:41:[m[K [01;35m[Kwarning: [m[Ktoo many arguments for format [[01;35m[K]8;;https://gcc.gnu.org/onlinedocs/gcc/Warning-Options.html#index-Wformat-extra-args-Wformat-extra-args]8;;[m[K]
[484.139s]   197 |         RCLCPP_DEBUG(nh_->get_logger(), [01;35m[K"costmap_converter"[m[K, "Spinning up a thread for the CostmapToPolygons plugin");
[484.139s]       |                                         [01;35m[K^~~~~~~~~~~~~~~~~~~[m[K
[484.337s] [01m[K/home/pi/amr_ws/src/install/costmap_converter/include/costmap_converter/costmap_converter_interface.h:[m[K In member function ‘[01m[Kvoid costmap_converter::BaseCostmapToDynamicObstacles::loadStaticCostmapConverterPlugin(const string&, rclcpp::Node::SharedPtr)[m[K’:
[484.338s] [01m[K/home/pi/amr_ws/src/install/costmap_converter/include/costmap_converter/costmap_converter_interface.h:313:32:[m[K [01;35m[Kwarning: [m[Kformat ‘[01m[K%s[m[K’ expects argument of type ‘[01m[Kchar*[m[K’, but argument 5 has type ‘[01m[Kconst string[m[K’ {aka ‘[01m[Kconst std::__cxx11::basic_string<char>[m[K’} [[01;35m[K]8;;https://gcc.gnu.org/onlinedocs/gcc/Warning-Options.html#index-Wformat=-Wformat=]8;;[m[K]
[484.339s]   313 |       RCLCPP_INFO(getLogger(), [01;35m[K"CostmapToDynamicObstacles: underlying costmap conversion plugin for static obstacles %s loaded."[m[K, plugin_name);
[484.340s]       |                                [01;35m[K^~~~~~~~~~~~~~~~~~~~~~~~~~~~~~~~~~~~~~~~~~~~~~~~~~~~~~~~~~~~~~~~~~~~~~~~~~~~~~~~~~~~~~~~~~~~~~~~~[m[K
[484.341s] In file included from [01m[K/home/pi/amr_ws/src/teb_local_planner/teb_local_planner/include/teb_local_planner/teb_local_planner_ros.h:68[m[K,
[484.347s]                  from [01m[K/home/pi/amr_ws/src/teb_local_planner/teb_local_planner/src/teb_local_planner_ros.cpp:39[m[K:
[484.358s] [01m[K/home/pi/amr_ws/src/install/costmap_converter/include/costmap_converter/costmap_converter_interface.h:313:119:[m[K [01;36m[Knote: [m[Kformat string is defined here
[484.364s]   313 |       RCLCPP_INFO(getLogger(), "CostmapToDynamicObstacles: underlying costmap conversion plugin for static obstacles [01;36m[K%s[m[K loaded.", plugin_name);
[484.377s]       |                                                                                                                      [01;36m[K~^[m[K
[484.386s]       |                                                                                                                       [01;36m[K|[m[K
[484.394s]       |                                                                                                                       [01;36m[Kchar*[m[K
[642.012s] [ 90%] [32mBuilding CXX object CMakeFiles/teb_local_planner.dir/src/graph_search.cpp.o[0m
[743.860s] [100%] [32m[1mLinking CXX shared library libteb_local_planner.so[0m
[748.110s] [100%] Built target teb_local_planner
[748.198s] Invoked command in '/home/pi/amr_ws/src/build/teb_local_planner' returned '0': AMENT_PREFIX_PATH=/home/pi/amr_ws/src/install/teb_msgs:/home/pi/amr_ws/src/install/costmap_converter:/home/pi/amr_ws/src/install/costmap_converter_msgs:${AMENT_PREFIX_PATH} CMAKE_PREFIX_PATH=/home/pi/amr_ws/src/install/teb_msgs:/home/pi/amr_ws/src/install/costmap_converter:/home/pi/amr_ws/src/install/costmap_converter_msgs:/home/pi/amr_ws/install/witmotion_ros:/home/pi/amr_ws/install/sllidar_ros2:/home/pi/amr_ws/install/rplidar_ros2:/home/pi/amr_ws/install/micro_ros_setup:/home/pi/amr_ws/install/micro_ros_agent:/home/pi/amr_ws/install/micro_ros_msgs:/home/pi/amr_ws/install/ldlidar:/home/pi/amr_ws/install/foxglove_bridge:/home/pi/amr_ws/install/amr_interface:/home/pi/amr_ws/install/amr_control:/opt/ros/humble LD_LIBRARY_PATH=/home/pi/amr_ws/src/install/teb_msgs/lib:/home/pi/amr_ws/src/install/costmap_converter/lib:/home/pi/amr_ws/src/install/costmap_converter_msgs/lib:${LD_LIBRARY_PATH} PATH=/home/pi/amr_ws/src/install/costmap_converter/bin:${PATH} PYTHONPATH=/home/pi/amr_ws/src/install/teb_msgs/local/lib/python3.10/dist-packages:/home/pi/amr_ws/src/install/costmap_converter_msgs/local/lib/python3.10/dist-packages:${PYTHONPATH} /usr/bin/cmake --build /home/pi/amr_ws/src/build/teb_local_planner -- -j4 -l4
[748.548s] Invoking command in '/home/pi/amr_ws/src/build/teb_local_planner': AMENT_PREFIX_PATH=/home/pi/amr_ws/src/install/teb_msgs:/home/pi/amr_ws/src/install/costmap_converter:/home/pi/amr_ws/src/install/costmap_converter_msgs:${AMENT_PREFIX_PATH} CMAKE_PREFIX_PATH=/home/pi/amr_ws/src/install/teb_msgs:/home/pi/amr_ws/src/install/costmap_converter:/home/pi/amr_ws/src/install/costmap_converter_msgs:/home/pi/amr_ws/install/witmotion_ros:/home/pi/amr_ws/install/sllidar_ros2:/home/pi/amr_ws/install/rplidar_ros2:/home/pi/amr_ws/install/micro_ros_setup:/home/pi/amr_ws/install/micro_ros_agent:/home/pi/amr_ws/install/micro_ros_msgs:/home/pi/amr_ws/install/ldlidar:/home/pi/amr_ws/install/foxglove_bridge:/home/pi/amr_ws/install/amr_interface:/home/pi/amr_ws/install/amr_control:/opt/ros/humble LD_LIBRARY_PATH=/home/pi/amr_ws/src/install/teb_msgs/lib:/home/pi/amr_ws/src/install/costmap_converter/lib:/home/pi/amr_ws/src/install/costmap_converter_msgs/lib:${LD_LIBRARY_PATH} PATH=/home/pi/amr_ws/src/install/costmap_converter/bin:${PATH} PYTHONPATH=/home/pi/amr_ws/src/install/teb_msgs/local/lib/python3.10/dist-packages:/home/pi/amr_ws/src/install/costmap_converter_msgs/local/lib/python3.10/dist-packages:${PYTHONPATH} /usr/bin/cmake --install /home/pi/amr_ws/src/build/teb_local_planner
[748.591s] -- Install configuration: "Release"
[748.592s] -- Installing: /home/pi/amr_ws/src/install/teb_local_planner/lib/libteb_local_planner.so
[748.622s] -- Set runtime path of "/home/pi/amr_ws/src/install/teb_local_planner/lib/libteb_local_planner.so" to ""
[748.622s] -- Installing: /home/pi/amr_ws/src/install/teb_local_planner/include/
[748.623s] -- Installing: /home/pi/amr_ws/src/install/teb_local_planner/include//teb_local_planner
[748.623s] -- Installing: /home/pi/amr_ws/src/install/teb_local_planner/include//teb_local_planner/teb_local_planner_ros.h
[748.625s] -- Installing: /home/pi/amr_ws/src/install/teb_local_planner/include//teb_local_planner/homotopy_class_planner.hpp
[748.626s] -- Installing: /home/pi/amr_ws/src/install/teb_local_planner/include//teb_local_planner/homotopy_class_planner.h
[748.628s] -- Installing: /home/pi/amr_ws/src/install/teb_local_planner/include//teb_local_planner/timed_elastic_band.hpp
[748.629s] -- Installing: /home/pi/amr_ws/src/install/teb_local_planner/include//teb_local_planner/planner_interface.h
[748.631s] -- Installing: /home/pi/amr_ws/src/install/teb_local_planner/include//teb_local_planner/pose_se2.h
[748.632s] -- Installing: /home/pi/amr_ws/src/install/teb_local_planner/include//teb_local_planner/visualization.h
[748.633s] -- Installing: /home/pi/amr_ws/src/install/teb_local_planner/include//teb_local_planner/equivalence_relations.h
[748.634s] -- Installing: /home/pi/amr_ws/src/install/teb_local_planner/include//teb_local_planner/optimal_planner.h
[748.635s] -- Installing: /home/pi/amr_ws/src/install/teb_local_planner/include//teb_local_planner/recovery_behaviors.h
[748.637s] -- Installing: /home/pi/amr_ws/src/install/teb_local_planner/include//teb_local_planner/teb_config.h
[748.638s] -- Installing: /home/pi/amr_ws/src/install/teb_local_planner/include//teb_local_planner/visualization.hpp
[748.641s] -- Installing: /home/pi/amr_ws/src/install/teb_local_planner/include//teb_local_planner/obstacles.h
[748.642s] -- Installing: /home/pi/amr_ws/src/install/teb_local_planner/include//teb_local_planner/misc.h
[748.643s] -- Installing: /home/pi/amr_ws/src/install/teb_local_planner/include//teb_local_planner/timed_elastic_band.h
[748.644s] -- Installing: /home/pi/amr_ws/src/install/teb_local_planner/include//teb_local_planner/graph_search.h
[748.645s] -- Installing: /home/pi/amr_ws/src/install/teb_local_planner/include//teb_local_planner/h_signature.h
[748.647s] -- Installing: /home/pi/amr_ws/src/install/teb_local_planner/include//teb_local_planner/g2o_types
[748.649s] -- Installing: /home/pi/amr_ws/src/install/teb_local_planner/include//teb_local_planner/g2o_types/edge_via_point.h
[748.650s] -- Installing: /home/pi/amr_ws/src/install/teb_local_planner/include//teb_local_planner/g2o_types/edge_acceleration.h
[748.651s] -- Installing: /home/pi/amr_ws/src/install/teb_local_planner/include//teb_local_planner/g2o_types/edge_velocity_obstacle_ratio.h
[748.652s] -- Installing: /home/pi/amr_ws/src/install/teb_local_planner/include//teb_local_planner/g2o_types/edge_shortest_path.h
[748.653s] -- Installing: /home/pi/amr_ws/src/install/teb_local_planner/include//teb_local_planner/g2o_types/base_teb_edges.h
[748.654s] -- Installing: /home/pi/amr_ws/src/install/teb_local_planner/include//teb_local_planner/g2o_types/edge_prefer_rotdir.h
[748.656s] -- Installing: /home/pi/amr_ws/src/install/teb_local_planner/include//teb_local_planner/g2o_types/edge_obstacle.h
[748.658s] -- Installing: /home/pi/amr_ws/src/install/teb_local_planner/include//teb_local_planner/g2o_types/edge_dynamic_obstacle.h
[748.659s] -- Installing: /home/pi/amr_ws/src/install/teb_local_planner/include//teb_local_planner/g2o_types/vertex_timediff.h
[748.661s] -- Installing: /home/pi/amr_ws/src/install/teb_local_planner/include//teb_local_planner/g2o_types/edge_time_optimal.h
[748.662s] -- Installing: /home/pi/amr_ws/src/install/teb_local_planner/include//teb_local_planner/g2o_types/vertex_pose.h
[748.663s] -- Installing: /home/pi/amr_ws/src/install/teb_local_planner/include//teb_local_planner/g2o_types/edge_kinematics.h
[748.664s] -- Installing: /home/pi/amr_ws/src/install/teb_local_planner/include//teb_local_planner/g2o_types/edge_velocity.h
[748.665s] -- Installing: /home/pi/amr_ws/src/install/teb_local_planner/include//teb_local_planner/g2o_types/penalties.h
[748.666s] -- Installing: /home/pi/amr_ws/src/install/teb_local_planner/include//teb_local_planner/distance_calculations.h
[748.668s] -- Installing: /home/pi/amr_ws/src/install/teb_local_planner/include//teb_local_planner/robot_footprint_model.h
[748.670s] -- Installing: /home/pi/amr_ws/src/install/teb_local_planner/share/teb_local_planner_plugin.xml
[748.671s] -- Installing: /home/pi/amr_ws/src/install/teb_local_planner/lib/teb_local_planner/cmd_vel_to_ackermann_drive.py
[748.672s] -- Installing: /home/pi/amr_ws/src/install/teb_local_planner/share/teb_local_planner/params
[748.673s] -- Installing: /home/pi/amr_ws/src/install/teb_local_planner/share/teb_local_planner/params/teb_params.yaml
[748.674s] -- Installing: /home/pi/amr_ws/src/install/teb_local_planner/share/teb_local_planner/environment/library_path.sh
[748.676s] -- Installing: /home/pi/amr_ws/src/install/teb_local_planner/share/teb_local_planner/environment/library_path.dsv
[748.677s] -- Installing: /home/pi/amr_ws/src/install/teb_local_planner/share/teb_local_planner/teb_local_planner_plugin.xml
[748.681s] -- Installing: /home/pi/amr_ws/src/install/teb_local_planner/share/ament_index/resource_index/package_run_dependencies/teb_local_planner
[748.683s] -- Installing: /home/pi/amr_ws/src/install/teb_local_planner/share/ament_index/resource_index/parent_prefix_path/teb_local_planner
[748.687s] -- Installing: /home/pi/amr_ws/src/install/teb_local_planner/share/teb_local_planner/environment/ament_prefix_path.sh
[748.688s] -- Installing: /home/pi/amr_ws/src/install/teb_local_planner/share/teb_local_planner/environment/ament_prefix_path.dsv
[748.690s] -- Installing: /home/pi/amr_ws/src/install/teb_local_planner/share/teb_local_planner/environment/path.sh
[748.691s] -- Installing: /home/pi/amr_ws/src/install/teb_local_planner/share/teb_local_planner/environment/path.dsv
[748.692s] -- Installing: /home/pi/amr_ws/src/install/teb_local_planner/share/teb_local_planner/local_setup.bash
[748.694s] -- Installing: /home/pi/amr_ws/src/install/teb_local_planner/share/teb_local_planner/local_setup.sh
[748.694s] -- Installing: /home/pi/amr_ws/src/install/teb_local_planner/share/teb_local_planner/local_setup.zsh
[748.694s] -- Installing: /home/pi/amr_ws/src/install/teb_local_planner/share/teb_local_planner/local_setup.dsv
[748.695s] -- Installing: /home/pi/amr_ws/src/install/teb_local_planner/share/teb_local_planner/package.dsv
[748.696s] -- Installing: /home/pi/amr_ws/src/install/teb_local_planner/share/ament_index/resource_index/packages/teb_local_planner
[748.697s] -- Installing: /home/pi/amr_ws/src/install/teb_local_planner/share/ament_index/resource_index/nav2_core__pluginlib__plugin/teb_local_planner
[748.699s] -- Installing: /home/pi/amr_ws/src/install/teb_local_planner/share/teb_local_planner/cmake/ament_cmake_export_include_directories-extras.cmake
[748.701s] -- Installing: /home/pi/amr_ws/src/install/teb_local_planner/share/teb_local_planner/cmake/ament_cmake_export_libraries-extras.cmake
[748.702s] -- Installing: /home/pi/amr_ws/src/install/teb_local_planner/share/teb_local_planner/cmake/ament_cmake_export_dependencies-extras.cmake
[748.704s] -- Installing: /home/pi/amr_ws/src/install/teb_local_planner/share/teb_local_planner/cmake/teb_local_plannerConfig.cmake
[748.705s] -- Installing: /home/pi/amr_ws/src/install/teb_local_planner/share/teb_local_planner/cmake/teb_local_plannerConfig-version.cmake
[748.707s] -- Installing: /home/pi/amr_ws/src/install/teb_local_planner/share/teb_local_planner/package.xml
[748.727s] Invoked command in '/home/pi/amr_ws/src/build/teb_local_planner' returned '0': AMENT_PREFIX_PATH=/home/pi/amr_ws/src/install/teb_msgs:/home/pi/amr_ws/src/install/costmap_converter:/home/pi/amr_ws/src/install/costmap_converter_msgs:${AMENT_PREFIX_PATH} CMAKE_PREFIX_PATH=/home/pi/amr_ws/src/install/teb_msgs:/home/pi/amr_ws/src/install/costmap_converter:/home/pi/amr_ws/src/install/costmap_converter_msgs:/home/pi/amr_ws/install/witmotion_ros:/home/pi/amr_ws/install/sllidar_ros2:/home/pi/amr_ws/install/rplidar_ros2:/home/pi/amr_ws/install/micro_ros_setup:/home/pi/amr_ws/install/micro_ros_agent:/home/pi/amr_ws/install/micro_ros_msgs:/home/pi/amr_ws/install/ldlidar:/home/pi/amr_ws/install/foxglove_bridge:/home/pi/amr_ws/install/amr_interface:/home/pi/amr_ws/install/amr_control:/opt/ros/humble LD_LIBRARY_PATH=/home/pi/amr_ws/src/install/teb_msgs/lib:/home/pi/amr_ws/src/install/costmap_converter/lib:/home/pi/amr_ws/src/install/costmap_converter_msgs/lib:${LD_LIBRARY_PATH} PATH=/home/pi/amr_ws/src/install/costmap_converter/bin:${PATH} PYTHONPATH=/home/pi/amr_ws/src/install/teb_msgs/local/lib/python3.10/dist-packages:/home/pi/amr_ws/src/install/costmap_converter_msgs/local/lib/python3.10/dist-packages:${PYTHONPATH} /usr/bin/cmake --install /home/pi/amr_ws/src/build/teb_local_planner
