[35m[1mConsolidate compiler generated dependencies of target costmap_converter_msgs__rosidl_generator_c[0m
[  2%] Built target costmap_converter_msgs__cpp
[ 12%] Built target costmap_converter_msgs__rosidl_generator_c
[ 12%] Built target ament_cmake_python_copy_costmap_converter_msgs
[35m[1mConsolidate compiler generated dependencies of target costmap_converter_msgs__rosidl_typesupport_cpp[0m
[35m[1mConsolidate compiler generated dependencies of target costmap_converter_msgs__rosidl_typesupport_fastrtps_cpp[0m
[35m[1mConsolidate compiler generated dependencies of target costmap_converter_msgs__rosidl_typesupport_fastrtps_c[0m
[35m[1mConsolidate compiler generated dependencies of target costmap_converter_msgs__rosidl_typesupport_introspection_cpp[0m
[ 23%] Built target costmap_converter_msgs__rosidl_typesupport_fastrtps_c
[ 33%] Built target costmap_converter_msgs__rosidl_typesupport_fastrtps_cpp
[ 43%] Built target costmap_converter_msgs__rosidl_typesupport_introspection_cpp
[ 53%] Built target costmap_converter_msgs__rosidl_typesupport_cpp
[35m[1mConsolidate compiler generated dependencies of target costmap_converter_msgs__rosidl_typesupport_introspection_c[0m
[35m[1mConsolidate compiler generated dependencies of target costmap_converter_msgs__rosidl_typesupport_c[0m
[ 64%] Built target costmap_converter_msgs__rosidl_typesupport_introspection_c
[ 74%] Built target costmap_converter_msgs__rosidl_typesupport_c
[ 74%] Built target costmap_converter_msgs
[ 76%] Built target costmap_converter_msgs__py
[35m[1mConsolidate compiler generated dependencies of target costmap_converter_msgs__rosidl_generator_py[0m
[ 84%] Built target costmap_converter_msgs__rosidl_generator_py
[35m[1mConsolidate compiler generated dependencies of target costmap_converter_msgs__rosidl_typesupport_introspection_c__pyext[0m
[35m[1mConsolidate compiler generated dependencies of target costmap_converter_msgs__rosidl_typesupport_fastrtps_c__pyext[0m
[35m[1mConsolidate compiler generated dependencies of target costmap_converter_msgs__rosidl_typesupport_c__pyext[0m
[ 89%] Built target costmap_converter_msgs__rosidl_typesupport_fastrtps_c__pyext
[ 94%] Built target costmap_converter_msgs__rosidl_typesupport_c__pyext
[100%] Built target costmap_converter_msgs__rosidl_typesupport_introspection_c__pyext
running egg_info
writing costmap_converter_msgs.egg-info/PKG-INFO
writing dependency_links to costmap_converter_msgs.egg-info/dependency_links.txt
writing top-level names to costmap_converter_msgs.egg-info/top_level.txt
reading manifest file 'costmap_converter_msgs.egg-info/SOURCES.txt'
writing manifest file 'costmap_converter_msgs.egg-info/SOURCES.txt'
[100%] Built target ament_cmake_python_build_costmap_converter_msgs_egg
-- Install configuration: ""
-- Up-to-date: /home/pi/amr_ws/src/install/costmap_converter_msgs/share/ament_index/resource_index/rosidl_interfaces/costmap_converter_msgs
-- Up-to-date: /home/pi/amr_ws/src/install/costmap_converter_msgs/include/costmap_converter_msgs/costmap_converter_msgs
-- Up-to-date: /home/pi/amr_ws/src/install/costmap_converter_msgs/include/costmap_converter_msgs/costmap_converter_msgs/msg
-- Up-to-date: /home/pi/amr_ws/src/install/costmap_converter_msgs/include/costmap_converter_msgs/costmap_converter_msgs/msg/rosidl_generator_c__visibility_control.h
-- Up-to-date: /home/pi/amr_ws/src/install/costmap_converter_msgs/include/costmap_converter_msgs/costmap_converter_msgs/msg/obstacle_array_msg.h
-- Up-to-date: /home/pi/amr_ws/src/install/costmap_converter_msgs/include/costmap_converter_msgs/costmap_converter_msgs/msg/detail
-- Up-to-date: /home/pi/amr_ws/src/install/costmap_converter_msgs/include/costmap_converter_msgs/costmap_converter_msgs/msg/detail/obstacle_array_msg__functions.h
-- Up-to-date: /home/pi/amr_ws/src/install/costmap_converter_msgs/include/costmap_converter_msgs/costmap_converter_msgs/msg/detail/obstacle_array_msg__type_support.h
-- Up-to-date: /home/pi/amr_ws/src/install/costmap_converter_msgs/include/costmap_converter_msgs/costmap_converter_msgs/msg/detail/obstacle_array_msg__struct.h
-- Up-to-date: /home/pi/amr_ws/src/install/costmap_converter_msgs/include/costmap_converter_msgs/costmap_converter_msgs/msg/detail/obstacle_array_msg__functions.c
-- Up-to-date: /home/pi/amr_ws/src/install/costmap_converter_msgs/include/costmap_converter_msgs/costmap_converter_msgs/msg/detail/obstacle_msg__struct.h
-- Up-to-date: /home/pi/amr_ws/src/install/costmap_converter_msgs/include/costmap_converter_msgs/costmap_converter_msgs/msg/detail/obstacle_msg__type_support.h
-- Up-to-date: /home/pi/amr_ws/src/install/costmap_converter_msgs/include/costmap_converter_msgs/costmap_converter_msgs/msg/detail/obstacle_msg__functions.c
-- Up-to-date: /home/pi/amr_ws/src/install/costmap_converter_msgs/include/costmap_converter_msgs/costmap_converter_msgs/msg/detail/obstacle_msg__functions.h
-- Up-to-date: /home/pi/amr_ws/src/install/costmap_converter_msgs/include/costmap_converter_msgs/costmap_converter_msgs/msg/obstacle_msg.h
-- Up-to-date: /home/pi/amr_ws/src/install/costmap_converter_msgs/share/costmap_converter_msgs/environment/library_path.sh
-- Up-to-date: /home/pi/amr_ws/src/install/costmap_converter_msgs/share/costmap_converter_msgs/environment/library_path.dsv
-- Up-to-date: /home/pi/amr_ws/src/install/costmap_converter_msgs/lib/libcostmap_converter_msgs__rosidl_generator_c.so
-- Up-to-date: /home/pi/amr_ws/src/install/costmap_converter_msgs/include/costmap_converter_msgs/costmap_converter_msgs
-- Up-to-date: /home/pi/amr_ws/src/install/costmap_converter_msgs/include/costmap_converter_msgs/costmap_converter_msgs/msg
-- Up-to-date: /home/pi/amr_ws/src/install/costmap_converter_msgs/include/costmap_converter_msgs/costmap_converter_msgs/msg/rosidl_typesupport_fastrtps_c__visibility_control.h
-- Up-to-date: /home/pi/amr_ws/src/install/costmap_converter_msgs/include/costmap_converter_msgs/costmap_converter_msgs/msg/detail
-- Up-to-date: /home/pi/amr_ws/src/install/costmap_converter_msgs/include/costmap_converter_msgs/costmap_converter_msgs/msg/detail/obstacle_array_msg__rosidl_typesupport_fastrtps_c.h
-- Up-to-date: /home/pi/amr_ws/src/install/costmap_converter_msgs/include/costmap_converter_msgs/costmap_converter_msgs/msg/detail/obstacle_msg__rosidl_typesupport_fastrtps_c.h
-- Up-to-date: /home/pi/amr_ws/src/install/costmap_converter_msgs/lib/libcostmap_converter_msgs__rosidl_typesupport_fastrtps_c.so
-- Up-to-date: /home/pi/amr_ws/src/install/costmap_converter_msgs/include/costmap_converter_msgs/costmap_converter_msgs
-- Up-to-date: /home/pi/amr_ws/src/install/costmap_converter_msgs/include/costmap_converter_msgs/costmap_converter_msgs/msg
-- Up-to-date: /home/pi/amr_ws/src/install/costmap_converter_msgs/include/costmap_converter_msgs/costmap_converter_msgs/msg/obstacle_msg.hpp
-- Up-to-date: /home/pi/amr_ws/src/install/costmap_converter_msgs/include/costmap_converter_msgs/costmap_converter_msgs/msg/obstacle_array_msg.hpp
-- Up-to-date: /home/pi/amr_ws/src/install/costmap_converter_msgs/include/costmap_converter_msgs/costmap_converter_msgs/msg/detail
-- Up-to-date: /home/pi/amr_ws/src/install/costmap_converter_msgs/include/costmap_converter_msgs/costmap_converter_msgs/msg/detail/obstacle_msg__struct.hpp
-- Up-to-date: /home/pi/amr_ws/src/install/costmap_converter_msgs/include/costmap_converter_msgs/costmap_converter_msgs/msg/detail/obstacle_array_msg__builder.hpp
-- Up-to-date: /home/pi/amr_ws/src/install/costmap_converter_msgs/include/costmap_converter_msgs/costmap_converter_msgs/msg/detail/obstacle_array_msg__struct.hpp
-- Up-to-date: /home/pi/amr_ws/src/install/costmap_converter_msgs/include/costmap_converter_msgs/costmap_converter_msgs/msg/detail/obstacle_msg__traits.hpp
-- Up-to-date: /home/pi/amr_ws/src/install/costmap_converter_msgs/include/costmap_converter_msgs/costmap_converter_msgs/msg/detail/obstacle_msg__builder.hpp
-- Up-to-date: /home/pi/amr_ws/src/install/costmap_converter_msgs/include/costmap_converter_msgs/costmap_converter_msgs/msg/detail/obstacle_array_msg__traits.hpp
-- Up-to-date: /home/pi/amr_ws/src/install/costmap_converter_msgs/include/costmap_converter_msgs/costmap_converter_msgs
-- Up-to-date: /home/pi/amr_ws/src/install/costmap_converter_msgs/include/costmap_converter_msgs/costmap_converter_msgs/msg
-- Up-to-date: /home/pi/amr_ws/src/install/costmap_converter_msgs/include/costmap_converter_msgs/costmap_converter_msgs/msg/rosidl_typesupport_fastrtps_cpp__visibility_control.h
-- Up-to-date: /home/pi/amr_ws/src/install/costmap_converter_msgs/include/costmap_converter_msgs/costmap_converter_msgs/msg/detail
-- Up-to-date: /home/pi/amr_ws/src/install/costmap_converter_msgs/include/costmap_converter_msgs/costmap_converter_msgs/msg/detail/obstacle_array_msg__rosidl_typesupport_fastrtps_cpp.hpp
-- Up-to-date: /home/pi/amr_ws/src/install/costmap_converter_msgs/include/costmap_converter_msgs/costmap_converter_msgs/msg/detail/obstacle_msg__rosidl_typesupport_fastrtps_cpp.hpp
-- Up-to-date: /home/pi/amr_ws/src/install/costmap_converter_msgs/include/costmap_converter_msgs/costmap_converter_msgs/msg/detail/dds_fastrtps
-- Up-to-date: /home/pi/amr_ws/src/install/costmap_converter_msgs/lib/libcostmap_converter_msgs__rosidl_typesupport_fastrtps_cpp.so
-- Up-to-date: /home/pi/amr_ws/src/install/costmap_converter_msgs/include/costmap_converter_msgs/costmap_converter_msgs
-- Up-to-date: /home/pi/amr_ws/src/install/costmap_converter_msgs/include/costmap_converter_msgs/costmap_converter_msgs/msg
-- Up-to-date: /home/pi/amr_ws/src/install/costmap_converter_msgs/include/costmap_converter_msgs/costmap_converter_msgs/msg/rosidl_typesupport_introspection_c__visibility_control.h
-- Up-to-date: /home/pi/amr_ws/src/install/costmap_converter_msgs/include/costmap_converter_msgs/costmap_converter_msgs/msg/detail
-- Up-to-date: /home/pi/amr_ws/src/install/costmap_converter_msgs/include/costmap_converter_msgs/costmap_converter_msgs/msg/detail/obstacle_msg__type_support.c
-- Up-to-date: /home/pi/amr_ws/src/install/costmap_converter_msgs/include/costmap_converter_msgs/costmap_converter_msgs/msg/detail/obstacle_msg__rosidl_typesupport_introspection_c.h
-- Up-to-date: /home/pi/amr_ws/src/install/costmap_converter_msgs/include/costmap_converter_msgs/costmap_converter_msgs/msg/detail/obstacle_array_msg__rosidl_typesupport_introspection_c.h
-- Up-to-date: /home/pi/amr_ws/src/install/costmap_converter_msgs/include/costmap_converter_msgs/costmap_converter_msgs/msg/detail/obstacle_array_msg__type_support.c
-- Up-to-date: /home/pi/amr_ws/src/install/costmap_converter_msgs/lib/libcostmap_converter_msgs__rosidl_typesupport_introspection_c.so
-- Up-to-date: /home/pi/amr_ws/src/install/costmap_converter_msgs/lib/libcostmap_converter_msgs__rosidl_typesupport_c.so
-- Up-to-date: /home/pi/amr_ws/src/install/costmap_converter_msgs/include/costmap_converter_msgs/costmap_converter_msgs
-- Up-to-date: /home/pi/amr_ws/src/install/costmap_converter_msgs/include/costmap_converter_msgs/costmap_converter_msgs/msg
-- Up-to-date: /home/pi/amr_ws/src/install/costmap_converter_msgs/include/costmap_converter_msgs/costmap_converter_msgs/msg/detail
-- Up-to-date: /home/pi/amr_ws/src/install/costmap_converter_msgs/include/costmap_converter_msgs/costmap_converter_msgs/msg/detail/obstacle_msg__type_support.cpp
-- Up-to-date: /home/pi/amr_ws/src/install/costmap_converter_msgs/include/costmap_converter_msgs/costmap_converter_msgs/msg/detail/obstacle_array_msg__rosidl_typesupport_introspection_cpp.hpp
-- Up-to-date: /home/pi/amr_ws/src/install/costmap_converter_msgs/include/costmap_converter_msgs/costmap_converter_msgs/msg/detail/obstacle_msg__rosidl_typesupport_introspection_cpp.hpp
-- Up-to-date: /home/pi/amr_ws/src/install/costmap_converter_msgs/include/costmap_converter_msgs/costmap_converter_msgs/msg/detail/obstacle_array_msg__type_support.cpp
-- Up-to-date: /home/pi/amr_ws/src/install/costmap_converter_msgs/lib/libcostmap_converter_msgs__rosidl_typesupport_introspection_cpp.so
-- Up-to-date: /home/pi/amr_ws/src/install/costmap_converter_msgs/lib/libcostmap_converter_msgs__rosidl_typesupport_cpp.so
-- Up-to-date: /home/pi/amr_ws/src/install/costmap_converter_msgs/share/costmap_converter_msgs/environment/pythonpath.sh
-- Up-to-date: /home/pi/amr_ws/src/install/costmap_converter_msgs/share/costmap_converter_msgs/environment/pythonpath.dsv
-- Up-to-date: /home/pi/amr_ws/src/install/costmap_converter_msgs/local/lib/python3.10/dist-packages/costmap_converter_msgs-0.1.2-py3.10.egg-info
-- Installing: /home/pi/amr_ws/src/install/costmap_converter_msgs/local/lib/python3.10/dist-packages/costmap_converter_msgs-0.1.2-py3.10.egg-info/PKG-INFO
-- Installing: /home/pi/amr_ws/src/install/costmap_converter_msgs/local/lib/python3.10/dist-packages/costmap_converter_msgs-0.1.2-py3.10.egg-info/top_level.txt
-- Installing: /home/pi/amr_ws/src/install/costmap_converter_msgs/local/lib/python3.10/dist-packages/costmap_converter_msgs-0.1.2-py3.10.egg-info/SOURCES.txt
-- Installing: /home/pi/amr_ws/src/install/costmap_converter_msgs/local/lib/python3.10/dist-packages/costmap_converter_msgs-0.1.2-py3.10.egg-info/dependency_links.txt
-- Up-to-date: /home/pi/amr_ws/src/install/costmap_converter_msgs/local/lib/python3.10/dist-packages/costmap_converter_msgs
-- Up-to-date: /home/pi/amr_ws/src/install/costmap_converter_msgs/local/lib/python3.10/dist-packages/costmap_converter_msgs/_costmap_converter_msgs_s.ep.rosidl_typesupport_fastrtps_c.c
-- Up-to-date: /home/pi/amr_ws/src/install/costmap_converter_msgs/local/lib/python3.10/dist-packages/costmap_converter_msgs/msg
-- Up-to-date: /home/pi/amr_ws/src/install/costmap_converter_msgs/local/lib/python3.10/dist-packages/costmap_converter_msgs/msg/_obstacle_array_msg.py
-- Up-to-date: /home/pi/amr_ws/src/install/costmap_converter_msgs/local/lib/python3.10/dist-packages/costmap_converter_msgs/msg/_obstacle_msg.py
-- Up-to-date: /home/pi/amr_ws/src/install/costmap_converter_msgs/local/lib/python3.10/dist-packages/costmap_converter_msgs/msg/__init__.py
-- Up-to-date: /home/pi/amr_ws/src/install/costmap_converter_msgs/local/lib/python3.10/dist-packages/costmap_converter_msgs/msg/_obstacle_array_msg_s.c
-- Up-to-date: /home/pi/amr_ws/src/install/costmap_converter_msgs/local/lib/python3.10/dist-packages/costmap_converter_msgs/msg/_obstacle_msg_s.c
-- Up-to-date: /home/pi/amr_ws/src/install/costmap_converter_msgs/local/lib/python3.10/dist-packages/costmap_converter_msgs/_costmap_converter_msgs_s.ep.rosidl_typesupport_c.c
-- Up-to-date: /home/pi/amr_ws/src/install/costmap_converter_msgs/local/lib/python3.10/dist-packages/costmap_converter_msgs/costmap_converter_msgs_s__rosidl_typesupport_introspection_c.cpython-310-aarch64-linux-gnu.so
-- Up-to-date: /home/pi/amr_ws/src/install/costmap_converter_msgs/local/lib/python3.10/dist-packages/costmap_converter_msgs/libcostmap_converter_msgs__rosidl_generator_py.so
-- Up-to-date: /home/pi/amr_ws/src/install/costmap_converter_msgs/local/lib/python3.10/dist-packages/costmap_converter_msgs/__init__.py
-- Up-to-date: /home/pi/amr_ws/src/install/costmap_converter_msgs/local/lib/python3.10/dist-packages/costmap_converter_msgs/_costmap_converter_msgs_s.ep.rosidl_typesupport_introspection_c.c
-- Up-to-date: /home/pi/amr_ws/src/install/costmap_converter_msgs/local/lib/python3.10/dist-packages/costmap_converter_msgs/costmap_converter_msgs_s__rosidl_typesupport_fastrtps_c.cpython-310-aarch64-linux-gnu.so
-- Up-to-date: /home/pi/amr_ws/src/install/costmap_converter_msgs/local/lib/python3.10/dist-packages/costmap_converter_msgs/costmap_converter_msgs_s__rosidl_typesupport_c.cpython-310-aarch64-linux-gnu.so
Listing '/home/pi/amr_ws/src/install/costmap_converter_msgs/local/lib/python3.10/dist-packages/costmap_converter_msgs'...
Listing '/home/pi/amr_ws/src/install/costmap_converter_msgs/local/lib/python3.10/dist-packages/costmap_converter_msgs/msg'...
-- Up-to-date: /home/pi/amr_ws/src/install/costmap_converter_msgs/local/lib/python3.10/dist-packages/costmap_converter_msgs/costmap_converter_msgs_s__rosidl_typesupport_fastrtps_c.cpython-310-aarch64-linux-gnu.so
-- Up-to-date: /home/pi/amr_ws/src/install/costmap_converter_msgs/local/lib/python3.10/dist-packages/costmap_converter_msgs/costmap_converter_msgs_s__rosidl_typesupport_introspection_c.cpython-310-aarch64-linux-gnu.so
-- Up-to-date: /home/pi/amr_ws/src/install/costmap_converter_msgs/local/lib/python3.10/dist-packages/costmap_converter_msgs/costmap_converter_msgs_s__rosidl_typesupport_c.cpython-310-aarch64-linux-gnu.so
-- Up-to-date: /home/pi/amr_ws/src/install/costmap_converter_msgs/lib/libcostmap_converter_msgs__rosidl_generator_py.so
-- Up-to-date: /home/pi/amr_ws/src/install/costmap_converter_msgs/share/costmap_converter_msgs/msg/ObstacleMsg.idl
-- Up-to-date: /home/pi/amr_ws/src/install/costmap_converter_msgs/share/costmap_converter_msgs/msg/ObstacleArrayMsg.idl
-- Up-to-date: /home/pi/amr_ws/src/install/costmap_converter_msgs/share/costmap_converter_msgs/msg/ObstacleMsg.msg
-- Up-to-date: /home/pi/amr_ws/src/install/costmap_converter_msgs/share/costmap_converter_msgs/msg/ObstacleArrayMsg.msg
-- Up-to-date: /home/pi/amr_ws/src/install/costmap_converter_msgs/share/ament_index/resource_index/package_run_dependencies/costmap_converter_msgs
-- Up-to-date: /home/pi/amr_ws/src/install/costmap_converter_msgs/share/ament_index/resource_index/parent_prefix_path/costmap_converter_msgs
-- Up-to-date: /home/pi/amr_ws/src/install/costmap_converter_msgs/share/costmap_converter_msgs/environment/ament_prefix_path.sh
-- Up-to-date: /home/pi/amr_ws/src/install/costmap_converter_msgs/share/costmap_converter_msgs/environment/ament_prefix_path.dsv
-- Up-to-date: /home/pi/amr_ws/src/install/costmap_converter_msgs/share/costmap_converter_msgs/environment/path.sh
-- Up-to-date: /home/pi/amr_ws/src/install/costmap_converter_msgs/share/costmap_converter_msgs/environment/path.dsv
-- Up-to-date: /home/pi/amr_ws/src/install/costmap_converter_msgs/share/costmap_converter_msgs/local_setup.bash
-- Up-to-date: /home/pi/amr_ws/src/install/costmap_converter_msgs/share/costmap_converter_msgs/local_setup.sh
-- Up-to-date: /home/pi/amr_ws/src/install/costmap_converter_msgs/share/costmap_converter_msgs/local_setup.zsh
-- Up-to-date: /home/pi/amr_ws/src/install/costmap_converter_msgs/share/costmap_converter_msgs/local_setup.dsv
-- Installing: /home/pi/amr_ws/src/install/costmap_converter_msgs/share/costmap_converter_msgs/package.dsv
-- Up-to-date: /home/pi/amr_ws/src/install/costmap_converter_msgs/share/ament_index/resource_index/packages/costmap_converter_msgs
-- Up-to-date: /home/pi/amr_ws/src/install/costmap_converter_msgs/share/costmap_converter_msgs/cmake/export_costmap_converter_msgs__rosidl_generator_cExport.cmake
-- Up-to-date: /home/pi/amr_ws/src/install/costmap_converter_msgs/share/costmap_converter_msgs/cmake/export_costmap_converter_msgs__rosidl_generator_cExport-noconfig.cmake
-- Up-to-date: /home/pi/amr_ws/src/install/costmap_converter_msgs/share/costmap_converter_msgs/cmake/export_costmap_converter_msgs__rosidl_typesupport_fastrtps_cExport.cmake
-- Up-to-date: /home/pi/amr_ws/src/install/costmap_converter_msgs/share/costmap_converter_msgs/cmake/export_costmap_converter_msgs__rosidl_typesupport_fastrtps_cExport-noconfig.cmake
-- Up-to-date: /home/pi/amr_ws/src/install/costmap_converter_msgs/share/costmap_converter_msgs/cmake/export_costmap_converter_msgs__rosidl_generator_cppExport.cmake
-- Up-to-date: /home/pi/amr_ws/src/install/costmap_converter_msgs/share/costmap_converter_msgs/cmake/export_costmap_converter_msgs__rosidl_typesupport_fastrtps_cppExport.cmake
-- Up-to-date: /home/pi/amr_ws/src/install/costmap_converter_msgs/share/costmap_converter_msgs/cmake/export_costmap_converter_msgs__rosidl_typesupport_fastrtps_cppExport-noconfig.cmake
-- Up-to-date: /home/pi/amr_ws/src/install/costmap_converter_msgs/share/costmap_converter_msgs/cmake/costmap_converter_msgs__rosidl_typesupport_introspection_cExport.cmake
-- Up-to-date: /home/pi/amr_ws/src/install/costmap_converter_msgs/share/costmap_converter_msgs/cmake/costmap_converter_msgs__rosidl_typesupport_introspection_cExport-noconfig.cmake
-- Up-to-date: /home/pi/amr_ws/src/install/costmap_converter_msgs/share/costmap_converter_msgs/cmake/costmap_converter_msgs__rosidl_typesupport_cExport.cmake
-- Up-to-date: /home/pi/amr_ws/src/install/costmap_converter_msgs/share/costmap_converter_msgs/cmake/costmap_converter_msgs__rosidl_typesupport_cExport-noconfig.cmake
-- Up-to-date: /home/pi/amr_ws/src/install/costmap_converter_msgs/share/costmap_converter_msgs/cmake/costmap_converter_msgs__rosidl_typesupport_introspection_cppExport.cmake
-- Up-to-date: /home/pi/amr_ws/src/install/costmap_converter_msgs/share/costmap_converter_msgs/cmake/costmap_converter_msgs__rosidl_typesupport_introspection_cppExport-noconfig.cmake
-- Up-to-date: /home/pi/amr_ws/src/install/costmap_converter_msgs/share/costmap_converter_msgs/cmake/costmap_converter_msgs__rosidl_typesupport_cppExport.cmake
-- Up-to-date: /home/pi/amr_ws/src/install/costmap_converter_msgs/share/costmap_converter_msgs/cmake/costmap_converter_msgs__rosidl_typesupport_cppExport-noconfig.cmake
-- Up-to-date: /home/pi/amr_ws/src/install/costmap_converter_msgs/share/costmap_converter_msgs/cmake/export_costmap_converter_msgs__rosidl_generator_pyExport.cmake
-- Up-to-date: /home/pi/amr_ws/src/install/costmap_converter_msgs/share/costmap_converter_msgs/cmake/export_costmap_converter_msgs__rosidl_generator_pyExport-noconfig.cmake
-- Up-to-date: /home/pi/amr_ws/src/install/costmap_converter_msgs/share/costmap_converter_msgs/cmake/rosidl_cmake-extras.cmake
-- Up-to-date: /home/pi/amr_ws/src/install/costmap_converter_msgs/share/costmap_converter_msgs/cmake/ament_cmake_export_dependencies-extras.cmake
-- Up-to-date: /home/pi/amr_ws/src/install/costmap_converter_msgs/share/costmap_converter_msgs/cmake/ament_cmake_export_include_directories-extras.cmake
-- Up-to-date: /home/pi/amr_ws/src/install/costmap_converter_msgs/share/costmap_converter_msgs/cmake/ament_cmake_export_libraries-extras.cmake
-- Up-to-date: /home/pi/amr_ws/src/install/costmap_converter_msgs/share/costmap_converter_msgs/cmake/ament_cmake_export_targets-extras.cmake
-- Up-to-date: /home/pi/amr_ws/src/install/costmap_converter_msgs/share/costmap_converter_msgs/cmake/rosidl_cmake_export_typesupport_targets-extras.cmake
-- Up-to-date: /home/pi/amr_ws/src/install/costmap_converter_msgs/share/costmap_converter_msgs/cmake/rosidl_cmake_export_typesupport_libraries-extras.cmake
-- Up-to-date: /home/pi/amr_ws/src/install/costmap_converter_msgs/share/costmap_converter_msgs/cmake/costmap_converter_msgsConfig.cmake
-- Up-to-date: /home/pi/amr_ws/src/install/costmap_converter_msgs/share/costmap_converter_msgs/cmake/costmap_converter_msgsConfig-version.cmake
-- Up-to-date: /home/pi/amr_ws/src/install/costmap_converter_msgs/share/costmap_converter_msgs/package.xml
