[2.038s] DEBUG:colcon:Command line arguments: ['/usr/bin/colcon', 'build', '--packages-select', 'costmap_converter_msgs', 'teb_msgs', 'teb_local_planner']
[2.038s] DEBUG:colcon:Parsed command line arguments: Namespace(log_base=None, log_level=None, verb_name='build', build_base='build', install_base='install', merge_install=False, symlink_install=False, test_result_base=None, continue_on_error=False, executor='parallel', parallel_workers=4, event_handlers=None, ignore_user_meta=False, metas=['./colcon.meta'], base_paths=['.'], packages_ignore=None, packages_ignore_regex=None, paths=None, packages_up_to=None, packages_up_to_regex=None, packages_above=None, packages_above_and_dependencies=None, packages_above_depth=None, packages_select_by_dep=None, packages_skip_by_dep=None, packages_skip_up_to=None, packages_select_build_failed=False, packages_skip_build_finished=False, packages_select_test_failures=False, packages_skip_test_passed=False, packages_select=['costmap_converter_msgs', 'teb_msgs', 'teb_local_planner'], packages_skip=None, packages_select_regex=None, packages_skip_regex=None, packages_start=None, packages_end=None, allow_overriding=[], cmake_args=None, cmake_target=None, cmake_target_skip_unavailable=False, cmake_clean_cache=False, cmake_clean_first=False, cmake_force_configure=False, ament_cmake_args=None, catkin_cmake_args=None, catkin_skip_building_tests=False, verb_parser=<colcon_defaults.argument_parser.defaults.DefaultArgumentsDecorator object at 0xffff93455300>, verb_extension=<colcon_core.verb.build.BuildVerb object at 0xffff93c30e80>, main=<bound method BuildVerb.main of <colcon_core.verb.build.BuildVerb object at 0xffff93c30e80>>)
[2.156s] Level 1:colcon.colcon_core.package_discovery:discover_packages(colcon_meta) check parameters
[2.156s] Level 1:colcon.colcon_core.package_discovery:discover_packages(recursive) check parameters
[2.156s] Level 1:colcon.colcon_core.package_discovery:discover_packages(ignore) check parameters
[2.156s] Level 1:colcon.colcon_core.package_discovery:discover_packages(path) check parameters
[2.157s] Level 1:colcon.colcon_core.package_discovery:discover_packages(colcon_meta) discover
[2.157s] Level 1:colcon.colcon_core.package_discovery:discover_packages(recursive) discover
[2.157s] INFO:colcon.colcon_core.package_discovery:Crawling recursively for packages in '/home/pi/amr_ws/src'
[2.158s] Level 1:colcon.colcon_core.package_identification:_identify(.) by extensions ['ignore', 'ignore_ament_install']
[2.158s] Level 1:colcon.colcon_core.package_identification:_identify(.) by extension 'ignore'
[2.159s] Level 1:colcon.colcon_core.package_identification:_identify(.) by extension 'ignore_ament_install'
[2.159s] Level 1:colcon.colcon_core.package_identification:_identify(.) by extensions ['colcon_pkg']
[2.159s] Level 1:colcon.colcon_core.package_identification:_identify(.) by extension 'colcon_pkg'
[2.160s] Level 1:colcon.colcon_core.package_identification:_identify(.) by extensions ['colcon_meta']
[2.160s] Level 1:colcon.colcon_core.package_identification:_identify(.) by extension 'colcon_meta'
[2.160s] Level 1:colcon.colcon_core.package_identification:_identify(.) by extensions ['ros']
[2.160s] Level 1:colcon.colcon_core.package_identification:_identify(.) by extension 'ros'
[2.253s] Level 1:colcon.colcon_core.package_identification:_identify(.) by extensions ['cmake', 'python']
[2.253s] Level 1:colcon.colcon_core.package_identification:_identify(.) by extension 'cmake'
[2.253s] Level 1:colcon.colcon_core.package_identification:_identify(.) by extension 'python'
[2.253s] Level 1:colcon.colcon_core.package_identification:_identify(.) by extensions ['python_setup_py']
[2.254s] Level 1:colcon.colcon_core.package_identification:_identify(.) by extension 'python_setup_py'
[2.254s] Level 1:colcon.colcon_core.package_identification:_identify(amr_control) by extensions ['ignore', 'ignore_ament_install']
[2.255s] Level 1:colcon.colcon_core.package_identification:_identify(amr_control) by extension 'ignore'
[2.255s] Level 1:colcon.colcon_core.package_identification:_identify(amr_control) by extension 'ignore_ament_install'
[2.256s] Level 1:colcon.colcon_core.package_identification:_identify(amr_control) by extensions ['colcon_pkg']
[2.256s] Level 1:colcon.colcon_core.package_identification:_identify(amr_control) by extension 'colcon_pkg'
[2.256s] Level 1:colcon.colcon_core.package_identification:_identify(amr_control) by extensions ['colcon_meta']
[2.256s] Level 1:colcon.colcon_core.package_identification:_identify(amr_control) by extension 'colcon_meta'
[2.256s] Level 1:colcon.colcon_core.package_identification:_identify(amr_control) by extensions ['ros']
[2.256s] Level 1:colcon.colcon_core.package_identification:_identify(amr_control) by extension 'ros'
[2.269s] DEBUG:colcon.colcon_core.package_identification:Package 'amr_control' with type 'ros.ament_python' and name 'amr_control'
[2.270s] Level 1:colcon.colcon_core.package_identification:_identify(amr_interface) by extensions ['ignore', 'ignore_ament_install']
[2.270s] Level 1:colcon.colcon_core.package_identification:_identify(amr_interface) by extension 'ignore'
[2.270s] Level 1:colcon.colcon_core.package_identification:_identify(amr_interface) by extension 'ignore_ament_install'
[2.271s] Level 1:colcon.colcon_core.package_identification:_identify(amr_interface) by extensions ['colcon_pkg']
[2.271s] Level 1:colcon.colcon_core.package_identification:_identify(amr_interface) by extension 'colcon_pkg'
[2.271s] Level 1:colcon.colcon_core.package_identification:_identify(amr_interface) by extensions ['colcon_meta']
[2.271s] Level 1:colcon.colcon_core.package_identification:_identify(amr_interface) by extension 'colcon_meta'
[2.272s] Level 1:colcon.colcon_core.package_identification:_identify(amr_interface) by extensions ['ros']
[2.272s] Level 1:colcon.colcon_core.package_identification:_identify(amr_interface) by extension 'ros'
[2.274s] DEBUG:colcon.colcon_core.package_identification:Package 'amr_interface' with type 'ros.ament_cmake' and name 'amr_interface'
[2.275s] Level 1:colcon.colcon_core.package_identification:_identify(build) by extensions ['ignore', 'ignore_ament_install']
[2.275s] Level 1:colcon.colcon_core.package_identification:_identify(build) by extension 'ignore'
[2.276s] Level 1:colcon.colcon_core.package_identification:_identify(build) ignored
[2.276s] Level 1:colcon.colcon_core.package_identification:_identify(costmap_converter) by extensions ['ignore', 'ignore_ament_install']
[2.277s] Level 1:colcon.colcon_core.package_identification:_identify(costmap_converter) by extension 'ignore'
[2.277s] Level 1:colcon.colcon_core.package_identification:_identify(costmap_converter) by extension 'ignore_ament_install'
[2.277s] Level 1:colcon.colcon_core.package_identification:_identify(costmap_converter) by extensions ['colcon_pkg']
[2.278s] Level 1:colcon.colcon_core.package_identification:_identify(costmap_converter) by extension 'colcon_pkg'
[2.278s] Level 1:colcon.colcon_core.package_identification:_identify(costmap_converter) by extensions ['colcon_meta']
[2.278s] Level 1:colcon.colcon_core.package_identification:_identify(costmap_converter) by extension 'colcon_meta'
[2.278s] Level 1:colcon.colcon_core.package_identification:_identify(costmap_converter) by extensions ['ros']
[2.278s] Level 1:colcon.colcon_core.package_identification:_identify(costmap_converter) by extension 'ros'
[2.279s] Level 1:colcon.colcon_core.package_identification:_identify(costmap_converter) by extensions ['cmake', 'python']
[2.279s] Level 1:colcon.colcon_core.package_identification:_identify(costmap_converter) by extension 'cmake'
[2.280s] Level 1:colcon.colcon_core.package_identification:_identify(costmap_converter) by extension 'python'
[2.280s] Level 1:colcon.colcon_core.package_identification:_identify(costmap_converter) by extensions ['python_setup_py']
[2.281s] Level 1:colcon.colcon_core.package_identification:_identify(costmap_converter) by extension 'python_setup_py'
[2.281s] Level 1:colcon.colcon_core.package_identification:_identify(costmap_converter/costmap_converter) by extensions ['ignore', 'ignore_ament_install']
[2.282s] Level 1:colcon.colcon_core.package_identification:_identify(costmap_converter/costmap_converter) by extension 'ignore'
[2.282s] Level 1:colcon.colcon_core.package_identification:_identify(costmap_converter/costmap_converter) by extension 'ignore_ament_install'
[2.283s] Level 1:colcon.colcon_core.package_identification:_identify(costmap_converter/costmap_converter) by extensions ['colcon_pkg']
[2.283s] Level 1:colcon.colcon_core.package_identification:_identify(costmap_converter/costmap_converter) by extension 'colcon_pkg'
[2.283s] Level 1:colcon.colcon_core.package_identification:_identify(costmap_converter/costmap_converter) by extensions ['colcon_meta']
[2.283s] Level 1:colcon.colcon_core.package_identification:_identify(costmap_converter/costmap_converter) by extension 'colcon_meta'
[2.284s] Level 1:colcon.colcon_core.package_identification:_identify(costmap_converter/costmap_converter) by extensions ['ros']
[2.284s] Level 1:colcon.colcon_core.package_identification:_identify(costmap_converter/costmap_converter) by extension 'ros'
[2.289s] DEBUG:colcon.colcon_core.package_identification:Package 'costmap_converter/costmap_converter' with type 'ros.ament_cmake' and name 'costmap_converter'
[2.290s] Level 1:colcon.colcon_core.package_identification:_identify(costmap_converter/costmap_converter_msgs) by extensions ['ignore', 'ignore_ament_install']
[2.290s] Level 1:colcon.colcon_core.package_identification:_identify(costmap_converter/costmap_converter_msgs) by extension 'ignore'
[2.291s] Level 1:colcon.colcon_core.package_identification:_identify(costmap_converter/costmap_converter_msgs) by extension 'ignore_ament_install'
[2.291s] Level 1:colcon.colcon_core.package_identification:_identify(costmap_converter/costmap_converter_msgs) by extensions ['colcon_pkg']
[2.291s] Level 1:colcon.colcon_core.package_identification:_identify(costmap_converter/costmap_converter_msgs) by extension 'colcon_pkg'
[2.292s] Level 1:colcon.colcon_core.package_identification:_identify(costmap_converter/costmap_converter_msgs) by extensions ['colcon_meta']
[2.292s] Level 1:colcon.colcon_core.package_identification:_identify(costmap_converter/costmap_converter_msgs) by extension 'colcon_meta'
[2.292s] Level 1:colcon.colcon_core.package_identification:_identify(costmap_converter/costmap_converter_msgs) by extensions ['ros']
[2.292s] Level 1:colcon.colcon_core.package_identification:_identify(costmap_converter/costmap_converter_msgs) by extension 'ros'
[2.295s] DEBUG:colcon.colcon_core.package_identification:Package 'costmap_converter/costmap_converter_msgs' with type 'ros.ament_cmake' and name 'costmap_converter_msgs'
[2.296s] Level 1:colcon.colcon_core.package_identification:_identify(install) by extensions ['ignore', 'ignore_ament_install']
[2.296s] Level 1:colcon.colcon_core.package_identification:_identify(install) by extension 'ignore'
[2.297s] Level 1:colcon.colcon_core.package_identification:_identify(install) ignored
[2.297s] Level 1:colcon.colcon_core.package_identification:_identify(ldlidar) by extensions ['ignore', 'ignore_ament_install']
[2.298s] Level 1:colcon.colcon_core.package_identification:_identify(ldlidar) by extension 'ignore'
[2.298s] Level 1:colcon.colcon_core.package_identification:_identify(ldlidar) by extension 'ignore_ament_install'
[2.298s] Level 1:colcon.colcon_core.package_identification:_identify(ldlidar) by extensions ['colcon_pkg']
[2.298s] Level 1:colcon.colcon_core.package_identification:_identify(ldlidar) by extension 'colcon_pkg'
[2.298s] Level 1:colcon.colcon_core.package_identification:_identify(ldlidar) by extensions ['colcon_meta']
[2.298s] Level 1:colcon.colcon_core.package_identification:_identify(ldlidar) by extension 'colcon_meta'
[2.299s] Level 1:colcon.colcon_core.package_identification:_identify(ldlidar) by extensions ['ros']
[2.299s] Level 1:colcon.colcon_core.package_identification:_identify(ldlidar) by extension 'ros'
[2.301s] DEBUG:colcon.colcon_core.package_identification:Package 'ldlidar' with type 'ros.ament_cmake' and name 'ldlidar'
[2.302s] Level 1:colcon.colcon_core.package_identification:_identify(log) by extensions ['ignore', 'ignore_ament_install']
[2.302s] Level 1:colcon.colcon_core.package_identification:_identify(log) by extension 'ignore'
[2.302s] Level 1:colcon.colcon_core.package_identification:_identify(log) ignored
[2.303s] Level 1:colcon.colcon_core.package_identification:_identify(micro_ros_setup) by extensions ['ignore', 'ignore_ament_install']
[2.303s] Level 1:colcon.colcon_core.package_identification:_identify(micro_ros_setup) by extension 'ignore'
[2.304s] Level 1:colcon.colcon_core.package_identification:_identify(micro_ros_setup) by extension 'ignore_ament_install'
[2.304s] Level 1:colcon.colcon_core.package_identification:_identify(micro_ros_setup) by extensions ['colcon_pkg']
[2.304s] Level 1:colcon.colcon_core.package_identification:_identify(micro_ros_setup) by extension 'colcon_pkg'
[2.305s] Level 1:colcon.colcon_core.package_identification:_identify(micro_ros_setup) by extensions ['colcon_meta']
[2.305s] Level 1:colcon.colcon_core.package_identification:_identify(micro_ros_setup) by extension 'colcon_meta'
[2.306s] Level 1:colcon.colcon_core.package_identification:_identify(micro_ros_setup) by extensions ['ros']
[2.306s] Level 1:colcon.colcon_core.package_identification:_identify(micro_ros_setup) by extension 'ros'
[2.310s] DEBUG:colcon.colcon_core.package_identification:Package 'micro_ros_setup' with type 'ros.ament_cmake' and name 'micro_ros_setup'
[2.311s] Level 1:colcon.colcon_core.package_identification:_identify(ros-foxglove-bridge) by extensions ['ignore', 'ignore_ament_install']
[2.311s] Level 1:colcon.colcon_core.package_identification:_identify(ros-foxglove-bridge) by extension 'ignore'
[2.312s] Level 1:colcon.colcon_core.package_identification:_identify(ros-foxglove-bridge) by extension 'ignore_ament_install'
[2.312s] Level 1:colcon.colcon_core.package_identification:_identify(ros-foxglove-bridge) by extensions ['colcon_pkg']
[2.312s] Level 1:colcon.colcon_core.package_identification:_identify(ros-foxglove-bridge) by extension 'colcon_pkg'
[2.313s] Level 1:colcon.colcon_core.package_identification:_identify(ros-foxglove-bridge) by extensions ['colcon_meta']
[2.313s] Level 1:colcon.colcon_core.package_identification:_identify(ros-foxglove-bridge) by extension 'colcon_meta'
[2.313s] Level 1:colcon.colcon_core.package_identification:_identify(ros-foxglove-bridge) by extensions ['ros']
[2.313s] Level 1:colcon.colcon_core.package_identification:_identify(ros-foxglove-bridge) by extension 'ros'
[2.362s] DEBUG:colcon.colcon_core.package_identification:Package 'ros-foxglove-bridge' with type 'ros.ament_cmake' and name 'foxglove_bridge'
[2.363s] Level 1:colcon.colcon_core.package_identification:_identify(rplidar_ros2) by extensions ['ignore', 'ignore_ament_install']
[2.363s] Level 1:colcon.colcon_core.package_identification:_identify(rplidar_ros2) by extension 'ignore'
[2.364s] Level 1:colcon.colcon_core.package_identification:_identify(rplidar_ros2) by extension 'ignore_ament_install'
[2.364s] Level 1:colcon.colcon_core.package_identification:_identify(rplidar_ros2) by extensions ['colcon_pkg']
[2.364s] Level 1:colcon.colcon_core.package_identification:_identify(rplidar_ros2) by extension 'colcon_pkg'
[2.365s] Level 1:colcon.colcon_core.package_identification:_identify(rplidar_ros2) by extensions ['colcon_meta']
[2.365s] Level 1:colcon.colcon_core.package_identification:_identify(rplidar_ros2) by extension 'colcon_meta'
[2.365s] Level 1:colcon.colcon_core.package_identification:_identify(rplidar_ros2) by extensions ['ros']
[2.365s] Level 1:colcon.colcon_core.package_identification:_identify(rplidar_ros2) by extension 'ros'
[2.368s] DEBUG:colcon.colcon_core.package_identification:Package 'rplidar_ros2' with type 'ros.ament_cmake' and name 'rplidar_ros2'
[2.369s] Level 1:colcon.colcon_core.package_identification:_identify(sllidar_ros2) by extensions ['ignore', 'ignore_ament_install']
[2.370s] Level 1:colcon.colcon_core.package_identification:_identify(sllidar_ros2) by extension 'ignore'
[2.370s] Level 1:colcon.colcon_core.package_identification:_identify(sllidar_ros2) by extension 'ignore_ament_install'
[2.371s] Level 1:colcon.colcon_core.package_identification:_identify(sllidar_ros2) by extensions ['colcon_pkg']
[2.371s] Level 1:colcon.colcon_core.package_identification:_identify(sllidar_ros2) by extension 'colcon_pkg'
[2.371s] Level 1:colcon.colcon_core.package_identification:_identify(sllidar_ros2) by extensions ['colcon_meta']
[2.371s] Level 1:colcon.colcon_core.package_identification:_identify(sllidar_ros2) by extension 'colcon_meta'
[2.372s] Level 1:colcon.colcon_core.package_identification:_identify(sllidar_ros2) by extensions ['ros']
[2.372s] Level 1:colcon.colcon_core.package_identification:_identify(sllidar_ros2) by extension 'ros'
[2.375s] DEBUG:colcon.colcon_core.package_identification:Package 'sllidar_ros2' with type 'ros.ament_cmake' and name 'sllidar_ros2'
[2.375s] Level 1:colcon.colcon_core.package_identification:_identify(teb_local_planner) by extensions ['ignore', 'ignore_ament_install']
[2.376s] Level 1:colcon.colcon_core.package_identification:_identify(teb_local_planner) by extension 'ignore'
[2.376s] Level 1:colcon.colcon_core.package_identification:_identify(teb_local_planner) by extension 'ignore_ament_install'
[2.376s] Level 1:colcon.colcon_core.package_identification:_identify(teb_local_planner) by extensions ['colcon_pkg']
[2.376s] Level 1:colcon.colcon_core.package_identification:_identify(teb_local_planner) by extension 'colcon_pkg'
[2.377s] Level 1:colcon.colcon_core.package_identification:_identify(teb_local_planner) by extensions ['colcon_meta']
[2.377s] Level 1:colcon.colcon_core.package_identification:_identify(teb_local_planner) by extension 'colcon_meta'
[2.377s] Level 1:colcon.colcon_core.package_identification:_identify(teb_local_planner) by extensions ['ros']
[2.377s] Level 1:colcon.colcon_core.package_identification:_identify(teb_local_planner) by extension 'ros'
[2.377s] Level 1:colcon.colcon_core.package_identification:_identify(teb_local_planner) by extensions ['cmake', 'python']
[2.377s] Level 1:colcon.colcon_core.package_identification:_identify(teb_local_planner) by extension 'cmake'
[2.378s] Level 1:colcon.colcon_core.package_identification:_identify(teb_local_planner) by extension 'python'
[2.378s] Level 1:colcon.colcon_core.package_identification:_identify(teb_local_planner) by extensions ['python_setup_py']
[2.378s] Level 1:colcon.colcon_core.package_identification:_identify(teb_local_planner) by extension 'python_setup_py'
[2.378s] Level 1:colcon.colcon_core.package_identification:_identify(teb_local_planner/teb_local_planner) by extensions ['ignore', 'ignore_ament_install']
[2.379s] Level 1:colcon.colcon_core.package_identification:_identify(teb_local_planner/teb_local_planner) by extension 'ignore'
[2.379s] Level 1:colcon.colcon_core.package_identification:_identify(teb_local_planner/teb_local_planner) by extension 'ignore_ament_install'
[2.380s] Level 1:colcon.colcon_core.package_identification:_identify(teb_local_planner/teb_local_planner) by extensions ['colcon_pkg']
[2.380s] Level 1:colcon.colcon_core.package_identification:_identify(teb_local_planner/teb_local_planner) by extension 'colcon_pkg'
[2.380s] Level 1:colcon.colcon_core.package_identification:_identify(teb_local_planner/teb_local_planner) by extensions ['colcon_meta']
[2.380s] Level 1:colcon.colcon_core.package_identification:_identify(teb_local_planner/teb_local_planner) by extension 'colcon_meta'
[2.380s] Level 1:colcon.colcon_core.package_identification:_identify(teb_local_planner/teb_local_planner) by extensions ['ros']
[2.381s] Level 1:colcon.colcon_core.package_identification:_identify(teb_local_planner/teb_local_planner) by extension 'ros'
[2.390s] DEBUG:colcon.colcon_core.package_identification:Package 'teb_local_planner/teb_local_planner' with type 'ros.ament_cmake' and name 'teb_local_planner'
[2.391s] Level 1:colcon.colcon_core.package_identification:_identify(teb_local_planner/teb_msgs) by extensions ['ignore', 'ignore_ament_install']
[2.392s] Level 1:colcon.colcon_core.package_identification:_identify(teb_local_planner/teb_msgs) by extension 'ignore'
[2.392s] Level 1:colcon.colcon_core.package_identification:_identify(teb_local_planner/teb_msgs) by extension 'ignore_ament_install'
[2.393s] Level 1:colcon.colcon_core.package_identification:_identify(teb_local_planner/teb_msgs) by extensions ['colcon_pkg']
[2.393s] Level 1:colcon.colcon_core.package_identification:_identify(teb_local_planner/teb_msgs) by extension 'colcon_pkg'
[2.393s] Level 1:colcon.colcon_core.package_identification:_identify(teb_local_planner/teb_msgs) by extensions ['colcon_meta']
[2.393s] Level 1:colcon.colcon_core.package_identification:_identify(teb_local_planner/teb_msgs) by extension 'colcon_meta'
[2.393s] Level 1:colcon.colcon_core.package_identification:_identify(teb_local_planner/teb_msgs) by extensions ['ros']
[2.394s] Level 1:colcon.colcon_core.package_identification:_identify(teb_local_planner/teb_msgs) by extension 'ros'
[2.397s] DEBUG:colcon.colcon_core.package_identification:Package 'teb_local_planner/teb_msgs' with type 'ros.ament_cmake' and name 'teb_msgs'
[2.397s] Level 1:colcon.colcon_core.package_identification:_identify(uros) by extensions ['ignore', 'ignore_ament_install']
[2.398s] Level 1:colcon.colcon_core.package_identification:_identify(uros) by extension 'ignore'
[2.398s] Level 1:colcon.colcon_core.package_identification:_identify(uros) by extension 'ignore_ament_install'
[2.398s] Level 1:colcon.colcon_core.package_identification:_identify(uros) by extensions ['colcon_pkg']
[2.399s] Level 1:colcon.colcon_core.package_identification:_identify(uros) by extension 'colcon_pkg'
[2.399s] Level 1:colcon.colcon_core.package_identification:_identify(uros) by extensions ['colcon_meta']
[2.399s] Level 1:colcon.colcon_core.package_identification:_identify(uros) by extension 'colcon_meta'
[2.399s] Level 1:colcon.colcon_core.package_identification:_identify(uros) by extensions ['ros']
[2.400s] Level 1:colcon.colcon_core.package_identification:_identify(uros) by extension 'ros'
[2.400s] Level 1:colcon.colcon_core.package_identification:_identify(uros) by extensions ['cmake', 'python']
[2.400s] Level 1:colcon.colcon_core.package_identification:_identify(uros) by extension 'cmake'
[2.400s] Level 1:colcon.colcon_core.package_identification:_identify(uros) by extension 'python'
[2.401s] Level 1:colcon.colcon_core.package_identification:_identify(uros) by extensions ['python_setup_py']
[2.401s] Level 1:colcon.colcon_core.package_identification:_identify(uros) by extension 'python_setup_py'
[2.402s] Level 1:colcon.colcon_core.package_identification:_identify(uros/micro-ROS-Agent) by extensions ['ignore', 'ignore_ament_install']
[2.402s] Level 1:colcon.colcon_core.package_identification:_identify(uros/micro-ROS-Agent) by extension 'ignore'
[2.402s] Level 1:colcon.colcon_core.package_identification:_identify(uros/micro-ROS-Agent) by extension 'ignore_ament_install'
[2.403s] Level 1:colcon.colcon_core.package_identification:_identify(uros/micro-ROS-Agent) by extensions ['colcon_pkg']
[2.403s] Level 1:colcon.colcon_core.package_identification:_identify(uros/micro-ROS-Agent) by extension 'colcon_pkg'
[2.403s] Level 1:colcon.colcon_core.package_identification:_identify(uros/micro-ROS-Agent) by extensions ['colcon_meta']
[2.403s] Level 1:colcon.colcon_core.package_identification:_identify(uros/micro-ROS-Agent) by extension 'colcon_meta'
[2.404s] Level 1:colcon.colcon_core.package_identification:_identify(uros/micro-ROS-Agent) by extensions ['ros']
[2.404s] Level 1:colcon.colcon_core.package_identification:_identify(uros/micro-ROS-Agent) by extension 'ros'
[2.404s] Level 1:colcon.colcon_core.package_identification:_identify(uros/micro-ROS-Agent) by extensions ['cmake', 'python']
[2.405s] Level 1:colcon.colcon_core.package_identification:_identify(uros/micro-ROS-Agent) by extension 'cmake'
[2.405s] Level 1:colcon.colcon_core.package_identification:_identify(uros/micro-ROS-Agent) by extension 'python'
[2.405s] Level 1:colcon.colcon_core.package_identification:_identify(uros/micro-ROS-Agent) by extensions ['python_setup_py']
[2.406s] Level 1:colcon.colcon_core.package_identification:_identify(uros/micro-ROS-Agent) by extension 'python_setup_py'
[2.406s] Level 1:colcon.colcon_core.package_identification:_identify(uros/micro-ROS-Agent/micro_ros_agent) by extensions ['ignore', 'ignore_ament_install']
[2.407s] Level 1:colcon.colcon_core.package_identification:_identify(uros/micro-ROS-Agent/micro_ros_agent) by extension 'ignore'
[2.407s] Level 1:colcon.colcon_core.package_identification:_identify(uros/micro-ROS-Agent/micro_ros_agent) by extension 'ignore_ament_install'
[2.408s] Level 1:colcon.colcon_core.package_identification:_identify(uros/micro-ROS-Agent/micro_ros_agent) by extensions ['colcon_pkg']
[2.408s] Level 1:colcon.colcon_core.package_identification:_identify(uros/micro-ROS-Agent/micro_ros_agent) by extension 'colcon_pkg'
[2.408s] Level 1:colcon.colcon_core.package_identification:_identify(uros/micro-ROS-Agent/micro_ros_agent) by extensions ['colcon_meta']
[2.408s] Level 1:colcon.colcon_core.package_identification:_identify(uros/micro-ROS-Agent/micro_ros_agent) by extension 'colcon_meta'
[2.409s] Level 1:colcon.colcon_core.package_identification:_identify(uros/micro-ROS-Agent/micro_ros_agent) by extensions ['ros']
[2.409s] Level 1:colcon.colcon_core.package_identification:_identify(uros/micro-ROS-Agent/micro_ros_agent) by extension 'ros'
[2.412s] DEBUG:colcon.colcon_core.package_identification:Package 'uros/micro-ROS-Agent/micro_ros_agent' with type 'ros.ament_cmake' and name 'micro_ros_agent'
[2.413s] Level 1:colcon.colcon_core.package_identification:_identify(uros/micro-ROS-Agent/snap) by extensions ['ignore', 'ignore_ament_install']
[2.413s] Level 1:colcon.colcon_core.package_identification:_identify(uros/micro-ROS-Agent/snap) by extension 'ignore'
[2.414s] Level 1:colcon.colcon_core.package_identification:_identify(uros/micro-ROS-Agent/snap) by extension 'ignore_ament_install'
[2.414s] Level 1:colcon.colcon_core.package_identification:_identify(uros/micro-ROS-Agent/snap) by extensions ['colcon_pkg']
[2.414s] Level 1:colcon.colcon_core.package_identification:_identify(uros/micro-ROS-Agent/snap) by extension 'colcon_pkg'
[2.414s] Level 1:colcon.colcon_core.package_identification:_identify(uros/micro-ROS-Agent/snap) by extensions ['colcon_meta']
[2.414s] Level 1:colcon.colcon_core.package_identification:_identify(uros/micro-ROS-Agent/snap) by extension 'colcon_meta'
[2.414s] Level 1:colcon.colcon_core.package_identification:_identify(uros/micro-ROS-Agent/snap) by extensions ['ros']
[2.415s] Level 1:colcon.colcon_core.package_identification:_identify(uros/micro-ROS-Agent/snap) by extension 'ros'
[2.415s] Level 1:colcon.colcon_core.package_identification:_identify(uros/micro-ROS-Agent/snap) by extensions ['cmake', 'python']
[2.415s] Level 1:colcon.colcon_core.package_identification:_identify(uros/micro-ROS-Agent/snap) by extension 'cmake'
[2.415s] Level 1:colcon.colcon_core.package_identification:_identify(uros/micro-ROS-Agent/snap) by extension 'python'
[2.415s] Level 1:colcon.colcon_core.package_identification:_identify(uros/micro-ROS-Agent/snap) by extensions ['python_setup_py']
[2.416s] Level 1:colcon.colcon_core.package_identification:_identify(uros/micro-ROS-Agent/snap) by extension 'python_setup_py'
[2.416s] Level 1:colcon.colcon_core.package_identification:_identify(uros/micro-ROS-Agent/snap/hooks) by extensions ['ignore', 'ignore_ament_install']
[2.416s] Level 1:colcon.colcon_core.package_identification:_identify(uros/micro-ROS-Agent/snap/hooks) by extension 'ignore'
[2.417s] Level 1:colcon.colcon_core.package_identification:_identify(uros/micro-ROS-Agent/snap/hooks) by extension 'ignore_ament_install'
[2.417s] Level 1:colcon.colcon_core.package_identification:_identify(uros/micro-ROS-Agent/snap/hooks) by extensions ['colcon_pkg']
[2.417s] Level 1:colcon.colcon_core.package_identification:_identify(uros/micro-ROS-Agent/snap/hooks) by extension 'colcon_pkg'
[2.417s] Level 1:colcon.colcon_core.package_identification:_identify(uros/micro-ROS-Agent/snap/hooks) by extensions ['colcon_meta']
[2.417s] Level 1:colcon.colcon_core.package_identification:_identify(uros/micro-ROS-Agent/snap/hooks) by extension 'colcon_meta'
[2.417s] Level 1:colcon.colcon_core.package_identification:_identify(uros/micro-ROS-Agent/snap/hooks) by extensions ['ros']
[2.418s] Level 1:colcon.colcon_core.package_identification:_identify(uros/micro-ROS-Agent/snap/hooks) by extension 'ros'
[2.418s] Level 1:colcon.colcon_core.package_identification:_identify(uros/micro-ROS-Agent/snap/hooks) by extensions ['cmake', 'python']
[2.418s] Level 1:colcon.colcon_core.package_identification:_identify(uros/micro-ROS-Agent/snap/hooks) by extension 'cmake'
[2.418s] Level 1:colcon.colcon_core.package_identification:_identify(uros/micro-ROS-Agent/snap/hooks) by extension 'python'
[2.418s] Level 1:colcon.colcon_core.package_identification:_identify(uros/micro-ROS-Agent/snap/hooks) by extensions ['python_setup_py']
[2.418s] Level 1:colcon.colcon_core.package_identification:_identify(uros/micro-ROS-Agent/snap/hooks) by extension 'python_setup_py'
[2.419s] Level 1:colcon.colcon_core.package_identification:_identify(uros/micro-ROS-Agent/snap/local) by extensions ['ignore', 'ignore_ament_install']
[2.419s] Level 1:colcon.colcon_core.package_identification:_identify(uros/micro-ROS-Agent/snap/local) by extension 'ignore'
[2.420s] Level 1:colcon.colcon_core.package_identification:_identify(uros/micro-ROS-Agent/snap/local) by extension 'ignore_ament_install'
[2.420s] Level 1:colcon.colcon_core.package_identification:_identify(uros/micro-ROS-Agent/snap/local) by extensions ['colcon_pkg']
[2.420s] Level 1:colcon.colcon_core.package_identification:_identify(uros/micro-ROS-Agent/snap/local) by extension 'colcon_pkg'
[2.420s] Level 1:colcon.colcon_core.package_identification:_identify(uros/micro-ROS-Agent/snap/local) by extensions ['colcon_meta']
[2.420s] Level 1:colcon.colcon_core.package_identification:_identify(uros/micro-ROS-Agent/snap/local) by extension 'colcon_meta'
[2.420s] Level 1:colcon.colcon_core.package_identification:_identify(uros/micro-ROS-Agent/snap/local) by extensions ['ros']
[2.421s] Level 1:colcon.colcon_core.package_identification:_identify(uros/micro-ROS-Agent/snap/local) by extension 'ros'
[2.421s] Level 1:colcon.colcon_core.package_identification:_identify(uros/micro-ROS-Agent/snap/local) by extensions ['cmake', 'python']
[2.421s] Level 1:colcon.colcon_core.package_identification:_identify(uros/micro-ROS-Agent/snap/local) by extension 'cmake'
[2.421s] Level 1:colcon.colcon_core.package_identification:_identify(uros/micro-ROS-Agent/snap/local) by extension 'python'
[2.421s] Level 1:colcon.colcon_core.package_identification:_identify(uros/micro-ROS-Agent/snap/local) by extensions ['python_setup_py']
[2.421s] Level 1:colcon.colcon_core.package_identification:_identify(uros/micro-ROS-Agent/snap/local) by extension 'python_setup_py'
[2.422s] Level 1:colcon.colcon_core.package_identification:_identify(uros/micro_ros_msgs) by extensions ['ignore', 'ignore_ament_install']
[2.422s] Level 1:colcon.colcon_core.package_identification:_identify(uros/micro_ros_msgs) by extension 'ignore'
[2.422s] Level 1:colcon.colcon_core.package_identification:_identify(uros/micro_ros_msgs) by extension 'ignore_ament_install'
[2.423s] Level 1:colcon.colcon_core.package_identification:_identify(uros/micro_ros_msgs) by extensions ['colcon_pkg']
[2.423s] Level 1:colcon.colcon_core.package_identification:_identify(uros/micro_ros_msgs) by extension 'colcon_pkg'
[2.423s] Level 1:colcon.colcon_core.package_identification:_identify(uros/micro_ros_msgs) by extensions ['colcon_meta']
[2.423s] Level 1:colcon.colcon_core.package_identification:_identify(uros/micro_ros_msgs) by extension 'colcon_meta'
[2.423s] Level 1:colcon.colcon_core.package_identification:_identify(uros/micro_ros_msgs) by extensions ['ros']
[2.423s] Level 1:colcon.colcon_core.package_identification:_identify(uros/micro_ros_msgs) by extension 'ros'
[2.426s] DEBUG:colcon.colcon_core.package_identification:Package 'uros/micro_ros_msgs' with type 'ros.ament_cmake' and name 'micro_ros_msgs'
[2.427s] Level 1:colcon.colcon_core.package_identification:_identify(witmotion_IMU_ros) by extensions ['ignore', 'ignore_ament_install']
[2.428s] Level 1:colcon.colcon_core.package_identification:_identify(witmotion_IMU_ros) by extension 'ignore'
[2.428s] Level 1:colcon.colcon_core.package_identification:_identify(witmotion_IMU_ros) by extension 'ignore_ament_install'
[2.429s] Level 1:colcon.colcon_core.package_identification:_identify(witmotion_IMU_ros) by extensions ['colcon_pkg']
[2.429s] Level 1:colcon.colcon_core.package_identification:_identify(witmotion_IMU_ros) by extension 'colcon_pkg'
[2.429s] Level 1:colcon.colcon_core.package_identification:_identify(witmotion_IMU_ros) by extensions ['colcon_meta']
[2.430s] Level 1:colcon.colcon_core.package_identification:_identify(witmotion_IMU_ros) by extension 'colcon_meta'
[2.430s] Level 1:colcon.colcon_core.package_identification:_identify(witmotion_IMU_ros) by extensions ['ros']
[2.431s] Level 1:colcon.colcon_core.package_identification:_identify(witmotion_IMU_ros) by extension 'ros'
[2.433s] DEBUG:colcon.colcon_core.package_identification:Package 'witmotion_IMU_ros' with type 'ros.ament_cmake' and name 'witmotion_ros'
[2.433s] Level 1:colcon.colcon_core.package_discovery:discover_packages(recursive) using defaults
[2.433s] Level 1:colcon.colcon_core.package_discovery:discover_packages(ignore) discover
[2.433s] Level 1:colcon.colcon_core.package_discovery:discover_packages(ignore) using defaults
[2.434s] Level 1:colcon.colcon_core.package_discovery:discover_packages(path) discover
[2.434s] Level 1:colcon.colcon_core.package_discovery:discover_packages(path) using defaults
[2.549s] INFO:colcon.colcon_core.package_selection:Skipping not selected package 'amr_interface' in 'amr_interface'
[2.550s] INFO:colcon.colcon_core.package_selection:Skipping not selected package 'foxglove_bridge' in 'ros-foxglove-bridge'
[2.550s] INFO:colcon.colcon_core.package_selection:Skipping not selected package 'ldlidar' in 'ldlidar'
[2.550s] INFO:colcon.colcon_core.package_selection:Skipping not selected package 'micro_ros_msgs' in 'uros/micro_ros_msgs'
[2.550s] INFO:colcon.colcon_core.package_selection:Skipping not selected package 'micro_ros_setup' in 'micro_ros_setup'
[2.550s] INFO:colcon.colcon_core.package_selection:Skipping not selected package 'rplidar_ros2' in 'rplidar_ros2'
[2.550s] INFO:colcon.colcon_core.package_selection:Skipping not selected package 'sllidar_ros2' in 'sllidar_ros2'
[2.551s] INFO:colcon.colcon_core.package_selection:Skipping not selected package 'witmotion_ros' in 'witmotion_IMU_ros'
[2.551s] INFO:colcon.colcon_core.package_selection:Skipping not selected package 'amr_control' in 'amr_control'
[2.551s] INFO:colcon.colcon_core.package_selection:Skipping not selected package 'costmap_converter' in 'costmap_converter/costmap_converter'
[2.551s] INFO:colcon.colcon_core.package_selection:Skipping not selected package 'micro_ros_agent' in 'uros/micro-ROS-Agent/micro_ros_agent'
[2.556s] Level 1:colcon.colcon_core.package_discovery:discover_packages(prefix_path) check parameters
[2.556s] Level 1:colcon.colcon_core.package_discovery:discover_packages(prefix_path) discover
[2.577s] DEBUG:colcon.colcon_installed_package_information.package_discovery:Found 10 installed packages in /home/pi/amr_ws/install
[2.591s] DEBUG:colcon.colcon_installed_package_information.package_discovery:Found 330 installed packages in /opt/ros/humble
[2.599s] Level 1:colcon.colcon_core.package_discovery:discover_packages(prefix_path) using defaults
[2.967s] Level 5:colcon.colcon_core.verb:set package 'costmap_converter_msgs' build argument 'cmake_args' from command line to 'None'
[2.968s] Level 5:colcon.colcon_core.verb:set package 'costmap_converter_msgs' build argument 'cmake_target' from command line to 'None'
[2.968s] Level 5:colcon.colcon_core.verb:set package 'costmap_converter_msgs' build argument 'cmake_target_skip_unavailable' from command line to 'False'
[2.968s] Level 5:colcon.colcon_core.verb:set package 'costmap_converter_msgs' build argument 'cmake_clean_cache' from command line to 'False'
[2.968s] Level 5:colcon.colcon_core.verb:set package 'costmap_converter_msgs' build argument 'cmake_clean_first' from command line to 'False'
[2.968s] Level 5:colcon.colcon_core.verb:set package 'costmap_converter_msgs' build argument 'cmake_force_configure' from command line to 'False'
[2.968s] Level 5:colcon.colcon_core.verb:set package 'costmap_converter_msgs' build argument 'ament_cmake_args' from command line to 'None'
[2.968s] Level 5:colcon.colcon_core.verb:set package 'costmap_converter_msgs' build argument 'catkin_cmake_args' from command line to 'None'
[2.969s] Level 5:colcon.colcon_core.verb:set package 'costmap_converter_msgs' build argument 'catkin_skip_building_tests' from command line to 'False'
[2.969s] DEBUG:colcon.colcon_core.verb:Building package 'costmap_converter_msgs' with the following arguments: {'ament_cmake_args': None, 'build_base': '/home/pi/amr_ws/src/build/costmap_converter_msgs', 'catkin_cmake_args': None, 'catkin_skip_building_tests': False, 'cmake_args': None, 'cmake_clean_cache': False, 'cmake_clean_first': False, 'cmake_force_configure': False, 'cmake_target': None, 'cmake_target_skip_unavailable': False, 'install_base': '/home/pi/amr_ws/src/install/costmap_converter_msgs', 'merge_install': False, 'path': '/home/pi/amr_ws/src/costmap_converter/costmap_converter_msgs', 'symlink_install': False, 'test_result_base': None}
[2.974s] Level 5:colcon.colcon_core.verb:set package 'teb_msgs' build argument 'cmake_args' from command line to 'None'
[2.974s] Level 5:colcon.colcon_core.verb:set package 'teb_msgs' build argument 'cmake_target' from command line to 'None'
[2.974s] Level 5:colcon.colcon_core.verb:set package 'teb_msgs' build argument 'cmake_target_skip_unavailable' from command line to 'False'
[2.974s] Level 5:colcon.colcon_core.verb:set package 'teb_msgs' build argument 'cmake_clean_cache' from command line to 'False'
[2.974s] Level 5:colcon.colcon_core.verb:set package 'teb_msgs' build argument 'cmake_clean_first' from command line to 'False'
[2.974s] Level 5:colcon.colcon_core.verb:set package 'teb_msgs' build argument 'cmake_force_configure' from command line to 'False'
[2.974s] Level 5:colcon.colcon_core.verb:set package 'teb_msgs' build argument 'ament_cmake_args' from command line to 'None'
[2.975s] Level 5:colcon.colcon_core.verb:set package 'teb_msgs' build argument 'catkin_cmake_args' from command line to 'None'
[2.975s] Level 5:colcon.colcon_core.verb:set package 'teb_msgs' build argument 'catkin_skip_building_tests' from command line to 'False'
[2.975s] DEBUG:colcon.colcon_core.verb:Building package 'teb_msgs' with the following arguments: {'ament_cmake_args': None, 'build_base': '/home/pi/amr_ws/src/build/teb_msgs', 'catkin_cmake_args': None, 'catkin_skip_building_tests': False, 'cmake_args': None, 'cmake_clean_cache': False, 'cmake_clean_first': False, 'cmake_force_configure': False, 'cmake_target': None, 'cmake_target_skip_unavailable': False, 'install_base': '/home/pi/amr_ws/src/install/teb_msgs', 'merge_install': False, 'path': '/home/pi/amr_ws/src/teb_local_planner/teb_msgs', 'symlink_install': False, 'test_result_base': None}
[2.979s] Level 5:colcon.colcon_core.verb:set package 'teb_local_planner' build argument 'cmake_args' from command line to 'None'
[2.979s] Level 5:colcon.colcon_core.verb:set package 'teb_local_planner' build argument 'cmake_target' from command line to 'None'
[2.980s] Level 5:colcon.colcon_core.verb:set package 'teb_local_planner' build argument 'cmake_target_skip_unavailable' from command line to 'False'
[2.980s] Level 5:colcon.colcon_core.verb:set package 'teb_local_planner' build argument 'cmake_clean_cache' from command line to 'False'
[2.980s] Level 5:colcon.colcon_core.verb:set package 'teb_local_planner' build argument 'cmake_clean_first' from command line to 'False'
[2.980s] Level 5:colcon.colcon_core.verb:set package 'teb_local_planner' build argument 'cmake_force_configure' from command line to 'False'
[2.980s] Level 5:colcon.colcon_core.verb:set package 'teb_local_planner' build argument 'ament_cmake_args' from command line to 'None'
[2.980s] Level 5:colcon.colcon_core.verb:set package 'teb_local_planner' build argument 'catkin_cmake_args' from command line to 'None'
[2.980s] Level 5:colcon.colcon_core.verb:set package 'teb_local_planner' build argument 'catkin_skip_building_tests' from command line to 'False'
[2.980s] DEBUG:colcon.colcon_core.verb:Building package 'teb_local_planner' with the following arguments: {'ament_cmake_args': None, 'build_base': '/home/pi/amr_ws/src/build/teb_local_planner', 'catkin_cmake_args': None, 'catkin_skip_building_tests': False, 'cmake_args': None, 'cmake_clean_cache': False, 'cmake_clean_first': False, 'cmake_force_configure': False, 'cmake_target': None, 'cmake_target_skip_unavailable': False, 'install_base': '/home/pi/amr_ws/src/install/teb_local_planner', 'merge_install': False, 'path': '/home/pi/amr_ws/src/teb_local_planner/teb_local_planner', 'symlink_install': False, 'test_result_base': None}
[2.983s] INFO:colcon.colcon_core.executor:Executing jobs using 'parallel' executor
[3.002s] DEBUG:colcon.colcon_parallel_executor.executor.parallel:run_until_complete
[3.004s] INFO:colcon.colcon_ros.task.ament_cmake.build:Building ROS package in '/home/pi/amr_ws/src/costmap_converter/costmap_converter_msgs' with build type 'ament_cmake'
[3.005s] INFO:colcon.colcon_cmake.task.cmake.build:Building CMake package in '/home/pi/amr_ws/src/costmap_converter/costmap_converter_msgs'
[3.028s] INFO:colcon.colcon_core.plugin_system:Skipping extension 'colcon_core.shell.bat': Not used on non-Windows systems
[3.030s] INFO:colcon.colcon_core.shell:Skip shell extension 'powershell' for command environment: Not usable outside of PowerShell
[3.030s] DEBUG:colcon.colcon_core.shell:Skip shell extension 'dsv' for command environment
[3.085s] DEBUG:colcon.colcon_core.event_handler.log_command:Invoking command in '/home/pi/amr_ws/src/build/costmap_converter_msgs': CMAKE_PREFIX_PATH=${CMAKE_PREFIX_PATH}:/home/pi/amr_ws/install/amr_control:/opt/ros/humble /usr/bin/cmake /home/pi/amr_ws/src/costmap_converter/costmap_converter_msgs -DCMAKE_INSTALL_PREFIX=/home/pi/amr_ws/src/install/costmap_converter_msgs
[14.634s] DEBUG:colcon.colcon_core.event_handler.log_command:Invoked command in '/home/pi/amr_ws/src/build/costmap_converter_msgs' returned '0': CMAKE_PREFIX_PATH=${CMAKE_PREFIX_PATH}:/home/pi/amr_ws/install/amr_control:/opt/ros/humble /usr/bin/cmake /home/pi/amr_ws/src/costmap_converter/costmap_converter_msgs -DCMAKE_INSTALL_PREFIX=/home/pi/amr_ws/src/install/costmap_converter_msgs
[14.645s] DEBUG:colcon.colcon_core.event_handler.log_command:Invoking command in '/home/pi/amr_ws/src/build/costmap_converter_msgs': CMAKE_PREFIX_PATH=${CMAKE_PREFIX_PATH}:/home/pi/amr_ws/install/amr_control:/opt/ros/humble /usr/bin/cmake --build /home/pi/amr_ws/src/build/costmap_converter_msgs -- -j4 -l4
[42.502s] DEBUG:colcon.colcon_core.event_handler.log_command:Invoked command in '/home/pi/amr_ws/src/build/costmap_converter_msgs' returned '0': CMAKE_PREFIX_PATH=${CMAKE_PREFIX_PATH}:/home/pi/amr_ws/install/amr_control:/opt/ros/humble /usr/bin/cmake --build /home/pi/amr_ws/src/build/costmap_converter_msgs -- -j4 -l4
[43.124s] DEBUG:colcon.colcon_core.event_handler.log_command:Invoking command in '/home/pi/amr_ws/src/build/costmap_converter_msgs': CMAKE_PREFIX_PATH=${CMAKE_PREFIX_PATH}:/home/pi/amr_ws/install/amr_control:/opt/ros/humble /usr/bin/cmake --install /home/pi/amr_ws/src/build/costmap_converter_msgs
[43.622s] Level 1:colcon.colcon_core.environment:create_environment_scripts_only(costmap_converter_msgs)
[43.625s] DEBUG:colcon.colcon_core.event_handler.log_command:Invoked command in '/home/pi/amr_ws/src/build/costmap_converter_msgs' returned '0': CMAKE_PREFIX_PATH=${CMAKE_PREFIX_PATH}:/home/pi/amr_ws/install/amr_control:/opt/ros/humble /usr/bin/cmake --install /home/pi/amr_ws/src/build/costmap_converter_msgs
[43.649s] Level 1:colcon.colcon_core.environment:checking '/home/pi/amr_ws/src/install/costmap_converter_msgs' for CMake module files
[43.653s] Level 1:colcon.colcon_core.environment:checking '/home/pi/amr_ws/src/install/costmap_converter_msgs' for CMake config files
[43.655s] Level 1:colcon.colcon_core.shell:create_environment_hook('costmap_converter_msgs', 'cmake_prefix_path')
[43.661s] INFO:colcon.colcon_core.shell:Creating environment hook '/home/pi/amr_ws/src/install/costmap_converter_msgs/share/costmap_converter_msgs/hook/cmake_prefix_path.ps1'
[43.668s] INFO:colcon.colcon_core.shell:Creating environment descriptor '/home/pi/amr_ws/src/install/costmap_converter_msgs/share/costmap_converter_msgs/hook/cmake_prefix_path.dsv'
[43.671s] INFO:colcon.colcon_core.shell:Creating environment hook '/home/pi/amr_ws/src/install/costmap_converter_msgs/share/costmap_converter_msgs/hook/cmake_prefix_path.sh'
[43.676s] Level 1:colcon.colcon_core.environment:checking '/home/pi/amr_ws/src/install/costmap_converter_msgs/lib'
[43.677s] Level 1:colcon.colcon_core.shell:create_environment_hook('costmap_converter_msgs', 'ld_library_path_lib')
[43.683s] INFO:colcon.colcon_core.shell:Creating environment hook '/home/pi/amr_ws/src/install/costmap_converter_msgs/share/costmap_converter_msgs/hook/ld_library_path_lib.ps1'
[43.685s] INFO:colcon.colcon_core.shell:Creating environment descriptor '/home/pi/amr_ws/src/install/costmap_converter_msgs/share/costmap_converter_msgs/hook/ld_library_path_lib.dsv'
[43.687s] INFO:colcon.colcon_core.shell:Creating environment hook '/home/pi/amr_ws/src/install/costmap_converter_msgs/share/costmap_converter_msgs/hook/ld_library_path_lib.sh'
[43.689s] Level 1:colcon.colcon_core.environment:checking '/home/pi/amr_ws/src/install/costmap_converter_msgs/bin'
[43.689s] Level 1:colcon.colcon_core.environment:checking '/home/pi/amr_ws/src/install/costmap_converter_msgs/lib/pkgconfig/costmap_converter_msgs.pc'
[43.691s] Level 1:colcon.colcon_core.environment:checking '/home/pi/amr_ws/src/install/costmap_converter_msgs/lib/python3.10/site-packages'
[43.692s] Level 1:colcon.colcon_core.environment:checking '/home/pi/amr_ws/src/install/costmap_converter_msgs/bin'
[43.698s] INFO:colcon.colcon_core.shell:Creating package script '/home/pi/amr_ws/src/install/costmap_converter_msgs/share/costmap_converter_msgs/package.ps1'
[43.702s] INFO:colcon.colcon_core.shell:Creating package descriptor '/home/pi/amr_ws/src/install/costmap_converter_msgs/share/costmap_converter_msgs/package.dsv'
[43.705s] INFO:colcon.colcon_core.shell:Creating package script '/home/pi/amr_ws/src/install/costmap_converter_msgs/share/costmap_converter_msgs/package.sh'
[43.708s] INFO:colcon.colcon_core.shell:Creating package script '/home/pi/amr_ws/src/install/costmap_converter_msgs/share/costmap_converter_msgs/package.bash'
[43.712s] INFO:colcon.colcon_core.shell:Creating package script '/home/pi/amr_ws/src/install/costmap_converter_msgs/share/costmap_converter_msgs/package.zsh'
[43.716s] Level 1:colcon.colcon_core.environment:create_file_with_runtime_dependencies(/home/pi/amr_ws/src/install/costmap_converter_msgs/share/colcon-core/packages/costmap_converter_msgs)
[44.322s] Level 1:colcon.colcon_core.environment:create_environment_scripts_only(costmap_converter_msgs)
[44.333s] Level 1:colcon.colcon_core.environment:checking '/home/pi/amr_ws/src/install/costmap_converter_msgs' for CMake module files
[44.339s] Level 1:colcon.colcon_core.environment:checking '/home/pi/amr_ws/src/install/costmap_converter_msgs' for CMake config files
[44.342s] Level 1:colcon.colcon_core.shell:create_environment_hook('costmap_converter_msgs', 'cmake_prefix_path')
[44.348s] INFO:colcon.colcon_core.shell:Creating environment hook '/home/pi/amr_ws/src/install/costmap_converter_msgs/share/costmap_converter_msgs/hook/cmake_prefix_path.ps1'
[44.351s] INFO:colcon.colcon_core.shell:Creating environment descriptor '/home/pi/amr_ws/src/install/costmap_converter_msgs/share/costmap_converter_msgs/hook/cmake_prefix_path.dsv'
[44.353s] INFO:colcon.colcon_core.shell:Creating environment hook '/home/pi/amr_ws/src/install/costmap_converter_msgs/share/costmap_converter_msgs/hook/cmake_prefix_path.sh'
[44.357s] Level 1:colcon.colcon_core.environment:checking '/home/pi/amr_ws/src/install/costmap_converter_msgs/lib'
[44.358s] Level 1:colcon.colcon_core.shell:create_environment_hook('costmap_converter_msgs', 'ld_library_path_lib')
[44.365s] INFO:colcon.colcon_core.shell:Creating environment hook '/home/pi/amr_ws/src/install/costmap_converter_msgs/share/costmap_converter_msgs/hook/ld_library_path_lib.ps1'
[44.368s] INFO:colcon.colcon_core.shell:Creating environment descriptor '/home/pi/amr_ws/src/install/costmap_converter_msgs/share/costmap_converter_msgs/hook/ld_library_path_lib.dsv'
[44.371s] INFO:colcon.colcon_core.shell:Creating environment hook '/home/pi/amr_ws/src/install/costmap_converter_msgs/share/costmap_converter_msgs/hook/ld_library_path_lib.sh'
[44.374s] Level 1:colcon.colcon_core.environment:checking '/home/pi/amr_ws/src/install/costmap_converter_msgs/bin'
[44.374s] Level 1:colcon.colcon_core.environment:checking '/home/pi/amr_ws/src/install/costmap_converter_msgs/lib/pkgconfig/costmap_converter_msgs.pc'
[44.376s] Level 1:colcon.colcon_core.environment:checking '/home/pi/amr_ws/src/install/costmap_converter_msgs/lib/python3.10/site-packages'
[44.379s] Level 1:colcon.colcon_core.environment:checking '/home/pi/amr_ws/src/install/costmap_converter_msgs/bin'
[44.386s] INFO:colcon.colcon_core.shell:Creating package script '/home/pi/amr_ws/src/install/costmap_converter_msgs/share/costmap_converter_msgs/package.ps1'
[44.389s] INFO:colcon.colcon_core.shell:Creating package descriptor '/home/pi/amr_ws/src/install/costmap_converter_msgs/share/costmap_converter_msgs/package.dsv'
[44.392s] INFO:colcon.colcon_core.shell:Creating package script '/home/pi/amr_ws/src/install/costmap_converter_msgs/share/costmap_converter_msgs/package.sh'
[44.395s] INFO:colcon.colcon_core.shell:Creating package script '/home/pi/amr_ws/src/install/costmap_converter_msgs/share/costmap_converter_msgs/package.bash'
[44.398s] INFO:colcon.colcon_core.shell:Creating package script '/home/pi/amr_ws/src/install/costmap_converter_msgs/share/costmap_converter_msgs/package.zsh'
[44.400s] Level 1:colcon.colcon_core.environment:create_file_with_runtime_dependencies(/home/pi/amr_ws/src/install/costmap_converter_msgs/share/colcon-core/packages/costmap_converter_msgs)
[44.403s] INFO:colcon.colcon_ros.task.ament_cmake.build:Building ROS package in '/home/pi/amr_ws/src/teb_local_planner/teb_msgs' with build type 'ament_cmake'
[44.404s] INFO:colcon.colcon_cmake.task.cmake.build:Building CMake package in '/home/pi/amr_ws/src/teb_local_planner/teb_msgs'
[44.413s] INFO:colcon.colcon_core.shell:Skip shell extension 'powershell' for command environment: Not usable outside of PowerShell
[44.414s] DEBUG:colcon.colcon_core.shell:Skip shell extension 'dsv' for command environment
[44.499s] DEBUG:colcon.colcon_core.event_handler.log_command:Invoking command in '/home/pi/amr_ws/src/build/teb_msgs': AMENT_PREFIX_PATH=/home/pi/amr_ws/src/install/costmap_converter_msgs:${AMENT_PREFIX_PATH} CMAKE_PREFIX_PATH=/home/pi/amr_ws/src/install/costmap_converter_msgs:/home/pi/amr_ws/install/witmotion_ros:/home/pi/amr_ws/install/sllidar_ros2:/home/pi/amr_ws/install/rplidar_ros2:/home/pi/amr_ws/install/micro_ros_setup:/home/pi/amr_ws/install/micro_ros_agent:/home/pi/amr_ws/install/micro_ros_msgs:/home/pi/amr_ws/install/ldlidar:/home/pi/amr_ws/install/foxglove_bridge:/home/pi/amr_ws/install/amr_interface:/home/pi/amr_ws/install/amr_control:/opt/ros/humble LD_LIBRARY_PATH=/home/pi/amr_ws/src/install/costmap_converter_msgs/lib:${LD_LIBRARY_PATH} PYTHONPATH=/home/pi/amr_ws/src/install/costmap_converter_msgs/local/lib/python3.10/dist-packages:${PYTHONPATH} /usr/bin/cmake /home/pi/amr_ws/src/teb_local_planner/teb_msgs -DCMAKE_INSTALL_PREFIX=/home/pi/amr_ws/src/install/teb_msgs
[52.997s] DEBUG:colcon.colcon_core.event_handler.log_command:Invoked command in '/home/pi/amr_ws/src/build/teb_msgs' returned '0': AMENT_PREFIX_PATH=/home/pi/amr_ws/src/install/costmap_converter_msgs:${AMENT_PREFIX_PATH} CMAKE_PREFIX_PATH=/home/pi/amr_ws/src/install/costmap_converter_msgs:/home/pi/amr_ws/install/witmotion_ros:/home/pi/amr_ws/install/sllidar_ros2:/home/pi/amr_ws/install/rplidar_ros2:/home/pi/amr_ws/install/micro_ros_setup:/home/pi/amr_ws/install/micro_ros_agent:/home/pi/amr_ws/install/micro_ros_msgs:/home/pi/amr_ws/install/ldlidar:/home/pi/amr_ws/install/foxglove_bridge:/home/pi/amr_ws/install/amr_interface:/home/pi/amr_ws/install/amr_control:/opt/ros/humble LD_LIBRARY_PATH=/home/pi/amr_ws/src/install/costmap_converter_msgs/lib:${LD_LIBRARY_PATH} PYTHONPATH=/home/pi/amr_ws/src/install/costmap_converter_msgs/local/lib/python3.10/dist-packages:${PYTHONPATH} /usr/bin/cmake /home/pi/amr_ws/src/teb_local_planner/teb_msgs -DCMAKE_INSTALL_PREFIX=/home/pi/amr_ws/src/install/teb_msgs
[53.007s] DEBUG:colcon.colcon_core.event_handler.log_command:Invoking command in '/home/pi/amr_ws/src/build/teb_msgs': AMENT_PREFIX_PATH=/home/pi/amr_ws/src/install/costmap_converter_msgs:${AMENT_PREFIX_PATH} CMAKE_PREFIX_PATH=/home/pi/amr_ws/src/install/costmap_converter_msgs:/home/pi/amr_ws/install/witmotion_ros:/home/pi/amr_ws/install/sllidar_ros2:/home/pi/amr_ws/install/rplidar_ros2:/home/pi/amr_ws/install/micro_ros_setup:/home/pi/amr_ws/install/micro_ros_agent:/home/pi/amr_ws/install/micro_ros_msgs:/home/pi/amr_ws/install/ldlidar:/home/pi/amr_ws/install/foxglove_bridge:/home/pi/amr_ws/install/amr_interface:/home/pi/amr_ws/install/amr_control:/opt/ros/humble LD_LIBRARY_PATH=/home/pi/amr_ws/src/install/costmap_converter_msgs/lib:${LD_LIBRARY_PATH} PYTHONPATH=/home/pi/amr_ws/src/install/costmap_converter_msgs/local/lib/python3.10/dist-packages:${PYTHONPATH} /usr/bin/cmake --build /home/pi/amr_ws/src/build/teb_msgs -- -j4 -l4
[91.720s] DEBUG:colcon.colcon_core.event_handler.log_command:Invoked command in '/home/pi/amr_ws/src/build/teb_msgs' returned '0': AMENT_PREFIX_PATH=/home/pi/amr_ws/src/install/costmap_converter_msgs:${AMENT_PREFIX_PATH} CMAKE_PREFIX_PATH=/home/pi/amr_ws/src/install/costmap_converter_msgs:/home/pi/amr_ws/install/witmotion_ros:/home/pi/amr_ws/install/sllidar_ros2:/home/pi/amr_ws/install/rplidar_ros2:/home/pi/amr_ws/install/micro_ros_setup:/home/pi/amr_ws/install/micro_ros_agent:/home/pi/amr_ws/install/micro_ros_msgs:/home/pi/amr_ws/install/ldlidar:/home/pi/amr_ws/install/foxglove_bridge:/home/pi/amr_ws/install/amr_interface:/home/pi/amr_ws/install/amr_control:/opt/ros/humble LD_LIBRARY_PATH=/home/pi/amr_ws/src/install/costmap_converter_msgs/lib:${LD_LIBRARY_PATH} PYTHONPATH=/home/pi/amr_ws/src/install/costmap_converter_msgs/local/lib/python3.10/dist-packages:${PYTHONPATH} /usr/bin/cmake --build /home/pi/amr_ws/src/build/teb_msgs -- -j4 -l4
[92.483s] DEBUG:colcon.colcon_core.event_handler.log_command:Invoking command in '/home/pi/amr_ws/src/build/teb_msgs': AMENT_PREFIX_PATH=/home/pi/amr_ws/src/install/costmap_converter_msgs:${AMENT_PREFIX_PATH} CMAKE_PREFIX_PATH=/home/pi/amr_ws/src/install/costmap_converter_msgs:/home/pi/amr_ws/install/witmotion_ros:/home/pi/amr_ws/install/sllidar_ros2:/home/pi/amr_ws/install/rplidar_ros2:/home/pi/amr_ws/install/micro_ros_setup:/home/pi/amr_ws/install/micro_ros_agent:/home/pi/amr_ws/install/micro_ros_msgs:/home/pi/amr_ws/install/ldlidar:/home/pi/amr_ws/install/foxglove_bridge:/home/pi/amr_ws/install/amr_interface:/home/pi/amr_ws/install/amr_control:/opt/ros/humble LD_LIBRARY_PATH=/home/pi/amr_ws/src/install/costmap_converter_msgs/lib:${LD_LIBRARY_PATH} PYTHONPATH=/home/pi/amr_ws/src/install/costmap_converter_msgs/local/lib/python3.10/dist-packages:${PYTHONPATH} /usr/bin/cmake --install /home/pi/amr_ws/src/build/teb_msgs
[93.033s] Level 1:colcon.colcon_core.environment:create_environment_scripts_only(teb_msgs)
[93.047s] Level 1:colcon.colcon_core.environment:checking '/home/pi/amr_ws/src/install/teb_msgs' for CMake module files
[93.048s] DEBUG:colcon.colcon_core.event_handler.log_command:Invoked command in '/home/pi/amr_ws/src/build/teb_msgs' returned '0': AMENT_PREFIX_PATH=/home/pi/amr_ws/src/install/costmap_converter_msgs:${AMENT_PREFIX_PATH} CMAKE_PREFIX_PATH=/home/pi/amr_ws/src/install/costmap_converter_msgs:/home/pi/amr_ws/install/witmotion_ros:/home/pi/amr_ws/install/sllidar_ros2:/home/pi/amr_ws/install/rplidar_ros2:/home/pi/amr_ws/install/micro_ros_setup:/home/pi/amr_ws/install/micro_ros_agent:/home/pi/amr_ws/install/micro_ros_msgs:/home/pi/amr_ws/install/ldlidar:/home/pi/amr_ws/install/foxglove_bridge:/home/pi/amr_ws/install/amr_interface:/home/pi/amr_ws/install/amr_control:/opt/ros/humble LD_LIBRARY_PATH=/home/pi/amr_ws/src/install/costmap_converter_msgs/lib:${LD_LIBRARY_PATH} PYTHONPATH=/home/pi/amr_ws/src/install/costmap_converter_msgs/local/lib/python3.10/dist-packages:${PYTHONPATH} /usr/bin/cmake --install /home/pi/amr_ws/src/build/teb_msgs
[93.056s] Level 1:colcon.colcon_core.environment:checking '/home/pi/amr_ws/src/install/teb_msgs' for CMake config files
[93.058s] Level 1:colcon.colcon_core.shell:create_environment_hook('teb_msgs', 'cmake_prefix_path')
[93.067s] INFO:colcon.colcon_core.shell:Creating environment hook '/home/pi/amr_ws/src/install/teb_msgs/share/teb_msgs/hook/cmake_prefix_path.ps1'
[93.070s] INFO:colcon.colcon_core.shell:Creating environment descriptor '/home/pi/amr_ws/src/install/teb_msgs/share/teb_msgs/hook/cmake_prefix_path.dsv'
[93.072s] INFO:colcon.colcon_core.shell:Creating environment hook '/home/pi/amr_ws/src/install/teb_msgs/share/teb_msgs/hook/cmake_prefix_path.sh'
[93.075s] Level 1:colcon.colcon_core.environment:checking '/home/pi/amr_ws/src/install/teb_msgs/lib'
[93.076s] Level 1:colcon.colcon_core.shell:create_environment_hook('teb_msgs', 'ld_library_path_lib')
[93.085s] INFO:colcon.colcon_core.shell:Creating environment hook '/home/pi/amr_ws/src/install/teb_msgs/share/teb_msgs/hook/ld_library_path_lib.ps1'
[93.087s] INFO:colcon.colcon_core.shell:Creating environment descriptor '/home/pi/amr_ws/src/install/teb_msgs/share/teb_msgs/hook/ld_library_path_lib.dsv'
[93.089s] INFO:colcon.colcon_core.shell:Creating environment hook '/home/pi/amr_ws/src/install/teb_msgs/share/teb_msgs/hook/ld_library_path_lib.sh'
[93.092s] Level 1:colcon.colcon_core.environment:checking '/home/pi/amr_ws/src/install/teb_msgs/bin'
[93.092s] Level 1:colcon.colcon_core.environment:checking '/home/pi/amr_ws/src/install/teb_msgs/lib/pkgconfig/teb_msgs.pc'
[93.094s] Level 1:colcon.colcon_core.environment:checking '/home/pi/amr_ws/src/install/teb_msgs/lib/python3.10/site-packages'
[93.096s] Level 1:colcon.colcon_core.environment:checking '/home/pi/amr_ws/src/install/teb_msgs/bin'
[93.103s] INFO:colcon.colcon_core.shell:Creating package script '/home/pi/amr_ws/src/install/teb_msgs/share/teb_msgs/package.ps1'
[93.107s] INFO:colcon.colcon_core.shell:Creating package descriptor '/home/pi/amr_ws/src/install/teb_msgs/share/teb_msgs/package.dsv'
[93.110s] INFO:colcon.colcon_core.shell:Creating package script '/home/pi/amr_ws/src/install/teb_msgs/share/teb_msgs/package.sh'
[93.113s] INFO:colcon.colcon_core.shell:Creating package script '/home/pi/amr_ws/src/install/teb_msgs/share/teb_msgs/package.bash'
[93.116s] INFO:colcon.colcon_core.shell:Creating package script '/home/pi/amr_ws/src/install/teb_msgs/share/teb_msgs/package.zsh'
[93.118s] Level 1:colcon.colcon_core.environment:create_file_with_runtime_dependencies(/home/pi/amr_ws/src/install/teb_msgs/share/colcon-core/packages/teb_msgs)
[93.971s] Level 1:colcon.colcon_core.environment:create_environment_scripts_only(teb_msgs)
[93.988s] Level 1:colcon.colcon_core.environment:checking '/home/pi/amr_ws/src/install/teb_msgs' for CMake module files
[93.994s] Level 1:colcon.colcon_core.environment:checking '/home/pi/amr_ws/src/install/teb_msgs' for CMake config files
[93.997s] Level 1:colcon.colcon_core.shell:create_environment_hook('teb_msgs', 'cmake_prefix_path')
[94.007s] INFO:colcon.colcon_core.shell:Creating environment hook '/home/pi/amr_ws/src/install/teb_msgs/share/teb_msgs/hook/cmake_prefix_path.ps1'
[94.014s] INFO:colcon.colcon_core.shell:Creating environment descriptor '/home/pi/amr_ws/src/install/teb_msgs/share/teb_msgs/hook/cmake_prefix_path.dsv'
[94.017s] INFO:colcon.colcon_core.shell:Creating environment hook '/home/pi/amr_ws/src/install/teb_msgs/share/teb_msgs/hook/cmake_prefix_path.sh'
[94.021s] Level 1:colcon.colcon_core.environment:checking '/home/pi/amr_ws/src/install/teb_msgs/lib'
[94.022s] Level 1:colcon.colcon_core.shell:create_environment_hook('teb_msgs', 'ld_library_path_lib')
[94.031s] INFO:colcon.colcon_core.shell:Creating environment hook '/home/pi/amr_ws/src/install/teb_msgs/share/teb_msgs/hook/ld_library_path_lib.ps1'
[94.033s] INFO:colcon.colcon_core.shell:Creating environment descriptor '/home/pi/amr_ws/src/install/teb_msgs/share/teb_msgs/hook/ld_library_path_lib.dsv'
[94.035s] INFO:colcon.colcon_core.shell:Creating environment hook '/home/pi/amr_ws/src/install/teb_msgs/share/teb_msgs/hook/ld_library_path_lib.sh'
[94.040s] Level 1:colcon.colcon_core.environment:checking '/home/pi/amr_ws/src/install/teb_msgs/bin'
[94.040s] Level 1:colcon.colcon_core.environment:checking '/home/pi/amr_ws/src/install/teb_msgs/lib/pkgconfig/teb_msgs.pc'
[94.042s] Level 1:colcon.colcon_core.environment:checking '/home/pi/amr_ws/src/install/teb_msgs/lib/python3.10/site-packages'
[94.043s] Level 1:colcon.colcon_core.environment:checking '/home/pi/amr_ws/src/install/teb_msgs/bin'
[94.055s] INFO:colcon.colcon_core.shell:Creating package script '/home/pi/amr_ws/src/install/teb_msgs/share/teb_msgs/package.ps1'
[94.058s] INFO:colcon.colcon_core.shell:Creating package descriptor '/home/pi/amr_ws/src/install/teb_msgs/share/teb_msgs/package.dsv'
[94.062s] INFO:colcon.colcon_core.shell:Creating package script '/home/pi/amr_ws/src/install/teb_msgs/share/teb_msgs/package.sh'
[94.065s] INFO:colcon.colcon_core.shell:Creating package script '/home/pi/amr_ws/src/install/teb_msgs/share/teb_msgs/package.bash'
[94.069s] INFO:colcon.colcon_core.shell:Creating package script '/home/pi/amr_ws/src/install/teb_msgs/share/teb_msgs/package.zsh'
[94.071s] Level 1:colcon.colcon_core.environment:create_file_with_runtime_dependencies(/home/pi/amr_ws/src/install/teb_msgs/share/colcon-core/packages/teb_msgs)
[94.073s] INFO:colcon.colcon_ros.task.ament_cmake.build:Building ROS package in '/home/pi/amr_ws/src/teb_local_planner/teb_local_planner' with build type 'ament_cmake'
[94.074s] INFO:colcon.colcon_cmake.task.cmake.build:Building CMake package in '/home/pi/amr_ws/src/teb_local_planner/teb_local_planner'
[94.082s] INFO:colcon.colcon_core.shell:Skip shell extension 'powershell' for command environment: Not usable outside of PowerShell
[94.082s] DEBUG:colcon.colcon_core.shell:Skip shell extension 'dsv' for command environment
[94.112s] ERROR:colcon.colcon_cmake.task.cmake.build:Failed to find the following files:
- /home/pi/amr_ws/src/install/costmap_converter/share/costmap_converter/package.sh
Check that the following packages have been built:
- costmap_converter
[94.113s] Level 1:colcon.colcon_core.environment:create_environment_scripts_only(teb_local_planner)
[94.122s] Level 1:colcon.colcon_core.environment:checking '/home/pi/amr_ws/src/install/teb_local_planner' for CMake module files
[94.124s] Level 1:colcon.colcon_core.environment:checking '/home/pi/amr_ws/src/install/teb_local_planner' for CMake config files
[94.126s] Level 1:colcon.colcon_core.environment:checking '/home/pi/amr_ws/src/install/teb_local_planner/bin'
[94.126s] Level 1:colcon.colcon_core.environment:checking '/home/pi/amr_ws/src/install/teb_local_planner/lib/pkgconfig/teb_local_planner.pc'
[94.128s] Level 1:colcon.colcon_core.environment:checking '/home/pi/amr_ws/src/install/teb_local_planner/lib/python3.10/site-packages'
[94.129s] Level 1:colcon.colcon_core.environment:checking '/home/pi/amr_ws/src/install/teb_local_planner/bin'
[94.139s] INFO:colcon.colcon_core.shell:Creating package script '/home/pi/amr_ws/src/install/teb_local_planner/share/teb_local_planner/package.ps1'
[94.142s] INFO:colcon.colcon_core.shell:Creating package descriptor '/home/pi/amr_ws/src/install/teb_local_planner/share/teb_local_planner/package.dsv'
[94.144s] INFO:colcon.colcon_core.shell:Creating package script '/home/pi/amr_ws/src/install/teb_local_planner/share/teb_local_planner/package.sh'
[94.146s] INFO:colcon.colcon_core.shell:Creating package script '/home/pi/amr_ws/src/install/teb_local_planner/share/teb_local_planner/package.bash'
[94.149s] INFO:colcon.colcon_core.shell:Creating package script '/home/pi/amr_ws/src/install/teb_local_planner/share/teb_local_planner/package.zsh'
[94.151s] Level 1:colcon.colcon_core.environment:create_file_with_runtime_dependencies(/home/pi/amr_ws/src/install/teb_local_planner/share/colcon-core/packages/teb_local_planner)
[94.164s] DEBUG:colcon.colcon_parallel_executor.executor.parallel:closing loop
[94.165s] DEBUG:colcon.colcon_parallel_executor.executor.parallel:loop closed
[94.166s] DEBUG:colcon.colcon_parallel_executor.executor.parallel:run_until_complete finished with '1'
[94.166s] DEBUG:colcon.colcon_core.event_reactor:joining thread
[94.204s] INFO:colcon.colcon_core.plugin_system:Skipping extension 'colcon_notification.desktop_notification.terminal_notifier': Not used on non-Darwin systems
[94.205s] INFO:colcon.colcon_core.plugin_system:Skipping extension 'colcon_notification.desktop_notification.win32': Not used on non-Windows systems
[94.205s] INFO:colcon.colcon_notification.desktop_notification:Sending desktop notification using 'notify2'
[94.214s] DEBUG:colcon.colcon_notification.desktop_notification.notify2:Failed to initialize notify2: org.freedesktop.DBus.Error.ServiceUnknown: The name org.freedesktop.Notifications was not provided by any .service files
[94.215s] DEBUG:colcon.colcon_core.event_reactor:joined thread
[94.221s] INFO:colcon.colcon_core.shell:Creating prefix script '/home/pi/amr_ws/src/install/local_setup.ps1'
[94.225s] INFO:colcon.colcon_core.shell:Creating prefix util module '/home/pi/amr_ws/src/install/_local_setup_util_ps1.py'
[94.233s] INFO:colcon.colcon_core.shell:Creating prefix chain script '/home/pi/amr_ws/src/install/setup.ps1'
[94.244s] INFO:colcon.colcon_core.shell:Creating prefix script '/home/pi/amr_ws/src/install/local_setup.sh'
[94.248s] INFO:colcon.colcon_core.shell:Creating prefix util module '/home/pi/amr_ws/src/install/_local_setup_util_sh.py'
[94.250s] INFO:colcon.colcon_core.shell:Creating prefix chain script '/home/pi/amr_ws/src/install/setup.sh'
[94.272s] INFO:colcon.colcon_core.shell:Creating prefix script '/home/pi/amr_ws/src/install/local_setup.bash'
[94.275s] INFO:colcon.colcon_core.shell:Creating prefix chain script '/home/pi/amr_ws/src/install/setup.bash'
[94.294s] INFO:colcon.colcon_core.shell:Creating prefix script '/home/pi/amr_ws/src/install/local_setup.zsh'
[94.299s] INFO:colcon.colcon_core.shell:Creating prefix chain script '/home/pi/amr_ws/src/install/setup.zsh'
