[0.077s] Invoking command in '/home/pi/amr_ws/src/build/teb_msgs': AMENT_PREFIX_PATH=/home/pi/amr_ws/src/install/costmap_converter_msgs:${AMENT_PREFIX_PATH} CMAKE_PREFIX_PATH=/home/pi/amr_ws/src/install/costmap_converter_msgs:/home/pi/amr_ws/install/witmotion_ros:/home/pi/amr_ws/install/sllidar_ros2:/home/pi/amr_ws/install/rplidar_ros2:/home/pi/amr_ws/install/micro_ros_setup:/home/pi/amr_ws/install/micro_ros_agent:/home/pi/amr_ws/install/micro_ros_msgs:/home/pi/amr_ws/install/ldlidar:/home/pi/amr_ws/install/foxglove_bridge:/home/pi/amr_ws/install/amr_interface:/home/pi/amr_ws/install/amr_control:/opt/ros/humble LD_LIBRARY_PATH=/home/pi/amr_ws/src/install/costmap_converter_msgs/lib:${LD_LIBRARY_PATH} PYTHONPATH=/home/pi/amr_ws/src/install/costmap_converter_msgs/local/lib/python3.10/dist-packages:${PYTHONPATH} /usr/bin/cmake /home/pi/amr_ws/src/teb_local_planner/teb_msgs -DCMAKE_INSTALL_PREFIX=/home/pi/amr_ws/src/install/teb_msgs
[0.147s] -- Found ament_cmake: 1.3.3 (/opt/ros/humble/share/ament_cmake/cmake)
[1.004s] -- Found builtin_interfaces: 1.2.1 (/opt/ros/humble/share/builtin_interfaces/cmake)
[1.187s] -- Found rosidl_generator_c: 3.1.4 (/opt/ros/humble/share/rosidl_generator_c/cmake)
[1.200s] -- Found rosidl_adapter: 3.1.4 (/opt/ros/humble/share/rosidl_adapter/cmake)
[1.229s] -- Found rosidl_generator_cpp: 3.1.4 (/opt/ros/humble/share/rosidl_generator_cpp/cmake)
[1.285s] -- Using all available rosidl_typesupport_c: rosidl_typesupport_fastrtps_c;rosidl_typesupport_introspection_c
[1.363s] -- Using all available rosidl_typesupport_cpp: rosidl_typesupport_fastrtps_cpp;rosidl_typesupport_introspection_cpp
[1.436s] -- Found costmap_converter_msgs: 0.1.2 (/home/pi/amr_ws/src/install/costmap_converter_msgs/share/costmap_converter_msgs/cmake)
[2.302s] -- Found rosidl_default_generators: 1.2.0 (/opt/ros/humble/share/rosidl_default_generators/cmake)
[4.123s] -- Found ament_cmake_ros: 0.10.0 (/opt/ros/humble/share/ament_cmake_ros/cmake)
[6.534s] -- Using all available rosidl_typesupport_c: rosidl_typesupport_fastrtps_c;rosidl_typesupport_introspection_c
[7.429s] -- Using all available rosidl_typesupport_cpp: rosidl_typesupport_fastrtps_cpp;rosidl_typesupport_introspection_cpp
[7.558s] -- Found PythonInterp: /usr/bin/python3 (found suitable version "3.10.6", minimum required is "3.6") 
[7.597s] -- Found python_cmake_module: 0.10.0 (/opt/ros/humble/share/python_cmake_module/cmake)
[7.746s] -- Found PythonLibs: /usr/lib/aarch64-linux-gnu/libpython3.10.so (found suitable version "3.10.6", minimum required is "3.5") 
[7.747s] -- Using PYTHON_EXECUTABLE: /usr/bin/python3
[7.747s] -- Using PYTHON_INCLUDE_DIRS: /usr/include/python3.10
[7.747s] -- Using PYTHON_LIBRARIES: /usr/lib/aarch64-linux-gnu/libpython3.10.so
[7.869s] -- Found PythonExtra: .so  
[8.264s] -- Configuring done
[8.523s] -- Generating done
[8.539s] -- Build files have been written to: /home/pi/amr_ws/src/build/teb_msgs
[8.575s] Invoked command in '/home/pi/amr_ws/src/build/teb_msgs' returned '0': AMENT_PREFIX_PATH=/home/pi/amr_ws/src/install/costmap_converter_msgs:${AMENT_PREFIX_PATH} CMAKE_PREFIX_PATH=/home/pi/amr_ws/src/install/costmap_converter_msgs:/home/pi/amr_ws/install/witmotion_ros:/home/pi/amr_ws/install/sllidar_ros2:/home/pi/amr_ws/install/rplidar_ros2:/home/pi/amr_ws/install/micro_ros_setup:/home/pi/amr_ws/install/micro_ros_agent:/home/pi/amr_ws/install/micro_ros_msgs:/home/pi/amr_ws/install/ldlidar:/home/pi/amr_ws/install/foxglove_bridge:/home/pi/amr_ws/install/amr_interface:/home/pi/amr_ws/install/amr_control:/opt/ros/humble LD_LIBRARY_PATH=/home/pi/amr_ws/src/install/costmap_converter_msgs/lib:${LD_LIBRARY_PATH} PYTHONPATH=/home/pi/amr_ws/src/install/costmap_converter_msgs/local/lib/python3.10/dist-packages:${PYTHONPATH} /usr/bin/cmake /home/pi/amr_ws/src/teb_local_planner/teb_msgs -DCMAKE_INSTALL_PREFIX=/home/pi/amr_ws/src/install/teb_msgs
[8.585s] Invoking command in '/home/pi/amr_ws/src/build/teb_msgs': AMENT_PREFIX_PATH=/home/pi/amr_ws/src/install/costmap_converter_msgs:${AMENT_PREFIX_PATH} CMAKE_PREFIX_PATH=/home/pi/amr_ws/src/install/costmap_converter_msgs:/home/pi/amr_ws/install/witmotion_ros:/home/pi/amr_ws/install/sllidar_ros2:/home/pi/amr_ws/install/rplidar_ros2:/home/pi/amr_ws/install/micro_ros_setup:/home/pi/amr_ws/install/micro_ros_agent:/home/pi/amr_ws/install/micro_ros_msgs:/home/pi/amr_ws/install/ldlidar:/home/pi/amr_ws/install/foxglove_bridge:/home/pi/amr_ws/install/amr_interface:/home/pi/amr_ws/install/amr_control:/opt/ros/humble LD_LIBRARY_PATH=/home/pi/amr_ws/src/install/costmap_converter_msgs/lib:${LD_LIBRARY_PATH} PYTHONPATH=/home/pi/amr_ws/src/install/costmap_converter_msgs/local/lib/python3.10/dist-packages:${PYTHONPATH} /usr/bin/cmake --build /home/pi/amr_ws/src/build/teb_msgs -- -j4 -l4
[8.813s] [  2%] [34m[1mGenerating C code for ROS interfaces[0m
[8.931s] [  4%] [34m[1mGenerating C++ code for ROS interfaces[0m
[9.077s] [  4%] Built target ament_cmake_python_copy_teb_msgs
[11.745s] running egg_info
[11.751s] creating teb_msgs.egg-info
[11.753s] writing teb_msgs.egg-info/PKG-INFO
[11.763s] writing dependency_links to teb_msgs.egg-info/dependency_links.txt
[11.767s] writing top-level names to teb_msgs.egg-info/top_level.txt
[11.771s] writing manifest file 'teb_msgs.egg-info/SOURCES.txt'
[11.793s] reading manifest file 'teb_msgs.egg-info/SOURCES.txt'
[11.803s] writing manifest file 'teb_msgs.egg-info/SOURCES.txt'
[12.199s] [  4%] Built target ament_cmake_python_build_teb_msgs_egg
[12.395s] [  6%] [32mBuilding C object CMakeFiles/teb_msgs__rosidl_generator_c.dir/rosidl_generator_c/teb_msgs/msg/detail/feedback_msg__functions.c.o[0m
[12.461s] [  8%] [32mBuilding C object CMakeFiles/teb_msgs__rosidl_generator_c.dir/rosidl_generator_c/teb_msgs/msg/detail/trajectory_msg__functions.c.o[0m
[12.477s] [ 10%] [32mBuilding C object CMakeFiles/teb_msgs__rosidl_generator_c.dir/rosidl_generator_c/teb_msgs/msg/detail/trajectory_point_msg__functions.c.o[0m
[13.230s] [ 12%] [32m[1mLinking C shared library libteb_msgs__rosidl_generator_c.so[0m
[13.330s] [ 12%] Built target teb_msgs__cpp
[13.425s] [ 14%] [34m[1mGenerating C++ type support for eProsima Fast-RTPS[0m
[13.447s] [ 17%] [34m[1mGenerating C++ type support dispatch for ROS interfaces[0m
[13.467s] [ 19%] [34m[1mGenerating C++ introspection for ROS interfaces[0m
[13.636s] [ 19%] Built target teb_msgs__rosidl_generator_c
[13.834s] [ 21%] [34m[1mGenerating C type support for eProsima Fast-RTPS[0m
[17.188s] [ 23%] [32mBuilding CXX object CMakeFiles/teb_msgs__rosidl_typesupport_fastrtps_cpp.dir/rosidl_typesupport_fastrtps_cpp/teb_msgs/msg/detail/dds_fastrtps/feedback_msg__type_support.cpp.o[0m
[17.344s] [ 25%] [32mBuilding CXX object CMakeFiles/teb_msgs__rosidl_typesupport_cpp.dir/rosidl_typesupport_cpp/teb_msgs/msg/feedback_msg__type_support.cpp.o[0m
[18.505s] [ 27%] [32mBuilding CXX object CMakeFiles/teb_msgs__rosidl_typesupport_fastrtps_c.dir/rosidl_typesupport_fastrtps_c/teb_msgs/msg/detail/feedback_msg__type_support_c.cpp.o[0m
[18.648s] [ 29%] [32mBuilding CXX object CMakeFiles/teb_msgs__rosidl_typesupport_introspection_cpp.dir/rosidl_typesupport_introspection_cpp/teb_msgs/msg/detail/feedback_msg__type_support.cpp.o[0m
[20.570s] [ 31%] [32mBuilding CXX object CMakeFiles/teb_msgs__rosidl_typesupport_cpp.dir/rosidl_typesupport_cpp/teb_msgs/msg/trajectory_msg__type_support.cpp.o[0m
[23.245s] [ 34%] [32mBuilding CXX object CMakeFiles/teb_msgs__rosidl_typesupport_fastrtps_c.dir/rosidl_typesupport_fastrtps_c/teb_msgs/msg/detail/trajectory_msg__type_support_c.cpp.o[0m
[23.681s] [ 36%] [32mBuilding CXX object CMakeFiles/teb_msgs__rosidl_typesupport_fastrtps_cpp.dir/rosidl_typesupport_fastrtps_cpp/teb_msgs/msg/detail/dds_fastrtps/trajectory_msg__type_support.cpp.o[0m
[24.477s] [ 38%] [32mBuilding CXX object CMakeFiles/teb_msgs__rosidl_typesupport_cpp.dir/rosidl_typesupport_cpp/teb_msgs/msg/trajectory_point_msg__type_support.cpp.o[0m
[24.710s] [ 40%] [32mBuilding CXX object CMakeFiles/teb_msgs__rosidl_typesupport_introspection_cpp.dir/rosidl_typesupport_introspection_cpp/teb_msgs/msg/detail/trajectory_msg__type_support.cpp.o[0m
[27.219s] [ 42%] [32m[1mLinking CXX shared library libteb_msgs__rosidl_typesupport_cpp.so[0m
[27.655s] [ 42%] Built target teb_msgs__rosidl_typesupport_cpp
[28.037s] [ 44%] [32mBuilding CXX object CMakeFiles/teb_msgs__rosidl_typesupport_fastrtps_c.dir/rosidl_typesupport_fastrtps_c/teb_msgs/msg/detail/trajectory_point_msg__type_support_c.cpp.o[0m
[28.747s] [ 46%] [32mBuilding CXX object CMakeFiles/teb_msgs__rosidl_typesupport_fastrtps_cpp.dir/rosidl_typesupport_fastrtps_cpp/teb_msgs/msg/detail/dds_fastrtps/trajectory_point_msg__type_support.cpp.o[0m
[29.752s] [ 48%] [32mBuilding CXX object CMakeFiles/teb_msgs__rosidl_typesupport_introspection_cpp.dir/rosidl_typesupport_introspection_cpp/teb_msgs/msg/detail/trajectory_point_msg__type_support.cpp.o[0m
[31.080s] [ 51%] [32m[1mLinking CXX shared library libteb_msgs__rosidl_typesupport_fastrtps_c.so[0m
[31.719s] [ 51%] Built target teb_msgs__rosidl_typesupport_fastrtps_c
[32.665s] [ 53%] [32m[1mLinking CXX shared library libteb_msgs__rosidl_typesupport_fastrtps_cpp.so[0m
[33.122s] [ 53%] Built target teb_msgs__rosidl_typesupport_fastrtps_cpp
[33.221s] [ 55%] [32m[1mLinking CXX shared library libteb_msgs__rosidl_typesupport_introspection_cpp.so[0m
[33.617s] [ 55%] Built target teb_msgs__rosidl_typesupport_introspection_cpp
[33.677s] [ 57%] [34m[1mGenerating C type support dispatch for ROS interfaces[0m
[35.469s] [ 59%] [32mBuilding CXX object CMakeFiles/teb_msgs__rosidl_typesupport_c.dir/rosidl_typesupport_c/teb_msgs/msg/feedback_msg__type_support.cpp.o[0m
[35.685s] [ 61%] [32mBuilding CXX object CMakeFiles/teb_msgs__rosidl_typesupport_c.dir/rosidl_typesupport_c/teb_msgs/msg/trajectory_point_msg__type_support.cpp.o[0m
[35.891s] [ 63%] [32mBuilding CXX object CMakeFiles/teb_msgs__rosidl_typesupport_c.dir/rosidl_typesupport_c/teb_msgs/msg/trajectory_msg__type_support.cpp.o[0m
[36.080s] [ 65%] [32m[1mLinking CXX shared library libteb_msgs__rosidl_typesupport_c.so[0m
[36.299s] [ 65%] Built target teb_msgs__rosidl_typesupport_c
[36.359s] [ 68%] [34m[1mGenerating C introspection for ROS interfaces[0m
[38.581s] [ 70%] [32mBuilding C object CMakeFiles/teb_msgs__rosidl_typesupport_introspection_c.dir/rosidl_typesupport_introspection_c/teb_msgs/msg/detail/feedback_msg__type_support.c.o[0m
[38.868s] [ 72%] [32mBuilding C object CMakeFiles/teb_msgs__rosidl_typesupport_introspection_c.dir/rosidl_typesupport_introspection_c/teb_msgs/msg/detail/trajectory_point_msg__type_support.c.o[0m
[39.115s] [ 74%] [32mBuilding C object CMakeFiles/teb_msgs__rosidl_typesupport_introspection_c.dir/rosidl_typesupport_introspection_c/teb_msgs/msg/detail/trajectory_msg__type_support.c.o[0m
[39.360s] [ 76%] [32m[1mLinking C shared library libteb_msgs__rosidl_typesupport_introspection_c.so[0m
[39.538s] [ 76%] Built target teb_msgs__rosidl_typesupport_introspection_c
[39.649s] [ 76%] Built target teb_msgs
[39.766s] [ 78%] [34m[1mGenerating Python code for ROS interfaces[0m
[43.187s] [ 78%] Built target teb_msgs__py
[43.299s] [ 80%] [32mBuilding C object CMakeFiles/teb_msgs__rosidl_generator_py.dir/rosidl_generator_py/teb_msgs/msg/_feedback_msg_s.c.o[0m
[43.885s] [ 82%] [32mBuilding C object CMakeFiles/teb_msgs__rosidl_generator_py.dir/rosidl_generator_py/teb_msgs/msg/_trajectory_point_msg_s.c.o[0m
[43.899s] [ 85%] [32mBuilding C object CMakeFiles/teb_msgs__rosidl_generator_py.dir/rosidl_generator_py/teb_msgs/msg/_trajectory_msg_s.c.o[0m
[44.681s] [ 87%] [32m[1mLinking C shared library rosidl_generator_py/teb_msgs/libteb_msgs__rosidl_generator_py.so[0m
[44.937s] [ 87%] Built target teb_msgs__rosidl_generator_py
[45.064s] [ 89%] [32mBuilding C object CMakeFiles/teb_msgs__rosidl_typesupport_fastrtps_c__pyext.dir/rosidl_generator_py/teb_msgs/_teb_msgs_s.ep.rosidl_typesupport_fastrtps_c.c.o[0m
[45.101s] [ 91%] [32mBuilding C object CMakeFiles/teb_msgs__rosidl_typesupport_introspection_c__pyext.dir/rosidl_generator_py/teb_msgs/_teb_msgs_s.ep.rosidl_typesupport_introspection_c.c.o[0m
[45.770s] [ 93%] [32m[1mLinking C shared library rosidl_generator_py/teb_msgs/teb_msgs_s__rosidl_typesupport_fastrtps_c.cpython-310-aarch64-linux-gnu.so[0m
[45.851s] [ 95%] [32m[1mLinking C shared library rosidl_generator_py/teb_msgs/teb_msgs_s__rosidl_typesupport_introspection_c.cpython-310-aarch64-linux-gnu.so[0m
[46.102s] [ 95%] Built target teb_msgs__rosidl_typesupport_fastrtps_c__pyext
[46.235s] [ 95%] Built target teb_msgs__rosidl_typesupport_introspection_c__pyext
[46.260s] [ 97%] [32mBuilding C object CMakeFiles/teb_msgs__rosidl_typesupport_c__pyext.dir/rosidl_generator_py/teb_msgs/_teb_msgs_s.ep.rosidl_typesupport_c.c.o[0m
[46.918s] [100%] [32m[1mLinking C shared library rosidl_generator_py/teb_msgs/teb_msgs_s__rosidl_typesupport_c.cpython-310-aarch64-linux-gnu.so[0m
[47.231s] [100%] Built target teb_msgs__rosidl_typesupport_c__pyext
[47.299s] Invoked command in '/home/pi/amr_ws/src/build/teb_msgs' returned '0': AMENT_PREFIX_PATH=/home/pi/amr_ws/src/install/costmap_converter_msgs:${AMENT_PREFIX_PATH} CMAKE_PREFIX_PATH=/home/pi/amr_ws/src/install/costmap_converter_msgs:/home/pi/amr_ws/install/witmotion_ros:/home/pi/amr_ws/install/sllidar_ros2:/home/pi/amr_ws/install/rplidar_ros2:/home/pi/amr_ws/install/micro_ros_setup:/home/pi/amr_ws/install/micro_ros_agent:/home/pi/amr_ws/install/micro_ros_msgs:/home/pi/amr_ws/install/ldlidar:/home/pi/amr_ws/install/foxglove_bridge:/home/pi/amr_ws/install/amr_interface:/home/pi/amr_ws/install/amr_control:/opt/ros/humble LD_LIBRARY_PATH=/home/pi/amr_ws/src/install/costmap_converter_msgs/lib:${LD_LIBRARY_PATH} PYTHONPATH=/home/pi/amr_ws/src/install/costmap_converter_msgs/local/lib/python3.10/dist-packages:${PYTHONPATH} /usr/bin/cmake --build /home/pi/amr_ws/src/build/teb_msgs -- -j4 -l4
[48.061s] Invoking command in '/home/pi/amr_ws/src/build/teb_msgs': AMENT_PREFIX_PATH=/home/pi/amr_ws/src/install/costmap_converter_msgs:${AMENT_PREFIX_PATH} CMAKE_PREFIX_PATH=/home/pi/amr_ws/src/install/costmap_converter_msgs:/home/pi/amr_ws/install/witmotion_ros:/home/pi/amr_ws/install/sllidar_ros2:/home/pi/amr_ws/install/rplidar_ros2:/home/pi/amr_ws/install/micro_ros_setup:/home/pi/amr_ws/install/micro_ros_agent:/home/pi/amr_ws/install/micro_ros_msgs:/home/pi/amr_ws/install/ldlidar:/home/pi/amr_ws/install/foxglove_bridge:/home/pi/amr_ws/install/amr_interface:/home/pi/amr_ws/install/amr_control:/opt/ros/humble LD_LIBRARY_PATH=/home/pi/amr_ws/src/install/costmap_converter_msgs/lib:${LD_LIBRARY_PATH} PYTHONPATH=/home/pi/amr_ws/src/install/costmap_converter_msgs/local/lib/python3.10/dist-packages:${PYTHONPATH} /usr/bin/cmake --install /home/pi/amr_ws/src/build/teb_msgs
[48.101s] -- Install configuration: ""
[48.102s] -- Installing: /home/pi/amr_ws/src/install/teb_msgs/share/ament_index/resource_index/rosidl_interfaces/teb_msgs
[48.103s] -- Installing: /home/pi/amr_ws/src/install/teb_msgs/include/teb_msgs/teb_msgs
[48.104s] -- Installing: /home/pi/amr_ws/src/install/teb_msgs/include/teb_msgs/teb_msgs/msg
[48.104s] -- Installing: /home/pi/amr_ws/src/install/teb_msgs/include/teb_msgs/teb_msgs/msg/trajectory_point_msg.h
[48.105s] -- Installing: /home/pi/amr_ws/src/install/teb_msgs/include/teb_msgs/teb_msgs/msg/trajectory_msg.h
[48.106s] -- Installing: /home/pi/amr_ws/src/install/teb_msgs/include/teb_msgs/teb_msgs/msg/rosidl_generator_c__visibility_control.h
[48.107s] -- Installing: /home/pi/amr_ws/src/install/teb_msgs/include/teb_msgs/teb_msgs/msg/feedback_msg.h
[48.109s] -- Installing: /home/pi/amr_ws/src/install/teb_msgs/include/teb_msgs/teb_msgs/msg/detail
[48.111s] -- Installing: /home/pi/amr_ws/src/install/teb_msgs/include/teb_msgs/teb_msgs/msg/detail/feedback_msg__type_support.h
[48.111s] -- Installing: /home/pi/amr_ws/src/install/teb_msgs/include/teb_msgs/teb_msgs/msg/detail/trajectory_msg__type_support.h
[48.112s] -- Installing: /home/pi/amr_ws/src/install/teb_msgs/include/teb_msgs/teb_msgs/msg/detail/feedback_msg__struct.h
[48.113s] -- Installing: /home/pi/amr_ws/src/install/teb_msgs/include/teb_msgs/teb_msgs/msg/detail/trajectory_msg__functions.h
[48.115s] -- Installing: /home/pi/amr_ws/src/install/teb_msgs/include/teb_msgs/teb_msgs/msg/detail/trajectory_point_msg__type_support.h
[48.116s] -- Installing: /home/pi/amr_ws/src/install/teb_msgs/include/teb_msgs/teb_msgs/msg/detail/feedback_msg__functions.c
[48.117s] -- Installing: /home/pi/amr_ws/src/install/teb_msgs/include/teb_msgs/teb_msgs/msg/detail/trajectory_msg__struct.h
[48.118s] -- Installing: /home/pi/amr_ws/src/install/teb_msgs/include/teb_msgs/teb_msgs/msg/detail/trajectory_point_msg__functions.h
[48.119s] -- Installing: /home/pi/amr_ws/src/install/teb_msgs/include/teb_msgs/teb_msgs/msg/detail/trajectory_msg__functions.c
[48.120s] -- Installing: /home/pi/amr_ws/src/install/teb_msgs/include/teb_msgs/teb_msgs/msg/detail/feedback_msg__functions.h
[48.122s] -- Installing: /home/pi/amr_ws/src/install/teb_msgs/include/teb_msgs/teb_msgs/msg/detail/trajectory_point_msg__struct.h
[48.123s] -- Installing: /home/pi/amr_ws/src/install/teb_msgs/include/teb_msgs/teb_msgs/msg/detail/trajectory_point_msg__functions.c
[48.125s] -- Installing: /home/pi/amr_ws/src/install/teb_msgs/share/teb_msgs/environment/library_path.sh
[48.126s] -- Installing: /home/pi/amr_ws/src/install/teb_msgs/share/teb_msgs/environment/library_path.dsv
[48.128s] -- Installing: /home/pi/amr_ws/src/install/teb_msgs/lib/libteb_msgs__rosidl_generator_c.so
[48.131s] -- Set runtime path of "/home/pi/amr_ws/src/install/teb_msgs/lib/libteb_msgs__rosidl_generator_c.so" to ""
[48.131s] -- Up-to-date: /home/pi/amr_ws/src/install/teb_msgs/include/teb_msgs/teb_msgs
[48.132s] -- Up-to-date: /home/pi/amr_ws/src/install/teb_msgs/include/teb_msgs/teb_msgs/msg
[48.132s] -- Installing: /home/pi/amr_ws/src/install/teb_msgs/include/teb_msgs/teb_msgs/msg/rosidl_typesupport_fastrtps_c__visibility_control.h
[48.133s] -- Up-to-date: /home/pi/amr_ws/src/install/teb_msgs/include/teb_msgs/teb_msgs/msg/detail
[48.134s] -- Installing: /home/pi/amr_ws/src/install/teb_msgs/include/teb_msgs/teb_msgs/msg/detail/feedback_msg__rosidl_typesupport_fastrtps_c.h
[48.135s] -- Installing: /home/pi/amr_ws/src/install/teb_msgs/include/teb_msgs/teb_msgs/msg/detail/trajectory_point_msg__rosidl_typesupport_fastrtps_c.h
[48.136s] -- Installing: /home/pi/amr_ws/src/install/teb_msgs/include/teb_msgs/teb_msgs/msg/detail/trajectory_msg__rosidl_typesupport_fastrtps_c.h
[48.138s] -- Installing: /home/pi/amr_ws/src/install/teb_msgs/lib/libteb_msgs__rosidl_typesupport_fastrtps_c.so
[48.141s] -- Set runtime path of "/home/pi/amr_ws/src/install/teb_msgs/lib/libteb_msgs__rosidl_typesupport_fastrtps_c.so" to ""
[48.142s] -- Up-to-date: /home/pi/amr_ws/src/install/teb_msgs/include/teb_msgs/teb_msgs
[48.142s] -- Up-to-date: /home/pi/amr_ws/src/install/teb_msgs/include/teb_msgs/teb_msgs/msg
[48.143s] -- Installing: /home/pi/amr_ws/src/install/teb_msgs/include/teb_msgs/teb_msgs/msg/feedback_msg.hpp
[48.143s] -- Installing: /home/pi/amr_ws/src/install/teb_msgs/include/teb_msgs/teb_msgs/msg/trajectory_point_msg.hpp
[48.145s] -- Up-to-date: /home/pi/amr_ws/src/install/teb_msgs/include/teb_msgs/teb_msgs/msg/detail
[48.148s] -- Installing: /home/pi/amr_ws/src/install/teb_msgs/include/teb_msgs/teb_msgs/msg/detail/feedback_msg__traits.hpp
[48.152s] -- Installing: /home/pi/amr_ws/src/install/teb_msgs/include/teb_msgs/teb_msgs/msg/detail/feedback_msg__builder.hpp
[48.154s] -- Installing: /home/pi/amr_ws/src/install/teb_msgs/include/teb_msgs/teb_msgs/msg/detail/trajectory_msg__traits.hpp
[48.156s] -- Installing: /home/pi/amr_ws/src/install/teb_msgs/include/teb_msgs/teb_msgs/msg/detail/feedback_msg__struct.hpp
[48.160s] -- Installing: /home/pi/amr_ws/src/install/teb_msgs/include/teb_msgs/teb_msgs/msg/detail/trajectory_msg__builder.hpp
[48.160s] -- Installing: /home/pi/amr_ws/src/install/teb_msgs/include/teb_msgs/teb_msgs/msg/detail/trajectory_point_msg__struct.hpp
[48.163s] -- Installing: /home/pi/amr_ws/src/install/teb_msgs/include/teb_msgs/teb_msgs/msg/detail/trajectory_point_msg__traits.hpp
[48.163s] -- Installing: /home/pi/amr_ws/src/install/teb_msgs/include/teb_msgs/teb_msgs/msg/detail/trajectory_msg__struct.hpp
[48.164s] -- Installing: /home/pi/amr_ws/src/install/teb_msgs/include/teb_msgs/teb_msgs/msg/detail/trajectory_point_msg__builder.hpp
[48.165s] -- Installing: /home/pi/amr_ws/src/install/teb_msgs/include/teb_msgs/teb_msgs/msg/trajectory_msg.hpp
[48.165s] -- Up-to-date: /home/pi/amr_ws/src/install/teb_msgs/include/teb_msgs/teb_msgs
[48.166s] -- Up-to-date: /home/pi/amr_ws/src/install/teb_msgs/include/teb_msgs/teb_msgs/msg
[48.166s] -- Installing: /home/pi/amr_ws/src/install/teb_msgs/include/teb_msgs/teb_msgs/msg/rosidl_typesupport_fastrtps_cpp__visibility_control.h
[48.166s] -- Up-to-date: /home/pi/amr_ws/src/install/teb_msgs/include/teb_msgs/teb_msgs/msg/detail
[48.167s] -- Installing: /home/pi/amr_ws/src/install/teb_msgs/include/teb_msgs/teb_msgs/msg/detail/trajectory_point_msg__rosidl_typesupport_fastrtps_cpp.hpp
[48.167s] -- Installing: /home/pi/amr_ws/src/install/teb_msgs/include/teb_msgs/teb_msgs/msg/detail/feedback_msg__rosidl_typesupport_fastrtps_cpp.hpp
[48.168s] -- Installing: /home/pi/amr_ws/src/install/teb_msgs/include/teb_msgs/teb_msgs/msg/detail/dds_fastrtps
[48.169s] -- Installing: /home/pi/amr_ws/src/install/teb_msgs/include/teb_msgs/teb_msgs/msg/detail/trajectory_msg__rosidl_typesupport_fastrtps_cpp.hpp
[48.169s] -- Installing: /home/pi/amr_ws/src/install/teb_msgs/lib/libteb_msgs__rosidl_typesupport_fastrtps_cpp.so
[48.170s] -- Set runtime path of "/home/pi/amr_ws/src/install/teb_msgs/lib/libteb_msgs__rosidl_typesupport_fastrtps_cpp.so" to ""
[48.171s] -- Up-to-date: /home/pi/amr_ws/src/install/teb_msgs/include/teb_msgs/teb_msgs
[48.171s] -- Up-to-date: /home/pi/amr_ws/src/install/teb_msgs/include/teb_msgs/teb_msgs/msg
[48.172s] -- Installing: /home/pi/amr_ws/src/install/teb_msgs/include/teb_msgs/teb_msgs/msg/rosidl_typesupport_introspection_c__visibility_control.h
[48.173s] -- Up-to-date: /home/pi/amr_ws/src/install/teb_msgs/include/teb_msgs/teb_msgs/msg/detail
[48.173s] -- Installing: /home/pi/amr_ws/src/install/teb_msgs/include/teb_msgs/teb_msgs/msg/detail/feedback_msg__rosidl_typesupport_introspection_c.h
[48.174s] -- Installing: /home/pi/amr_ws/src/install/teb_msgs/include/teb_msgs/teb_msgs/msg/detail/trajectory_msg__rosidl_typesupport_introspection_c.h
[48.175s] -- Installing: /home/pi/amr_ws/src/install/teb_msgs/include/teb_msgs/teb_msgs/msg/detail/feedback_msg__type_support.c
[48.176s] -- Installing: /home/pi/amr_ws/src/install/teb_msgs/include/teb_msgs/teb_msgs/msg/detail/trajectory_point_msg__rosidl_typesupport_introspection_c.h
[48.177s] -- Installing: /home/pi/amr_ws/src/install/teb_msgs/include/teb_msgs/teb_msgs/msg/detail/trajectory_point_msg__type_support.c
[48.178s] -- Installing: /home/pi/amr_ws/src/install/teb_msgs/include/teb_msgs/teb_msgs/msg/detail/trajectory_msg__type_support.c
[48.180s] -- Installing: /home/pi/amr_ws/src/install/teb_msgs/lib/libteb_msgs__rosidl_typesupport_introspection_c.so
[48.183s] -- Set runtime path of "/home/pi/amr_ws/src/install/teb_msgs/lib/libteb_msgs__rosidl_typesupport_introspection_c.so" to ""
[48.184s] -- Installing: /home/pi/amr_ws/src/install/teb_msgs/lib/libteb_msgs__rosidl_typesupport_c.so
[48.186s] -- Set runtime path of "/home/pi/amr_ws/src/install/teb_msgs/lib/libteb_msgs__rosidl_typesupport_c.so" to ""
[48.186s] -- Up-to-date: /home/pi/amr_ws/src/install/teb_msgs/include/teb_msgs/teb_msgs
[48.187s] -- Up-to-date: /home/pi/amr_ws/src/install/teb_msgs/include/teb_msgs/teb_msgs/msg
[48.187s] -- Up-to-date: /home/pi/amr_ws/src/install/teb_msgs/include/teb_msgs/teb_msgs/msg/detail
[48.187s] -- Installing: /home/pi/amr_ws/src/install/teb_msgs/include/teb_msgs/teb_msgs/msg/detail/trajectory_point_msg__rosidl_typesupport_introspection_cpp.hpp
[48.188s] -- Installing: /home/pi/amr_ws/src/install/teb_msgs/include/teb_msgs/teb_msgs/msg/detail/trajectory_point_msg__type_support.cpp
[48.190s] -- Installing: /home/pi/amr_ws/src/install/teb_msgs/include/teb_msgs/teb_msgs/msg/detail/feedback_msg__rosidl_typesupport_introspection_cpp.hpp
[48.191s] -- Installing: /home/pi/amr_ws/src/install/teb_msgs/include/teb_msgs/teb_msgs/msg/detail/feedback_msg__type_support.cpp
[48.192s] -- Installing: /home/pi/amr_ws/src/install/teb_msgs/include/teb_msgs/teb_msgs/msg/detail/trajectory_msg__type_support.cpp
[48.194s] -- Installing: /home/pi/amr_ws/src/install/teb_msgs/include/teb_msgs/teb_msgs/msg/detail/trajectory_msg__rosidl_typesupport_introspection_cpp.hpp
[48.196s] -- Installing: /home/pi/amr_ws/src/install/teb_msgs/lib/libteb_msgs__rosidl_typesupport_introspection_cpp.so
[48.200s] -- Set runtime path of "/home/pi/amr_ws/src/install/teb_msgs/lib/libteb_msgs__rosidl_typesupport_introspection_cpp.so" to ""
[48.200s] -- Installing: /home/pi/amr_ws/src/install/teb_msgs/lib/libteb_msgs__rosidl_typesupport_cpp.so
[48.203s] -- Set runtime path of "/home/pi/amr_ws/src/install/teb_msgs/lib/libteb_msgs__rosidl_typesupport_cpp.so" to ""
[48.204s] -- Installing: /home/pi/amr_ws/src/install/teb_msgs/share/teb_msgs/environment/pythonpath.sh
[48.204s] -- Installing: /home/pi/amr_ws/src/install/teb_msgs/share/teb_msgs/environment/pythonpath.dsv
[48.205s] -- Installing: /home/pi/amr_ws/src/install/teb_msgs/local/lib/python3.10/dist-packages/teb_msgs-0.0.1-py3.10.egg-info
[48.207s] -- Installing: /home/pi/amr_ws/src/install/teb_msgs/local/lib/python3.10/dist-packages/teb_msgs-0.0.1-py3.10.egg-info/PKG-INFO
[48.208s] -- Installing: /home/pi/amr_ws/src/install/teb_msgs/local/lib/python3.10/dist-packages/teb_msgs-0.0.1-py3.10.egg-info/top_level.txt
[48.209s] -- Installing: /home/pi/amr_ws/src/install/teb_msgs/local/lib/python3.10/dist-packages/teb_msgs-0.0.1-py3.10.egg-info/SOURCES.txt
[48.211s] -- Installing: /home/pi/amr_ws/src/install/teb_msgs/local/lib/python3.10/dist-packages/teb_msgs-0.0.1-py3.10.egg-info/dependency_links.txt
[48.213s] -- Installing: /home/pi/amr_ws/src/install/teb_msgs/local/lib/python3.10/dist-packages/teb_msgs
[48.214s] -- Installing: /home/pi/amr_ws/src/install/teb_msgs/local/lib/python3.10/dist-packages/teb_msgs/_teb_msgs_s.ep.rosidl_typesupport_fastrtps_c.c
[48.215s] -- Installing: /home/pi/amr_ws/src/install/teb_msgs/local/lib/python3.10/dist-packages/teb_msgs/msg
[48.215s] -- Installing: /home/pi/amr_ws/src/install/teb_msgs/local/lib/python3.10/dist-packages/teb_msgs/msg/_feedback_msg_s.c
[48.216s] -- Installing: /home/pi/amr_ws/src/install/teb_msgs/local/lib/python3.10/dist-packages/teb_msgs/msg/_feedback_msg.py
[48.218s] -- Installing: /home/pi/amr_ws/src/install/teb_msgs/local/lib/python3.10/dist-packages/teb_msgs/msg/__init__.py
[48.219s] -- Installing: /home/pi/amr_ws/src/install/teb_msgs/local/lib/python3.10/dist-packages/teb_msgs/msg/_trajectory_point_msg_s.c
[48.220s] -- Installing: /home/pi/amr_ws/src/install/teb_msgs/local/lib/python3.10/dist-packages/teb_msgs/msg/_trajectory_msg_s.c
[48.221s] -- Installing: /home/pi/amr_ws/src/install/teb_msgs/local/lib/python3.10/dist-packages/teb_msgs/msg/_trajectory_msg.py
[48.223s] -- Installing: /home/pi/amr_ws/src/install/teb_msgs/local/lib/python3.10/dist-packages/teb_msgs/msg/_trajectory_point_msg.py
[48.224s] -- Installing: /home/pi/amr_ws/src/install/teb_msgs/local/lib/python3.10/dist-packages/teb_msgs/teb_msgs_s__rosidl_typesupport_c.cpython-310-aarch64-linux-gnu.so
[48.225s] -- Installing: /home/pi/amr_ws/src/install/teb_msgs/local/lib/python3.10/dist-packages/teb_msgs/libteb_msgs__rosidl_generator_py.so
[48.227s] -- Installing: /home/pi/amr_ws/src/install/teb_msgs/local/lib/python3.10/dist-packages/teb_msgs/_teb_msgs_s.ep.rosidl_typesupport_introspection_c.c
[48.228s] -- Installing: /home/pi/amr_ws/src/install/teb_msgs/local/lib/python3.10/dist-packages/teb_msgs/teb_msgs_s__rosidl_typesupport_fastrtps_c.cpython-310-aarch64-linux-gnu.so
[48.231s] -- Installing: /home/pi/amr_ws/src/install/teb_msgs/local/lib/python3.10/dist-packages/teb_msgs/__init__.py
[48.231s] -- Installing: /home/pi/amr_ws/src/install/teb_msgs/local/lib/python3.10/dist-packages/teb_msgs/_teb_msgs_s.ep.rosidl_typesupport_c.c
[48.232s] -- Installing: /home/pi/amr_ws/src/install/teb_msgs/local/lib/python3.10/dist-packages/teb_msgs/teb_msgs_s__rosidl_typesupport_introspection_c.cpython-310-aarch64-linux-gnu.so
[48.453s] Listing '/home/pi/amr_ws/src/install/teb_msgs/local/lib/python3.10/dist-packages/teb_msgs'...
[48.454s] Compiling '/home/pi/amr_ws/src/install/teb_msgs/local/lib/python3.10/dist-packages/teb_msgs/__init__.py'...
[48.456s] Listing '/home/pi/amr_ws/src/install/teb_msgs/local/lib/python3.10/dist-packages/teb_msgs/msg'...
[48.457s] Compiling '/home/pi/amr_ws/src/install/teb_msgs/local/lib/python3.10/dist-packages/teb_msgs/msg/__init__.py'...
[48.462s] Compiling '/home/pi/amr_ws/src/install/teb_msgs/local/lib/python3.10/dist-packages/teb_msgs/msg/_feedback_msg.py'...
[48.464s] Compiling '/home/pi/amr_ws/src/install/teb_msgs/local/lib/python3.10/dist-packages/teb_msgs/msg/_trajectory_msg.py'...
[48.466s] Compiling '/home/pi/amr_ws/src/install/teb_msgs/local/lib/python3.10/dist-packages/teb_msgs/msg/_trajectory_point_msg.py'...
[48.494s] -- Installing: /home/pi/amr_ws/src/install/teb_msgs/local/lib/python3.10/dist-packages/teb_msgs/teb_msgs_s__rosidl_typesupport_fastrtps_c.cpython-310-aarch64-linux-gnu.so
[48.498s] -- Set runtime path of "/home/pi/amr_ws/src/install/teb_msgs/local/lib/python3.10/dist-packages/teb_msgs/teb_msgs_s__rosidl_typesupport_fastrtps_c.cpython-310-aarch64-linux-gnu.so" to ""
[48.500s] -- Installing: /home/pi/amr_ws/src/install/teb_msgs/local/lib/python3.10/dist-packages/teb_msgs/teb_msgs_s__rosidl_typesupport_introspection_c.cpython-310-aarch64-linux-gnu.so
[48.505s] -- Set runtime path of "/home/pi/amr_ws/src/install/teb_msgs/local/lib/python3.10/dist-packages/teb_msgs/teb_msgs_s__rosidl_typesupport_introspection_c.cpython-310-aarch64-linux-gnu.so" to ""
[48.508s] -- Installing: /home/pi/amr_ws/src/install/teb_msgs/local/lib/python3.10/dist-packages/teb_msgs/teb_msgs_s__rosidl_typesupport_c.cpython-310-aarch64-linux-gnu.so
[48.513s] -- Set runtime path of "/home/pi/amr_ws/src/install/teb_msgs/local/lib/python3.10/dist-packages/teb_msgs/teb_msgs_s__rosidl_typesupport_c.cpython-310-aarch64-linux-gnu.so" to ""
[48.514s] -- Installing: /home/pi/amr_ws/src/install/teb_msgs/lib/libteb_msgs__rosidl_generator_py.so
[48.517s] -- Set runtime path of "/home/pi/amr_ws/src/install/teb_msgs/lib/libteb_msgs__rosidl_generator_py.so" to ""
[48.519s] -- Installing: /home/pi/amr_ws/src/install/teb_msgs/share/teb_msgs/msg/FeedbackMsg.idl
[48.520s] -- Installing: /home/pi/amr_ws/src/install/teb_msgs/share/teb_msgs/msg/TrajectoryMsg.idl
[48.522s] -- Installing: /home/pi/amr_ws/src/install/teb_msgs/share/teb_msgs/msg/TrajectoryPointMsg.idl
[48.524s] -- Installing: /home/pi/amr_ws/src/install/teb_msgs/share/teb_msgs/msg/FeedbackMsg.msg
[48.526s] -- Installing: /home/pi/amr_ws/src/install/teb_msgs/share/teb_msgs/msg/TrajectoryMsg.msg
[48.528s] -- Installing: /home/pi/amr_ws/src/install/teb_msgs/share/teb_msgs/msg/TrajectoryPointMsg.msg
[48.531s] -- Installing: /home/pi/amr_ws/src/install/teb_msgs/share/ament_index/resource_index/package_run_dependencies/teb_msgs
[48.534s] -- Installing: /home/pi/amr_ws/src/install/teb_msgs/share/ament_index/resource_index/parent_prefix_path/teb_msgs
[48.535s] -- Installing: /home/pi/amr_ws/src/install/teb_msgs/share/teb_msgs/environment/ament_prefix_path.sh
[48.537s] -- Installing: /home/pi/amr_ws/src/install/teb_msgs/share/teb_msgs/environment/ament_prefix_path.dsv
[48.539s] -- Installing: /home/pi/amr_ws/src/install/teb_msgs/share/teb_msgs/environment/path.sh
[48.540s] -- Installing: /home/pi/amr_ws/src/install/teb_msgs/share/teb_msgs/environment/path.dsv
[48.542s] -- Installing: /home/pi/amr_ws/src/install/teb_msgs/share/teb_msgs/local_setup.bash
[48.543s] -- Installing: /home/pi/amr_ws/src/install/teb_msgs/share/teb_msgs/local_setup.sh
[48.545s] -- Installing: /home/pi/amr_ws/src/install/teb_msgs/share/teb_msgs/local_setup.zsh
[48.547s] -- Installing: /home/pi/amr_ws/src/install/teb_msgs/share/teb_msgs/local_setup.dsv
[48.548s] -- Installing: /home/pi/amr_ws/src/install/teb_msgs/share/teb_msgs/package.dsv
[48.552s] -- Installing: /home/pi/amr_ws/src/install/teb_msgs/share/ament_index/resource_index/packages/teb_msgs
[48.554s] -- Installing: /home/pi/amr_ws/src/install/teb_msgs/share/teb_msgs/cmake/export_teb_msgs__rosidl_generator_cExport.cmake
[48.555s] -- Installing: /home/pi/amr_ws/src/install/teb_msgs/share/teb_msgs/cmake/export_teb_msgs__rosidl_generator_cExport-noconfig.cmake
[48.557s] -- Installing: /home/pi/amr_ws/src/install/teb_msgs/share/teb_msgs/cmake/export_teb_msgs__rosidl_typesupport_fastrtps_cExport.cmake
[48.560s] -- Installing: /home/pi/amr_ws/src/install/teb_msgs/share/teb_msgs/cmake/export_teb_msgs__rosidl_typesupport_fastrtps_cExport-noconfig.cmake
[48.562s] -- Installing: /home/pi/amr_ws/src/install/teb_msgs/share/teb_msgs/cmake/export_teb_msgs__rosidl_generator_cppExport.cmake
[48.563s] -- Installing: /home/pi/amr_ws/src/install/teb_msgs/share/teb_msgs/cmake/export_teb_msgs__rosidl_typesupport_fastrtps_cppExport.cmake
[48.565s] -- Installing: /home/pi/amr_ws/src/install/teb_msgs/share/teb_msgs/cmake/export_teb_msgs__rosidl_typesupport_fastrtps_cppExport-noconfig.cmake
[48.567s] -- Installing: /home/pi/amr_ws/src/install/teb_msgs/share/teb_msgs/cmake/teb_msgs__rosidl_typesupport_introspection_cExport.cmake
[48.569s] -- Installing: /home/pi/amr_ws/src/install/teb_msgs/share/teb_msgs/cmake/teb_msgs__rosidl_typesupport_introspection_cExport-noconfig.cmake
[48.571s] -- Installing: /home/pi/amr_ws/src/install/teb_msgs/share/teb_msgs/cmake/teb_msgs__rosidl_typesupport_cExport.cmake
[48.572s] -- Installing: /home/pi/amr_ws/src/install/teb_msgs/share/teb_msgs/cmake/teb_msgs__rosidl_typesupport_cExport-noconfig.cmake
[48.574s] -- Installing: /home/pi/amr_ws/src/install/teb_msgs/share/teb_msgs/cmake/teb_msgs__rosidl_typesupport_introspection_cppExport.cmake
[48.577s] -- Installing: /home/pi/amr_ws/src/install/teb_msgs/share/teb_msgs/cmake/teb_msgs__rosidl_typesupport_introspection_cppExport-noconfig.cmake
[48.579s] -- Installing: /home/pi/amr_ws/src/install/teb_msgs/share/teb_msgs/cmake/teb_msgs__rosidl_typesupport_cppExport.cmake
[48.580s] -- Installing: /home/pi/amr_ws/src/install/teb_msgs/share/teb_msgs/cmake/teb_msgs__rosidl_typesupport_cppExport-noconfig.cmake
[48.583s] -- Installing: /home/pi/amr_ws/src/install/teb_msgs/share/teb_msgs/cmake/export_teb_msgs__rosidl_generator_pyExport.cmake
[48.585s] -- Installing: /home/pi/amr_ws/src/install/teb_msgs/share/teb_msgs/cmake/export_teb_msgs__rosidl_generator_pyExport-noconfig.cmake
[48.586s] -- Installing: /home/pi/amr_ws/src/install/teb_msgs/share/teb_msgs/cmake/rosidl_cmake-extras.cmake
[48.588s] -- Installing: /home/pi/amr_ws/src/install/teb_msgs/share/teb_msgs/cmake/ament_cmake_export_dependencies-extras.cmake
[48.591s] -- Installing: /home/pi/amr_ws/src/install/teb_msgs/share/teb_msgs/cmake/ament_cmake_export_include_directories-extras.cmake
[48.592s] -- Installing: /home/pi/amr_ws/src/install/teb_msgs/share/teb_msgs/cmake/ament_cmake_export_libraries-extras.cmake
[48.593s] -- Installing: /home/pi/amr_ws/src/install/teb_msgs/share/teb_msgs/cmake/ament_cmake_export_targets-extras.cmake
[48.595s] -- Installing: /home/pi/amr_ws/src/install/teb_msgs/share/teb_msgs/cmake/rosidl_cmake_export_typesupport_targets-extras.cmake
[48.597s] -- Installing: /home/pi/amr_ws/src/install/teb_msgs/share/teb_msgs/cmake/rosidl_cmake_export_typesupport_libraries-extras.cmake
[48.599s] -- Installing: /home/pi/amr_ws/src/install/teb_msgs/share/teb_msgs/cmake/teb_msgsConfig.cmake
[48.600s] -- Installing: /home/pi/amr_ws/src/install/teb_msgs/share/teb_msgs/cmake/teb_msgsConfig-version.cmake
[48.601s] -- Installing: /home/pi/amr_ws/src/install/teb_msgs/share/teb_msgs/package.xml
[48.623s] Invoked command in '/home/pi/amr_ws/src/build/teb_msgs' returned '0': AMENT_PREFIX_PATH=/home/pi/amr_ws/src/install/costmap_converter_msgs:${AMENT_PREFIX_PATH} CMAKE_PREFIX_PATH=/home/pi/amr_ws/src/install/costmap_converter_msgs:/home/pi/amr_ws/install/witmotion_ros:/home/pi/amr_ws/install/sllidar_ros2:/home/pi/amr_ws/install/rplidar_ros2:/home/pi/amr_ws/install/micro_ros_setup:/home/pi/amr_ws/install/micro_ros_agent:/home/pi/amr_ws/install/micro_ros_msgs:/home/pi/amr_ws/install/ldlidar:/home/pi/amr_ws/install/foxglove_bridge:/home/pi/amr_ws/install/amr_interface:/home/pi/amr_ws/install/amr_control:/opt/ros/humble LD_LIBRARY_PATH=/home/pi/amr_ws/src/install/costmap_converter_msgs/lib:${LD_LIBRARY_PATH} PYTHONPATH=/home/pi/amr_ws/src/install/costmap_converter_msgs/local/lib/python3.10/dist-packages:${PYTHONPATH} /usr/bin/cmake --install /home/pi/amr_ws/src/build/teb_msgs
