[0.075s] Invoking command in '/home/pi/amr_ws/src/build/teb_msgs': CMAKE_PREFIX_PATH=${CMAKE_PREFIX_PATH}:/home/pi/amr_ws/install/amr_control:/opt/ros/humble /usr/bin/cmake /home/pi/amr_ws/src/teb_local_planner/teb_msgs -DCMAKE_INSTALL_PREFIX=/home/pi/amr_ws/src/install/teb_msgs
[1.262s] -- The C compiler identification is GNU 11.3.0
[2.042s] -- The CXX compiler identification is GNU 11.3.0
[2.104s] -- Detecting C compiler ABI info
[2.544s] -- Detecting C compiler ABI info - done
[2.574s] -- Check for working C compiler: /usr/bin/cc - skipped
[2.578s] -- Detecting C compile features
[2.582s] -- Detecting C compile features - done
[2.601s] -- Detecting CXX compiler ABI info
[3.028s] -- Detecting CXX compiler ABI info - done
[3.057s] -- Check for working CXX compiler: /usr/bin/c++ - skipped
[3.058s] -- Detecting CXX compile features
[3.061s] -- Detecting CXX compile features - done
[3.127s] -- Found ament_cmake: 1.3.3 (/opt/ros/humble/share/ament_cmake/cmake)
[4.398s] -- Found Python3: /usr/bin/python3.10 (found version "3.10.6") found components: Interpreter 
[5.545s] -- Found builtin_interfaces: 1.2.1 (/opt/ros/humble/share/builtin_interfaces/cmake)
[6.089s] -- Found rosidl_generator_c: 3.1.4 (/opt/ros/humble/share/rosidl_generator_c/cmake)
[6.191s] -- Found rosidl_adapter: 3.1.4 (/opt/ros/humble/share/rosidl_adapter/cmake)
[6.320s] -- Found rosidl_generator_cpp: 3.1.4 (/opt/ros/humble/share/rosidl_generator_cpp/cmake)
[6.486s] -- Using all available rosidl_typesupport_c: rosidl_typesupport_fastrtps_c;rosidl_typesupport_introspection_c
[6.723s] -- Using all available rosidl_typesupport_cpp: rosidl_typesupport_fastrtps_cpp;rosidl_typesupport_introspection_cpp
[7.115s] [31mCMake Error at CMakeLists.txt:16 (find_package):
[7.115s]   By not providing "Findcostmap_converter_msgs.cmake" in CMAKE_MODULE_PATH
[7.116s]   this project has asked CMake to find a package configuration file provided
[7.116s]   by "costmap_converter_msgs", but CMake did not find one.
[7.116s] 
[7.117s]   Could not find a package configuration file provided by
[7.117s]   "costmap_converter_msgs" with any of the following names:
[7.118s] 
[7.118s]     costmap_converter_msgsConfig.cmake
[7.119s]     costmap_converter_msgs-config.cmake
[7.122s] 
[7.124s]   Add the installation prefix of "costmap_converter_msgs" to
[7.125s]   CMAKE_PREFIX_PATH or set "costmap_converter_msgs_DIR" to a directory
[7.127s]   containing one of the above files.  If "costmap_converter_msgs" provides a
[7.129s]   separate development package or SDK, be sure it has been installed.
[7.130s] 
[7.132s] -- Configuring incomplete, errors occurred!
[7.133s] See also "/home/pi/amr_ws/src/build/teb_msgs/CMakeFiles/CMakeOutput.log".
[7.134s] [0m
[7.144s] Invoked command in '/home/pi/amr_ws/src/build/teb_msgs' returned '1': CMAKE_PREFIX_PATH=${CMAKE_PREFIX_PATH}:/home/pi/amr_ws/install/amr_control:/opt/ros/humble /usr/bin/cmake /home/pi/amr_ws/src/teb_local_planner/teb_msgs -DCMAKE_INSTALL_PREFIX=/home/pi/amr_ws/src/install/teb_msgs
