[0.080s] Invoking command in '/home/pi/amr_ws/src/build/teb_msgs': AMENT_PREFIX_PATH=/home/pi/amr_ws/src/install/costmap_converter_msgs:${AMENT_PREFIX_PATH} CMAKE_PREFIX_PATH=/home/pi/amr_ws/src/install/costmap_converter_msgs:/home/pi/amr_ws/install/witmotion_ros:/home/pi/amr_ws/install/sllidar_ros2:/home/pi/amr_ws/install/rplidar_ros2:/home/pi/amr_ws/install/micro_ros_setup:/home/pi/amr_ws/install/micro_ros_agent:/home/pi/amr_ws/install/micro_ros_msgs:/home/pi/amr_ws/install/ldlidar:/home/pi/amr_ws/install/foxglove_bridge:/home/pi/amr_ws/install/amr_interface:/home/pi/amr_ws/install/amr_control:/opt/ros/humble LD_LIBRARY_PATH=/home/pi/amr_ws/src/install/costmap_converter_msgs/lib:${LD_LIBRARY_PATH} PYTHONPATH=/home/pi/amr_ws/src/install/costmap_converter_msgs/local/lib/python3.10/dist-packages:${PYTHONPATH} /usr/bin/cmake --build /home/pi/amr_ws/src/build/teb_msgs -- -j4 -l4
[0.414s] [35m[1mConsolidate compiler generated dependencies of target teb_msgs__rosidl_generator_c[0m
[0.491s] [  2%] Built target teb_msgs__cpp
[0.652s] [35m[1mConsolidate compiler generated dependencies of target teb_msgs__rosidl_typesupport_cpp[0m
[0.671s] [35m[1mConsolidate compiler generated dependencies of target teb_msgs__rosidl_typesupport_fastrtps_cpp[0m
[0.676s] [ 12%] Built target teb_msgs__rosidl_generator_c
[0.770s] [ 12%] Built target ament_cmake_python_copy_teb_msgs
[0.817s] [ 23%] Built target teb_msgs__rosidl_typesupport_cpp
[0.841s] [35m[1mConsolidate compiler generated dependencies of target teb_msgs__rosidl_typesupport_introspection_cpp[0m
[0.901s] [35m[1mConsolidate compiler generated dependencies of target teb_msgs__rosidl_typesupport_fastrtps_c[0m
[0.974s] [ 34%] Built target teb_msgs__rosidl_typesupport_fastrtps_cpp
[1.038s] [ 44%] Built target teb_msgs__rosidl_typesupport_fastrtps_c
[1.041s] [35m[1mConsolidate compiler generated dependencies of target teb_msgs__rosidl_typesupport_introspection_c[0m
[1.079s] [ 55%] Built target teb_msgs__rosidl_typesupport_introspection_cpp
[1.113s] [35m[1mConsolidate compiler generated dependencies of target teb_msgs__rosidl_typesupport_c[0m
[1.260s] [ 65%] Built target teb_msgs__rosidl_typesupport_introspection_c
[1.274s] [ 76%] Built target teb_msgs__rosidl_typesupport_c
[1.446s] [ 76%] Built target teb_msgs
[1.615s] [ 78%] Built target teb_msgs__py
[1.697s] [35m[1mConsolidate compiler generated dependencies of target teb_msgs__rosidl_generator_py[0m
[1.834s] [ 87%] Built target teb_msgs__rosidl_generator_py
[1.933s] [35m[1mConsolidate compiler generated dependencies of target teb_msgs__rosidl_typesupport_fastrtps_c__pyext[0m
[1.968s] [35m[1mConsolidate compiler generated dependencies of target teb_msgs__rosidl_typesupport_introspection_c__pyext[0m
[2.067s] [35m[1mConsolidate compiler generated dependencies of target teb_msgs__rosidl_typesupport_c__pyext[0m
[2.073s] [ 91%] Built target teb_msgs__rosidl_typesupport_fastrtps_c__pyext
[2.106s] [ 95%] Built target teb_msgs__rosidl_typesupport_introspection_c__pyext
[2.225s] [100%] Built target teb_msgs__rosidl_typesupport_c__pyext
[3.227s] running egg_info
[3.231s] writing teb_msgs.egg-info/PKG-INFO
[3.234s] writing dependency_links to teb_msgs.egg-info/dependency_links.txt
[3.237s] writing top-level names to teb_msgs.egg-info/top_level.txt
[3.251s] reading manifest file 'teb_msgs.egg-info/SOURCES.txt'
[3.258s] writing manifest file 'teb_msgs.egg-info/SOURCES.txt'
[3.452s] [100%] Built target ament_cmake_python_build_teb_msgs_egg
[3.535s] Invoked command in '/home/pi/amr_ws/src/build/teb_msgs' returned '0': AMENT_PREFIX_PATH=/home/pi/amr_ws/src/install/costmap_converter_msgs:${AMENT_PREFIX_PATH} CMAKE_PREFIX_PATH=/home/pi/amr_ws/src/install/costmap_converter_msgs:/home/pi/amr_ws/install/witmotion_ros:/home/pi/amr_ws/install/sllidar_ros2:/home/pi/amr_ws/install/rplidar_ros2:/home/pi/amr_ws/install/micro_ros_setup:/home/pi/amr_ws/install/micro_ros_agent:/home/pi/amr_ws/install/micro_ros_msgs:/home/pi/amr_ws/install/ldlidar:/home/pi/amr_ws/install/foxglove_bridge:/home/pi/amr_ws/install/amr_interface:/home/pi/amr_ws/install/amr_control:/opt/ros/humble LD_LIBRARY_PATH=/home/pi/amr_ws/src/install/costmap_converter_msgs/lib:${LD_LIBRARY_PATH} PYTHONPATH=/home/pi/amr_ws/src/install/costmap_converter_msgs/local/lib/python3.10/dist-packages:${PYTHONPATH} /usr/bin/cmake --build /home/pi/amr_ws/src/build/teb_msgs -- -j4 -l4
[4.598s] Invoking command in '/home/pi/amr_ws/src/build/teb_msgs': AMENT_PREFIX_PATH=/home/pi/amr_ws/src/install/costmap_converter_msgs:${AMENT_PREFIX_PATH} CMAKE_PREFIX_PATH=/home/pi/amr_ws/src/install/costmap_converter_msgs:/home/pi/amr_ws/install/witmotion_ros:/home/pi/amr_ws/install/sllidar_ros2:/home/pi/amr_ws/install/rplidar_ros2:/home/pi/amr_ws/install/micro_ros_setup:/home/pi/amr_ws/install/micro_ros_agent:/home/pi/amr_ws/install/micro_ros_msgs:/home/pi/amr_ws/install/ldlidar:/home/pi/amr_ws/install/foxglove_bridge:/home/pi/amr_ws/install/amr_interface:/home/pi/amr_ws/install/amr_control:/opt/ros/humble LD_LIBRARY_PATH=/home/pi/amr_ws/src/install/costmap_converter_msgs/lib:${LD_LIBRARY_PATH} PYTHONPATH=/home/pi/amr_ws/src/install/costmap_converter_msgs/local/lib/python3.10/dist-packages:${PYTHONPATH} /usr/bin/cmake --install /home/pi/amr_ws/src/build/teb_msgs
[4.654s] -- Install configuration: ""
[4.655s] -- Up-to-date: /home/pi/amr_ws/src/install/teb_msgs/share/ament_index/resource_index/rosidl_interfaces/teb_msgs
[4.656s] -- Up-to-date: /home/pi/amr_ws/src/install/teb_msgs/include/teb_msgs/teb_msgs
[4.657s] -- Up-to-date: /home/pi/amr_ws/src/install/teb_msgs/include/teb_msgs/teb_msgs/msg
[4.657s] -- Up-to-date: /home/pi/amr_ws/src/install/teb_msgs/include/teb_msgs/teb_msgs/msg/trajectory_point_msg.h
[4.658s] -- Up-to-date: /home/pi/amr_ws/src/install/teb_msgs/include/teb_msgs/teb_msgs/msg/trajectory_msg.h
[4.658s] -- Up-to-date: /home/pi/amr_ws/src/install/teb_msgs/include/teb_msgs/teb_msgs/msg/rosidl_generator_c__visibility_control.h
[4.660s] -- Up-to-date: /home/pi/amr_ws/src/install/teb_msgs/include/teb_msgs/teb_msgs/msg/feedback_msg.h
[4.660s] -- Up-to-date: /home/pi/amr_ws/src/install/teb_msgs/include/teb_msgs/teb_msgs/msg/detail
[4.661s] -- Up-to-date: /home/pi/amr_ws/src/install/teb_msgs/include/teb_msgs/teb_msgs/msg/detail/feedback_msg__type_support.h
[4.662s] -- Up-to-date: /home/pi/amr_ws/src/install/teb_msgs/include/teb_msgs/teb_msgs/msg/detail/trajectory_msg__type_support.h
[4.662s] -- Up-to-date: /home/pi/amr_ws/src/install/teb_msgs/include/teb_msgs/teb_msgs/msg/detail/feedback_msg__struct.h
[4.663s] -- Up-to-date: /home/pi/amr_ws/src/install/teb_msgs/include/teb_msgs/teb_msgs/msg/detail/trajectory_msg__functions.h
[4.663s] -- Up-to-date: /home/pi/amr_ws/src/install/teb_msgs/include/teb_msgs/teb_msgs/msg/detail/trajectory_point_msg__type_support.h
[4.664s] -- Up-to-date: /home/pi/amr_ws/src/install/teb_msgs/include/teb_msgs/teb_msgs/msg/detail/feedback_msg__functions.c
[4.664s] -- Up-to-date: /home/pi/amr_ws/src/install/teb_msgs/include/teb_msgs/teb_msgs/msg/detail/trajectory_msg__struct.h
[4.665s] -- Up-to-date: /home/pi/amr_ws/src/install/teb_msgs/include/teb_msgs/teb_msgs/msg/detail/trajectory_point_msg__functions.h
[4.665s] -- Up-to-date: /home/pi/amr_ws/src/install/teb_msgs/include/teb_msgs/teb_msgs/msg/detail/trajectory_msg__functions.c
[4.665s] -- Up-to-date: /home/pi/amr_ws/src/install/teb_msgs/include/teb_msgs/teb_msgs/msg/detail/feedback_msg__functions.h
[4.666s] -- Up-to-date: /home/pi/amr_ws/src/install/teb_msgs/include/teb_msgs/teb_msgs/msg/detail/trajectory_point_msg__struct.h
[4.666s] -- Up-to-date: /home/pi/amr_ws/src/install/teb_msgs/include/teb_msgs/teb_msgs/msg/detail/trajectory_point_msg__functions.c
[4.667s] -- Up-to-date: /home/pi/amr_ws/src/install/teb_msgs/share/teb_msgs/environment/library_path.sh
[4.668s] -- Up-to-date: /home/pi/amr_ws/src/install/teb_msgs/share/teb_msgs/environment/library_path.dsv
[4.668s] -- Up-to-date: /home/pi/amr_ws/src/install/teb_msgs/lib/libteb_msgs__rosidl_generator_c.so
[4.669s] -- Up-to-date: /home/pi/amr_ws/src/install/teb_msgs/include/teb_msgs/teb_msgs
[4.670s] -- Up-to-date: /home/pi/amr_ws/src/install/teb_msgs/include/teb_msgs/teb_msgs/msg
[4.671s] -- Up-to-date: /home/pi/amr_ws/src/install/teb_msgs/include/teb_msgs/teb_msgs/msg/rosidl_typesupport_fastrtps_c__visibility_control.h
[4.672s] -- Up-to-date: /home/pi/amr_ws/src/install/teb_msgs/include/teb_msgs/teb_msgs/msg/detail
[4.673s] -- Up-to-date: /home/pi/amr_ws/src/install/teb_msgs/include/teb_msgs/teb_msgs/msg/detail/feedback_msg__rosidl_typesupport_fastrtps_c.h
[4.674s] -- Up-to-date: /home/pi/amr_ws/src/install/teb_msgs/include/teb_msgs/teb_msgs/msg/detail/trajectory_point_msg__rosidl_typesupport_fastrtps_c.h
[4.676s] -- Up-to-date: /home/pi/amr_ws/src/install/teb_msgs/include/teb_msgs/teb_msgs/msg/detail/trajectory_msg__rosidl_typesupport_fastrtps_c.h
[4.677s] -- Up-to-date: /home/pi/amr_ws/src/install/teb_msgs/lib/libteb_msgs__rosidl_typesupport_fastrtps_c.so
[4.678s] -- Up-to-date: /home/pi/amr_ws/src/install/teb_msgs/include/teb_msgs/teb_msgs
[4.678s] -- Up-to-date: /home/pi/amr_ws/src/install/teb_msgs/include/teb_msgs/teb_msgs/msg
[4.679s] -- Up-to-date: /home/pi/amr_ws/src/install/teb_msgs/include/teb_msgs/teb_msgs/msg/feedback_msg.hpp
[4.679s] -- Up-to-date: /home/pi/amr_ws/src/install/teb_msgs/include/teb_msgs/teb_msgs/msg/trajectory_point_msg.hpp
[4.680s] -- Up-to-date: /home/pi/amr_ws/src/install/teb_msgs/include/teb_msgs/teb_msgs/msg/detail
[4.680s] -- Up-to-date: /home/pi/amr_ws/src/install/teb_msgs/include/teb_msgs/teb_msgs/msg/detail/feedback_msg__traits.hpp
[4.681s] -- Up-to-date: /home/pi/amr_ws/src/install/teb_msgs/include/teb_msgs/teb_msgs/msg/detail/feedback_msg__builder.hpp
[4.682s] -- Up-to-date: /home/pi/amr_ws/src/install/teb_msgs/include/teb_msgs/teb_msgs/msg/detail/trajectory_msg__traits.hpp
[4.683s] -- Up-to-date: /home/pi/amr_ws/src/install/teb_msgs/include/teb_msgs/teb_msgs/msg/detail/feedback_msg__struct.hpp
[4.684s] -- Up-to-date: /home/pi/amr_ws/src/install/teb_msgs/include/teb_msgs/teb_msgs/msg/detail/trajectory_msg__builder.hpp
[4.685s] -- Up-to-date: /home/pi/amr_ws/src/install/teb_msgs/include/teb_msgs/teb_msgs/msg/detail/trajectory_point_msg__struct.hpp
[4.685s] -- Up-to-date: /home/pi/amr_ws/src/install/teb_msgs/include/teb_msgs/teb_msgs/msg/detail/trajectory_point_msg__traits.hpp
[4.686s] -- Up-to-date: /home/pi/amr_ws/src/install/teb_msgs/include/teb_msgs/teb_msgs/msg/detail/trajectory_msg__struct.hpp
[4.686s] -- Up-to-date: /home/pi/amr_ws/src/install/teb_msgs/include/teb_msgs/teb_msgs/msg/detail/trajectory_point_msg__builder.hpp
[4.687s] -- Up-to-date: /home/pi/amr_ws/src/install/teb_msgs/include/teb_msgs/teb_msgs/msg/trajectory_msg.hpp
[4.688s] -- Up-to-date: /home/pi/amr_ws/src/install/teb_msgs/include/teb_msgs/teb_msgs
[4.688s] -- Up-to-date: /home/pi/amr_ws/src/install/teb_msgs/include/teb_msgs/teb_msgs/msg
[4.689s] -- Up-to-date: /home/pi/amr_ws/src/install/teb_msgs/include/teb_msgs/teb_msgs/msg/rosidl_typesupport_fastrtps_cpp__visibility_control.h
[4.690s] -- Up-to-date: /home/pi/amr_ws/src/install/teb_msgs/include/teb_msgs/teb_msgs/msg/detail
[4.691s] -- Up-to-date: /home/pi/amr_ws/src/install/teb_msgs/include/teb_msgs/teb_msgs/msg/detail/trajectory_point_msg__rosidl_typesupport_fastrtps_cpp.hpp
[4.692s] -- Up-to-date: /home/pi/amr_ws/src/install/teb_msgs/include/teb_msgs/teb_msgs/msg/detail/feedback_msg__rosidl_typesupport_fastrtps_cpp.hpp
[4.693s] -- Up-to-date: /home/pi/amr_ws/src/install/teb_msgs/include/teb_msgs/teb_msgs/msg/detail/dds_fastrtps
[4.694s] -- Up-to-date: /home/pi/amr_ws/src/install/teb_msgs/include/teb_msgs/teb_msgs/msg/detail/trajectory_msg__rosidl_typesupport_fastrtps_cpp.hpp
[4.694s] -- Up-to-date: /home/pi/amr_ws/src/install/teb_msgs/lib/libteb_msgs__rosidl_typesupport_fastrtps_cpp.so
[4.695s] -- Up-to-date: /home/pi/amr_ws/src/install/teb_msgs/include/teb_msgs/teb_msgs
[4.695s] -- Up-to-date: /home/pi/amr_ws/src/install/teb_msgs/include/teb_msgs/teb_msgs/msg
[4.696s] -- Up-to-date: /home/pi/amr_ws/src/install/teb_msgs/include/teb_msgs/teb_msgs/msg/rosidl_typesupport_introspection_c__visibility_control.h
[4.697s] -- Up-to-date: /home/pi/amr_ws/src/install/teb_msgs/include/teb_msgs/teb_msgs/msg/detail
[4.698s] -- Up-to-date: /home/pi/amr_ws/src/install/teb_msgs/include/teb_msgs/teb_msgs/msg/detail/feedback_msg__rosidl_typesupport_introspection_c.h
[4.699s] -- Up-to-date: /home/pi/amr_ws/src/install/teb_msgs/include/teb_msgs/teb_msgs/msg/detail/trajectory_msg__rosidl_typesupport_introspection_c.h
[4.699s] -- Up-to-date: /home/pi/amr_ws/src/install/teb_msgs/include/teb_msgs/teb_msgs/msg/detail/feedback_msg__type_support.c
[4.700s] -- Up-to-date: /home/pi/amr_ws/src/install/teb_msgs/include/teb_msgs/teb_msgs/msg/detail/trajectory_point_msg__rosidl_typesupport_introspection_c.h
[4.700s] -- Up-to-date: /home/pi/amr_ws/src/install/teb_msgs/include/teb_msgs/teb_msgs/msg/detail/trajectory_point_msg__type_support.c
[4.701s] -- Up-to-date: /home/pi/amr_ws/src/install/teb_msgs/include/teb_msgs/teb_msgs/msg/detail/trajectory_msg__type_support.c
[4.702s] -- Up-to-date: /home/pi/amr_ws/src/install/teb_msgs/lib/libteb_msgs__rosidl_typesupport_introspection_c.so
[4.702s] -- Up-to-date: /home/pi/amr_ws/src/install/teb_msgs/lib/libteb_msgs__rosidl_typesupport_c.so
[4.703s] -- Up-to-date: /home/pi/amr_ws/src/install/teb_msgs/include/teb_msgs/teb_msgs
[4.703s] -- Up-to-date: /home/pi/amr_ws/src/install/teb_msgs/include/teb_msgs/teb_msgs/msg
[4.704s] -- Up-to-date: /home/pi/amr_ws/src/install/teb_msgs/include/teb_msgs/teb_msgs/msg/detail
[4.704s] -- Up-to-date: /home/pi/amr_ws/src/install/teb_msgs/include/teb_msgs/teb_msgs/msg/detail/trajectory_point_msg__rosidl_typesupport_introspection_cpp.hpp
[4.705s] -- Up-to-date: /home/pi/amr_ws/src/install/teb_msgs/include/teb_msgs/teb_msgs/msg/detail/trajectory_point_msg__type_support.cpp
[4.705s] -- Up-to-date: /home/pi/amr_ws/src/install/teb_msgs/include/teb_msgs/teb_msgs/msg/detail/feedback_msg__rosidl_typesupport_introspection_cpp.hpp
[4.706s] -- Up-to-date: /home/pi/amr_ws/src/install/teb_msgs/include/teb_msgs/teb_msgs/msg/detail/feedback_msg__type_support.cpp
[4.707s] -- Up-to-date: /home/pi/amr_ws/src/install/teb_msgs/include/teb_msgs/teb_msgs/msg/detail/trajectory_msg__type_support.cpp
[4.708s] -- Up-to-date: /home/pi/amr_ws/src/install/teb_msgs/include/teb_msgs/teb_msgs/msg/detail/trajectory_msg__rosidl_typesupport_introspection_cpp.hpp
[4.709s] -- Up-to-date: /home/pi/amr_ws/src/install/teb_msgs/lib/libteb_msgs__rosidl_typesupport_introspection_cpp.so
[4.710s] -- Up-to-date: /home/pi/amr_ws/src/install/teb_msgs/lib/libteb_msgs__rosidl_typesupport_cpp.so
[4.711s] -- Up-to-date: /home/pi/amr_ws/src/install/teb_msgs/share/teb_msgs/environment/pythonpath.sh
[4.712s] -- Up-to-date: /home/pi/amr_ws/src/install/teb_msgs/share/teb_msgs/environment/pythonpath.dsv
[4.712s] -- Up-to-date: /home/pi/amr_ws/src/install/teb_msgs/local/lib/python3.10/dist-packages/teb_msgs-0.0.1-py3.10.egg-info
[4.713s] -- Installing: /home/pi/amr_ws/src/install/teb_msgs/local/lib/python3.10/dist-packages/teb_msgs-0.0.1-py3.10.egg-info/PKG-INFO
[4.713s] -- Installing: /home/pi/amr_ws/src/install/teb_msgs/local/lib/python3.10/dist-packages/teb_msgs-0.0.1-py3.10.egg-info/top_level.txt
[4.714s] -- Installing: /home/pi/amr_ws/src/install/teb_msgs/local/lib/python3.10/dist-packages/teb_msgs-0.0.1-py3.10.egg-info/SOURCES.txt
[4.714s] -- Installing: /home/pi/amr_ws/src/install/teb_msgs/local/lib/python3.10/dist-packages/teb_msgs-0.0.1-py3.10.egg-info/dependency_links.txt
[4.715s] -- Up-to-date: /home/pi/amr_ws/src/install/teb_msgs/local/lib/python3.10/dist-packages/teb_msgs
[4.715s] -- Up-to-date: /home/pi/amr_ws/src/install/teb_msgs/local/lib/python3.10/dist-packages/teb_msgs/_teb_msgs_s.ep.rosidl_typesupport_fastrtps_c.c
[4.716s] -- Up-to-date: /home/pi/amr_ws/src/install/teb_msgs/local/lib/python3.10/dist-packages/teb_msgs/msg
[4.716s] -- Up-to-date: /home/pi/amr_ws/src/install/teb_msgs/local/lib/python3.10/dist-packages/teb_msgs/msg/_feedback_msg_s.c
[4.717s] -- Up-to-date: /home/pi/amr_ws/src/install/teb_msgs/local/lib/python3.10/dist-packages/teb_msgs/msg/_feedback_msg.py
[4.717s] -- Up-to-date: /home/pi/amr_ws/src/install/teb_msgs/local/lib/python3.10/dist-packages/teb_msgs/msg/__init__.py
[4.718s] -- Up-to-date: /home/pi/amr_ws/src/install/teb_msgs/local/lib/python3.10/dist-packages/teb_msgs/msg/_trajectory_point_msg_s.c
[4.718s] -- Up-to-date: /home/pi/amr_ws/src/install/teb_msgs/local/lib/python3.10/dist-packages/teb_msgs/msg/_trajectory_msg_s.c
[4.719s] -- Up-to-date: /home/pi/amr_ws/src/install/teb_msgs/local/lib/python3.10/dist-packages/teb_msgs/msg/_trajectory_msg.py
[4.720s] -- Up-to-date: /home/pi/amr_ws/src/install/teb_msgs/local/lib/python3.10/dist-packages/teb_msgs/msg/_trajectory_point_msg.py
[4.720s] -- Up-to-date: /home/pi/amr_ws/src/install/teb_msgs/local/lib/python3.10/dist-packages/teb_msgs/teb_msgs_s__rosidl_typesupport_c.cpython-310-aarch64-linux-gnu.so
[4.721s] -- Up-to-date: /home/pi/amr_ws/src/install/teb_msgs/local/lib/python3.10/dist-packages/teb_msgs/libteb_msgs__rosidl_generator_py.so
[4.721s] -- Up-to-date: /home/pi/amr_ws/src/install/teb_msgs/local/lib/python3.10/dist-packages/teb_msgs/_teb_msgs_s.ep.rosidl_typesupport_introspection_c.c
[4.722s] -- Up-to-date: /home/pi/amr_ws/src/install/teb_msgs/local/lib/python3.10/dist-packages/teb_msgs/teb_msgs_s__rosidl_typesupport_fastrtps_c.cpython-310-aarch64-linux-gnu.so
[4.722s] -- Up-to-date: /home/pi/amr_ws/src/install/teb_msgs/local/lib/python3.10/dist-packages/teb_msgs/__init__.py
[4.723s] -- Up-to-date: /home/pi/amr_ws/src/install/teb_msgs/local/lib/python3.10/dist-packages/teb_msgs/_teb_msgs_s.ep.rosidl_typesupport_c.c
[4.724s] -- Up-to-date: /home/pi/amr_ws/src/install/teb_msgs/local/lib/python3.10/dist-packages/teb_msgs/teb_msgs_s__rosidl_typesupport_introspection_c.cpython-310-aarch64-linux-gnu.so
[4.917s] Listing '/home/pi/amr_ws/src/install/teb_msgs/local/lib/python3.10/dist-packages/teb_msgs'...
[4.919s] Listing '/home/pi/amr_ws/src/install/teb_msgs/local/lib/python3.10/dist-packages/teb_msgs/msg'...
[4.947s] -- Up-to-date: /home/pi/amr_ws/src/install/teb_msgs/local/lib/python3.10/dist-packages/teb_msgs/teb_msgs_s__rosidl_typesupport_fastrtps_c.cpython-310-aarch64-linux-gnu.so
[4.949s] -- Up-to-date: /home/pi/amr_ws/src/install/teb_msgs/local/lib/python3.10/dist-packages/teb_msgs/teb_msgs_s__rosidl_typesupport_introspection_c.cpython-310-aarch64-linux-gnu.so
[4.951s] -- Up-to-date: /home/pi/amr_ws/src/install/teb_msgs/local/lib/python3.10/dist-packages/teb_msgs/teb_msgs_s__rosidl_typesupport_c.cpython-310-aarch64-linux-gnu.so
[4.953s] -- Up-to-date: /home/pi/amr_ws/src/install/teb_msgs/lib/libteb_msgs__rosidl_generator_py.so
[4.955s] -- Up-to-date: /home/pi/amr_ws/src/install/teb_msgs/share/teb_msgs/msg/FeedbackMsg.idl
[4.956s] -- Up-to-date: /home/pi/amr_ws/src/install/teb_msgs/share/teb_msgs/msg/TrajectoryMsg.idl
[4.957s] -- Up-to-date: /home/pi/amr_ws/src/install/teb_msgs/share/teb_msgs/msg/TrajectoryPointMsg.idl
[4.958s] -- Up-to-date: /home/pi/amr_ws/src/install/teb_msgs/share/teb_msgs/msg/FeedbackMsg.msg
[4.959s] -- Up-to-date: /home/pi/amr_ws/src/install/teb_msgs/share/teb_msgs/msg/TrajectoryMsg.msg
[4.961s] -- Up-to-date: /home/pi/amr_ws/src/install/teb_msgs/share/teb_msgs/msg/TrajectoryPointMsg.msg
[4.962s] -- Up-to-date: /home/pi/amr_ws/src/install/teb_msgs/share/ament_index/resource_index/package_run_dependencies/teb_msgs
[4.963s] -- Up-to-date: /home/pi/amr_ws/src/install/teb_msgs/share/ament_index/resource_index/parent_prefix_path/teb_msgs
[4.964s] -- Up-to-date: /home/pi/amr_ws/src/install/teb_msgs/share/teb_msgs/environment/ament_prefix_path.sh
[4.964s] -- Up-to-date: /home/pi/amr_ws/src/install/teb_msgs/share/teb_msgs/environment/ament_prefix_path.dsv
[4.965s] -- Up-to-date: /home/pi/amr_ws/src/install/teb_msgs/share/teb_msgs/environment/path.sh
[4.965s] -- Up-to-date: /home/pi/amr_ws/src/install/teb_msgs/share/teb_msgs/environment/path.dsv
[4.966s] -- Up-to-date: /home/pi/amr_ws/src/install/teb_msgs/share/teb_msgs/local_setup.bash
[4.966s] -- Up-to-date: /home/pi/amr_ws/src/install/teb_msgs/share/teb_msgs/local_setup.sh
[4.967s] -- Up-to-date: /home/pi/amr_ws/src/install/teb_msgs/share/teb_msgs/local_setup.zsh
[4.967s] -- Up-to-date: /home/pi/amr_ws/src/install/teb_msgs/share/teb_msgs/local_setup.dsv
[4.968s] -- Installing: /home/pi/amr_ws/src/install/teb_msgs/share/teb_msgs/package.dsv
[4.968s] -- Up-to-date: /home/pi/amr_ws/src/install/teb_msgs/share/ament_index/resource_index/packages/teb_msgs
[4.969s] -- Up-to-date: /home/pi/amr_ws/src/install/teb_msgs/share/teb_msgs/cmake/export_teb_msgs__rosidl_generator_cExport.cmake
[4.969s] -- Up-to-date: /home/pi/amr_ws/src/install/teb_msgs/share/teb_msgs/cmake/export_teb_msgs__rosidl_generator_cExport-noconfig.cmake
[4.970s] -- Up-to-date: /home/pi/amr_ws/src/install/teb_msgs/share/teb_msgs/cmake/export_teb_msgs__rosidl_typesupport_fastrtps_cExport.cmake
[4.971s] -- Up-to-date: /home/pi/amr_ws/src/install/teb_msgs/share/teb_msgs/cmake/export_teb_msgs__rosidl_typesupport_fastrtps_cExport-noconfig.cmake
[4.971s] -- Up-to-date: /home/pi/amr_ws/src/install/teb_msgs/share/teb_msgs/cmake/export_teb_msgs__rosidl_generator_cppExport.cmake
[4.974s] -- Up-to-date: /home/pi/amr_ws/src/install/teb_msgs/share/teb_msgs/cmake/export_teb_msgs__rosidl_typesupport_fastrtps_cppExport.cmake
[4.977s] -- Up-to-date: /home/pi/amr_ws/src/install/teb_msgs/share/teb_msgs/cmake/export_teb_msgs__rosidl_typesupport_fastrtps_cppExport-noconfig.cmake
[4.978s] -- Up-to-date: /home/pi/amr_ws/src/install/teb_msgs/share/teb_msgs/cmake/teb_msgs__rosidl_typesupport_introspection_cExport.cmake
[4.981s] -- Up-to-date: /home/pi/amr_ws/src/install/teb_msgs/share/teb_msgs/cmake/teb_msgs__rosidl_typesupport_introspection_cExport-noconfig.cmake
[4.983s] -- Up-to-date: /home/pi/amr_ws/src/install/teb_msgs/share/teb_msgs/cmake/teb_msgs__rosidl_typesupport_cExport.cmake
[4.985s] -- Up-to-date: /home/pi/amr_ws/src/install/teb_msgs/share/teb_msgs/cmake/teb_msgs__rosidl_typesupport_cExport-noconfig.cmake
[4.987s] -- Up-to-date: /home/pi/amr_ws/src/install/teb_msgs/share/teb_msgs/cmake/teb_msgs__rosidl_typesupport_introspection_cppExport.cmake
[4.989s] -- Up-to-date: /home/pi/amr_ws/src/install/teb_msgs/share/teb_msgs/cmake/teb_msgs__rosidl_typesupport_introspection_cppExport-noconfig.cmake
[4.990s] -- Up-to-date: /home/pi/amr_ws/src/install/teb_msgs/share/teb_msgs/cmake/teb_msgs__rosidl_typesupport_cppExport.cmake
[4.991s] -- Up-to-date: /home/pi/amr_ws/src/install/teb_msgs/share/teb_msgs/cmake/teb_msgs__rosidl_typesupport_cppExport-noconfig.cmake
[4.993s] -- Up-to-date: /home/pi/amr_ws/src/install/teb_msgs/share/teb_msgs/cmake/export_teb_msgs__rosidl_generator_pyExport.cmake
[4.994s] -- Up-to-date: /home/pi/amr_ws/src/install/teb_msgs/share/teb_msgs/cmake/export_teb_msgs__rosidl_generator_pyExport-noconfig.cmake
[5.019s] -- Up-to-date: /home/pi/amr_ws/src/install/teb_msgs/share/teb_msgs/cmake/rosidl_cmake-extras.cmake
[5.022s] -- Up-to-date: /home/pi/amr_ws/src/install/teb_msgs/share/teb_msgs/cmake/ament_cmake_export_dependencies-extras.cmake
[5.024s] -- Up-to-date: /home/pi/amr_ws/src/install/teb_msgs/share/teb_msgs/cmake/ament_cmake_export_include_directories-extras.cmake
[5.025s] -- Up-to-date: /home/pi/amr_ws/src/install/teb_msgs/share/teb_msgs/cmake/ament_cmake_export_libraries-extras.cmake
[5.026s] -- Up-to-date: /home/pi/amr_ws/src/install/teb_msgs/share/teb_msgs/cmake/ament_cmake_export_targets-extras.cmake
[5.027s] -- Up-to-date: /home/pi/amr_ws/src/install/teb_msgs/share/teb_msgs/cmake/rosidl_cmake_export_typesupport_targets-extras.cmake
[5.028s] -- Up-to-date: /home/pi/amr_ws/src/install/teb_msgs/share/teb_msgs/cmake/rosidl_cmake_export_typesupport_libraries-extras.cmake
[5.029s] -- Up-to-date: /home/pi/amr_ws/src/install/teb_msgs/share/teb_msgs/cmake/teb_msgsConfig.cmake
[5.031s] -- Up-to-date: /home/pi/amr_ws/src/install/teb_msgs/share/teb_msgs/cmake/teb_msgsConfig-version.cmake
[5.033s] -- Up-to-date: /home/pi/amr_ws/src/install/teb_msgs/share/teb_msgs/package.xml
[5.035s] Invoked command in '/home/pi/amr_ws/src/build/teb_msgs' returned '0': AMENT_PREFIX_PATH=/home/pi/amr_ws/src/install/costmap_converter_msgs:${AMENT_PREFIX_PATH} CMAKE_PREFIX_PATH=/home/pi/amr_ws/src/install/costmap_converter_msgs:/home/pi/amr_ws/install/witmotion_ros:/home/pi/amr_ws/install/sllidar_ros2:/home/pi/amr_ws/install/rplidar_ros2:/home/pi/amr_ws/install/micro_ros_setup:/home/pi/amr_ws/install/micro_ros_agent:/home/pi/amr_ws/install/micro_ros_msgs:/home/pi/amr_ws/install/ldlidar:/home/pi/amr_ws/install/foxglove_bridge:/home/pi/amr_ws/install/amr_interface:/home/pi/amr_ws/install/amr_control:/opt/ros/humble LD_LIBRARY_PATH=/home/pi/amr_ws/src/install/costmap_converter_msgs/lib:${LD_LIBRARY_PATH} PYTHONPATH=/home/pi/amr_ws/src/install/costmap_converter_msgs/local/lib/python3.10/dist-packages:${PYTHONPATH} /usr/bin/cmake --install /home/pi/amr_ws/src/build/teb_msgs
